<?xml version="1.0" encoding="UTF-8"?>
<coverage generated="1749634228777" clover="3.2.0">
  <project timestamp="1749634228777" name="All files">
    <metrics statements="99" coveredstatements="94" conditionals="46" coveredconditionals="38" methods="16" coveredmethods="16" elements="161" coveredelements="148" complexity="0" loc="99" ncloc="99" packages="1" files="3" classes="3"/>
    <file name="board.js" path="/Users/andrejryzikov/AI-Challenge/Task7/src/board.js">
      <metrics statements="60" coveredstatements="58" conditionals="25" coveredconditionals="22" methods="8" coveredmethods="8"/>
      <line num="1" count="2" type="stmt"/>
      <line num="5" count="12" type="stmt"/>
      <line num="6" count="12" type="stmt"/>
      <line num="7" count="12" type="stmt"/>
      <line num="8" count="12" type="stmt"/>
      <line num="9" count="12" type="stmt"/>
      <line num="13" count="12" type="stmt"/>
      <line num="14" count="12" type="stmt"/>
      <line num="15" count="120" type="stmt"/>
      <line num="16" count="120" type="stmt"/>
      <line num="17" count="1200" type="stmt"/>
      <line num="20" count="12" type="stmt"/>
      <line num="24" count="2" type="stmt"/>
      <line num="25" count="2" type="stmt"/>
      <line num="26" count="6" type="cond" truecount="2" falsecount="0"/>
      <line num="29" count="6" type="cond" truecount="2" falsecount="0"/>
      <line num="30" count="3" type="stmt"/>
      <line num="31" count="3" type="stmt"/>
      <line num="33" count="3" type="stmt"/>
      <line num="34" count="3" type="stmt"/>
      <line num="37" count="6" type="cond" truecount="1" falsecount="1"/>
      <line num="38" count="6" type="stmt"/>
      <line num="39" count="6" type="stmt"/>
      <line num="40" count="18" type="stmt"/>
      <line num="41" count="18" type="stmt"/>
      <line num="42" count="18" type="cond" truecount="2" falsecount="0"/>
      <line num="43" count="9" type="stmt"/>
      <line num="45" count="9" type="stmt"/>
      <line num="47" count="18" type="stmt"/>
      <line num="48" count="18" type="stmt"/>
      <line num="50" count="6" type="stmt"/>
      <line num="51" count="6" type="stmt"/>
      <line num="57" count="7" type="stmt"/>
      <line num="58" count="19" type="stmt"/>
      <line num="59" count="19" type="stmt"/>
      <line num="60" count="19" type="cond" truecount="2" falsecount="0"/>
      <line num="61" count="10" type="stmt"/>
      <line num="63" count="9" type="stmt"/>
      <line num="65" count="19" type="cond" truecount="2" falsecount="0"/>
      <line num="70" count="1" type="stmt"/>
      <line num="73" count="6" type="stmt"/>
      <line num="77" count="8" type="stmt"/>
      <line num="79" count="8" type="cond" truecount="2" falsecount="0"/>
      <line num="80" count="4" type="stmt"/>
      <line num="81" count="4" type="stmt"/>
      <line num="82" count="4" type="stmt"/>
      <line num="83" count="4" type="cond" truecount="2" falsecount="0"/>
      <line num="84" count="2" type="stmt"/>
      <line num="86" count="2" type="stmt"/>
      <line num="87" count="4" type="cond" truecount="1" falsecount="1"/>
      <line num="88" count="4" type="stmt"/>
      <line num="89" count="4" type="stmt"/>
      <line num="91" count="0" type="stmt"/>
      <line num="96" count="4" type="stmt"/>
      <line num="97" count="4" type="stmt"/>
      <line num="98" count="4" type="cond" truecount="3" falsecount="1"/>
      <line num="99" count="4" type="stmt"/>
      <line num="103" count="0" type="stmt"/>
      <line num="107" count="3" type="stmt"/>
      <line num="111" count="2" type="stmt"/>
    </file>
    <file name="player.js" path="/Users/andrejryzikov/AI-Challenge/Task7/src/player.js">
      <metrics statements="33" coveredstatements="30" conditionals="21" coveredconditionals="16" methods="5" coveredmethods="5"/>
      <line num="3" count="5" type="stmt"/>
      <line num="4" count="5" type="stmt"/>
      <line num="8" count="6" type="stmt"/>
      <line num="9" count="6" type="cond" truecount="2" falsecount="0"/>
      <line num="10" count="1" type="stmt"/>
      <line num="12" count="5" type="stmt"/>
      <line num="13" count="5" type="stmt"/>
      <line num="19" count="3" type="stmt"/>
      <line num="20" count="3" type="stmt"/>
      <line num="21" count="3" type="stmt"/>
      <line num="22" count="3" type="stmt"/>
      <line num="27" count="3" type="cond" truecount="2" falsecount="2"/>
      <line num="28" count="0" type="stmt"/>
      <line num="29" count="0" type="cond" truecount="0" falsecount="2"/>
      <line num="30" count="0" type="stmt"/>
      <line num="33" count="3" type="stmt"/>
      <line num="34" count="3" type="stmt"/>
      <line num="35" count="3" type="stmt"/>
      <line num="36" count="3" type="stmt"/>
      <line num="40" count="3" type="stmt"/>
      <line num="42" count="3" type="cond" truecount="4" falsecount="0"/>
      <line num="43" count="2" type="stmt"/>
      <line num="44" count="2" type="stmt"/>
      <line num="45" count="2" type="stmt"/>
      <line num="46" count="2" type="cond" truecount="2" falsecount="0"/>
      <line num="47" count="1" type="stmt"/>
      <line num="48" count="1" type="stmt"/>
      <line num="51" count="3" type="stmt"/>
      <line num="55" count="2" type="stmt"/>
      <line num="62" count="2" type="stmt"/>
      <line num="63" count="8" type="cond" truecount="1" falsecount="1"/>
      <line num="70" count="8" type="stmt"/>
      <line num="76" count="1" type="stmt"/>
    </file>
    <file name="ship.js" path="/Users/andrejryzikov/AI-Challenge/Task7/src/ship.js">
      <metrics statements="6" coveredstatements="6" conditionals="0" coveredconditionals="0" methods="3" coveredmethods="3"/>
      <line num="3" count="11" type="stmt"/>
      <line num="4" count="11" type="stmt"/>
      <line num="5" count="11" type="stmt"/>
      <line num="9" count="4" type="stmt"/>
      <line num="13" count="2" type="stmt"/>
      <line num="17" count="3" type="stmt"/>
    </file>
  </project>
</coverage>
