{"/Users/andrejryzikov/AI-Challenge/Task7/src/board.js": {"path":"/Users/andrejryzikov/AI-Challenge/Task7/src/board.js","statementMap":{"0":{"start":{"line":1,"column":17},"end":{"line":1,"column":37}},"1":{"start":{"line":5,"column":4},"end":{"line":5,"column":21}},"2":{"start":{"line":6,"column":4},"end":{"line":6,"column":29}},"3":{"start":{"line":7,"column":4},"end":{"line":7,"column":33}},"4":{"start":{"line":8,"column":4},"end":{"line":8,"column":34}},"5":{"start":{"line":9,"column":4},"end":{"line":9,"column":20}},"6":{"start":{"line":13,"column":17},"end":{"line":13,"column":19}},"7":{"start":{"line":14,"column":4},"end":{"line":19,"column":5}},"8":{"start":{"line":14,"column":17},"end":{"line":14,"column":18}},"9":{"start":{"line":15,"column":6},"end":{"line":15,"column":19}},"10":{"start":{"line":16,"column":6},"end":{"line":18,"column":7}},"11":{"start":{"line":16,"column":19},"end":{"line":16,"column":20}},"12":{"start":{"line":17,"column":8},"end":{"line":17,"column":25}},"13":{"start":{"line":20,"column":4},"end":{"line":20,"column":16}},"14":{"start":{"line":24,"column":22},"end":{"line":24,"column":23}},"15":{"start":{"line":25,"column":4},"end":{"line":53,"column":5}},"16":{"start":{"line":26,"column":26},"end":{"line":26,"column":73}},"17":{"start":{"line":29,"column":6},"end":{"line":35,"column":7}},"18":{"start":{"line":30,"column":8},"end":{"line":30,"column":52}},"19":{"start":{"line":31,"column":8},"end":{"line":31,"column":76}},"20":{"start":{"line":33,"column":8},"end":{"line":33,"column":76}},"21":{"start":{"line":34,"column":8},"end":{"line":34,"column":52}},"22":{"start":{"line":37,"column":6},"end":{"line":52,"column":7}},"23":{"start":{"line":38,"column":24},"end":{"line":38,"column":49}},"24":{"start":{"line":39,"column":8},"end":{"line":49,"column":9}},"25":{"start":{"line":39,"column":21},"end":{"line":39,"column":22}},"26":{"start":{"line":40,"column":28},"end":{"line":40,"column":31}},"27":{"start":{"line":41,"column":28},"end":{"line":41,"column":31}},"28":{"start":{"line":42,"column":10},"end":{"line":46,"column":11}},"29":{"start":{"line":43,"column":12},"end":{"line":43,"column":29}},"30":{"start":{"line":45,"column":12},"end":{"line":45,"column":29}},"31":{"start":{"line":47,"column":10},"end":{"line":47,"column":52}},"32":{"start":{"line":48,"column":10},"end":{"line":48,"column":73}},"33":{"start":{"line":50,"column":8},"end":{"line":50,"column":33}},"34":{"start":{"line":51,"column":8},"end":{"line":51,"column":22}},"35":{"start":{"line":57,"column":4},"end":{"line":72,"column":5}},"36":{"start":{"line":57,"column":17},"end":{"line":57,"column":18}},"37":{"start":{"line":58,"column":24},"end":{"line":58,"column":27}},"38":{"start":{"line":59,"column":24},"end":{"line":59,"column":27}},"39":{"start":{"line":60,"column":6},"end":{"line":64,"column":7}},"40":{"start":{"line":61,"column":8},"end":{"line":61,"column":25}},"41":{"start":{"line":63,"column":8},"end":{"line":63,"column":25}},"42":{"start":{"line":65,"column":6},"end":{"line":71,"column":7}},"43":{"start":{"line":70,"column":8},"end":{"line":70,"column":21}},"44":{"start":{"line":73,"column":4},"end":{"line":73,"column":16}},"45":{"start":{"line":77,"column":17},"end":{"line":77,"column":36}},"46":{"start":{"line":79,"column":4},"end":{"line":92,"column":5}},"47":{"start":{"line":80,"column":6},"end":{"line":80,"column":32}},"48":{"start":{"line":81,"column":19},"end":{"line":81,"column":43}},"49":{"start":{"line":82,"column":6},"end":{"line":82,"column":17}},"50":{"start":{"line":83,"column":6},"end":{"line":85,"column":7}},"51":{"start":{"line":84,"column":8},"end":{"line":84,"column":22}},"52":{"start":{"line":86,"column":6},"end":{"line":86,"column":19}},"53":{"start":{"line":87,"column":11},"end":{"line":92,"column":5}},"54":{"start":{"line":88,"column":6},"end":{"line":88,"column":32}},"55":{"start":{"line":89,"column":6},"end":{"line":89,"column":20}},"56":{"start":{"line":91,"column":6},"end":{"line":91,"column":23}},"57":{"start":{"line":96,"column":4},"end":{"line":102,"column":5}},"58":{"start":{"line":97,"column":6},"end":{"line":101,"column":7}},"59":{"start":{"line":98,"column":8},"end":{"line":100,"column":9}},"60":{"start":{"line":99,"column":10},"end":{"line":99,"column":22}},"61":{"start":{"line":103,"column":4},"end":{"line":103,"column":16}},"62":{"start":{"line":107,"column":4},"end":{"line":107,"column":53}},"63":{"start":{"line":107,"column":38},"end":{"line":107,"column":51}},"64":{"start":{"line":111,"column":0},"end":{"line":111,"column":27}}},"fnMap":{"0":{"name":"(anonymous_0)","decl":{"start":{"line":4,"column":2},"end":{"line":4,"column":3}},"loc":{"start":{"line":4,"column":42},"end":{"line":10,"column":3}},"line":4},"1":{"name":"(anonymous_1)","decl":{"start":{"line":12,"column":2},"end":{"line":12,"column":3}},"loc":{"start":{"line":12,"column":15},"end":{"line":21,"column":3}},"line":12},"2":{"name":"(anonymous_2)","decl":{"start":{"line":23,"column":2},"end":{"line":23,"column":3}},"loc":{"start":{"line":23,"column":23},"end":{"line":54,"column":3}},"line":23},"3":{"name":"(anonymous_3)","decl":{"start":{"line":56,"column":2},"end":{"line":56,"column":3}},"loc":{"start":{"line":56,"column":38},"end":{"line":74,"column":3}},"line":56},"4":{"name":"(anonymous_4)","decl":{"start":{"line":76,"column":2},"end":{"line":76,"column":3}},"loc":{"start":{"line":76,"column":25},"end":{"line":93,"column":3}},"line":76},"5":{"name":"(anonymous_5)","decl":{"start":{"line":95,"column":2},"end":{"line":95,"column":3}},"loc":{"start":{"line":95,"column":22},"end":{"line":104,"column":3}},"line":95},"6":{"name":"(anonymous_6)","decl":{"start":{"line":106,"column":2},"end":{"line":106,"column":3}},"loc":{"start":{"line":106,"column":17},"end":{"line":108,"column":3}},"line":106},"7":{"name":"(anonymous_7)","decl":{"start":{"line":107,"column":28},"end":{"line":107,"column":29}},"loc":{"start":{"line":107,"column":38},"end":{"line":107,"column":51}},"line":107}},"branchMap":{"0":{"loc":{"start":{"line":26,"column":26},"end":{"line":26,"column":73}},"type":"cond-expr","locations":[{"start":{"line":26,"column":48},"end":{"line":26,"column":60}},{"start":{"line":26,"column":63},"end":{"line":26,"column":73}}],"line":26},"1":{"loc":{"start":{"line":29,"column":6},"end":{"line":35,"column":7}},"type":"if","locations":[{"start":{"line":29,"column":6},"end":{"line":35,"column":7}},{"start":{"line":32,"column":13},"end":{"line":35,"column":7}}],"line":29},"2":{"loc":{"start":{"line":37,"column":6},"end":{"line":52,"column":7}},"type":"if","locations":[{"start":{"line":37,"column":6},"end":{"line":52,"column":7}},{"start":{},"end":{}}],"line":37},"3":{"loc":{"start":{"line":42,"column":10},"end":{"line":46,"column":11}},"type":"if","locations":[{"start":{"line":42,"column":10},"end":{"line":46,"column":11}},{"start":{"line":44,"column":17},"end":{"line":46,"column":11}}],"line":42},"4":{"loc":{"start":{"line":60,"column":6},"end":{"line":64,"column":7}},"type":"if","locations":[{"start":{"line":60,"column":6},"end":{"line":64,"column":7}},{"start":{"line":62,"column":13},"end":{"line":64,"column":7}}],"line":60},"5":{"loc":{"start":{"line":65,"column":6},"end":{"line":71,"column":7}},"type":"if","locations":[{"start":{"line":65,"column":6},"end":{"line":71,"column":7}},{"start":{},"end":{}}],"line":65},"6":{"loc":{"start":{"line":66,"column":8},"end":{"line":68,"column":51}},"type":"binary-expr","locations":[{"start":{"line":66,"column":8},"end":{"line":66,"column":32}},{"start":{"line":67,"column":8},"end":{"line":67,"column":32}},{"start":{"line":68,"column":8},"end":{"line":68,"column":51}}],"line":66},"7":{"loc":{"start":{"line":79,"column":4},"end":{"line":92,"column":5}},"type":"if","locations":[{"start":{"line":79,"column":4},"end":{"line":92,"column":5}},{"start":{"line":87,"column":11},"end":{"line":92,"column":5}}],"line":79},"8":{"loc":{"start":{"line":83,"column":6},"end":{"line":85,"column":7}},"type":"if","locations":[{"start":{"line":83,"column":6},"end":{"line":85,"column":7}},{"start":{},"end":{}}],"line":83},"9":{"loc":{"start":{"line":87,"column":11},"end":{"line":92,"column":5}},"type":"if","locations":[{"start":{"line":87,"column":11},"end":{"line":92,"column":5}},{"start":{"line":90,"column":11},"end":{"line":92,"column":5}}],"line":87},"10":{"loc":{"start":{"line":98,"column":8},"end":{"line":100,"column":9}},"type":"if","locations":[{"start":{"line":98,"column":8},"end":{"line":100,"column":9}},{"start":{},"end":{}}],"line":98},"11":{"loc":{"start":{"line":98,"column":12},"end":{"line":98,"column":56}},"type":"binary-expr","locations":[{"start":{"line":98,"column":12},"end":{"line":98,"column":32}},{"start":{"line":98,"column":36},"end":{"line":98,"column":56}}],"line":98}},"s":{"0":2,"1":12,"2":12,"3":12,"4":12,"5":12,"6":12,"7":12,"8":12,"9":120,"10":120,"11":120,"12":1200,"13":12,"14":2,"15":2,"16":7,"17":7,"18":2,"19":2,"20":5,"21":5,"22":7,"23":6,"24":6,"25":6,"26":18,"27":18,"28":18,"29":3,"30":15,"31":18,"32":18,"33":6,"34":6,"35":8,"36":8,"37":20,"38":20,"39":20,"40":5,"41":15,"42":20,"43":2,"44":6,"45":8,"46":8,"47":4,"48":4,"49":4,"50":4,"51":2,"52":2,"53":4,"54":4,"55":4,"56":0,"57":4,"58":4,"59":4,"60":4,"61":0,"62":1,"63":3,"64":2},"f":{"0":12,"1":12,"2":2,"3":8,"4":8,"5":4,"6":1,"7":3},"b":{"0":[2,5],"1":[2,5],"2":[6,1],"3":[3,15],"4":[5,15],"5":[2,18],"6":[20,20,20],"7":[4,4],"8":[2,2],"9":[4,0],"10":[4,0],"11":[4,4]},"_coverageSchema":"1a1c01bbd47fc00a2c39e90264f33305004495a9","hash":"c0320be96b17cd0e99a63c3866062f104d0e422a"}
,"/Users/andrejryzikov/AI-Challenge/Task7/src/player.js": {"path":"/Users/andrejryzikov/AI-Challenge/Task7/src/player.js","statementMap":{"0":{"start":{"line":3,"column":4},"end":{"line":3,"column":23}},"1":{"start":{"line":4,"column":4},"end":{"line":4,"column":29}},"2":{"start":{"line":8,"column":18},"end":{"line":8,"column":32}},"3":{"start":{"line":9,"column":4},"end":{"line":11,"column":5}},"4":{"start":{"line":10,"column":6},"end":{"line":10,"column":23}},"5":{"start":{"line":12,"column":4},"end":{"line":12,"column":28}},"6":{"start":{"line":13,"column":4},"end":{"line":13,"column":45}},"7":{"start":{"line":19,"column":4},"end":{"line":19,"column":17}},"8":{"start":{"line":20,"column":4},"end":{"line":20,"column":23}},"9":{"start":{"line":21,"column":4},"end":{"line":21,"column":26}},"10":{"start":{"line":22,"column":4},"end":{"line":22,"column":24}},"11":{"start":{"line":27,"column":4},"end":{"line":38,"column":5}},"12":{"start":{"line":28,"column":6},"end":{"line":28,"column":48}},"13":{"start":{"line":29,"column":6},"end":{"line":31,"column":7}},"14":{"start":{"line":30,"column":8},"end":{"line":30,"column":32}},"15":{"start":{"line":33,"column":6},"end":{"line":33,"column":25}},"16":{"start":{"line":34,"column":6},"end":{"line":37,"column":49}},"17":{"start":{"line":35,"column":8},"end":{"line":35,"column":58}},"18":{"start":{"line":36,"column":8},"end":{"line":36,"column":58}},"19":{"start":{"line":40,"column":19},"end":{"line":40,"column":44}},"20":{"start":{"line":42,"column":4},"end":{"line":50,"column":5}},"21":{"start":{"line":43,"column":6},"end":{"line":43,"column":27}},"22":{"start":{"line":44,"column":6},"end":{"line":44,"column":34}},"23":{"start":{"line":45,"column":6},"end":{"line":45,"column":40}},"24":{"start":{"line":46,"column":6},"end":{"line":49,"column":7}},"25":{"start":{"line":47,"column":8},"end":{"line":47,"column":30}},"26":{"start":{"line":48,"column":8},"end":{"line":48,"column":27}},"27":{"start":{"line":51,"column":4},"end":{"line":51,"column":32}},"28":{"start":{"line":55,"column":21},"end":{"line":60,"column":5}},"29":{"start":{"line":62,"column":4},"end":{"line":72,"column":5}},"30":{"start":{"line":63,"column":6},"end":{"line":71,"column":7}},"31":{"start":{"line":70,"column":8},"end":{"line":70,"column":50}},"32":{"start":{"line":76,"column":0},"end":{"line":76,"column":39}}},"fnMap":{"0":{"name":"(anonymous_0)","decl":{"start":{"line":2,"column":2},"end":{"line":2,"column":3}},"loc":{"start":{"line":2,"column":21},"end":{"line":5,"column":3}},"line":2},"1":{"name":"(anonymous_1)","decl":{"start":{"line":7,"column":2},"end":{"line":7,"column":3}},"loc":{"start":{"line":7,"column":22},"end":{"line":14,"column":3}},"line":7},"2":{"name":"(anonymous_2)","decl":{"start":{"line":18,"column":2},"end":{"line":18,"column":3}},"loc":{"start":{"line":18,"column":21},"end":{"line":23,"column":3}},"line":18},"3":{"name":"(anonymous_3)","decl":{"start":{"line":25,"column":2},"end":{"line":25,"column":3}},"loc":{"start":{"line":25,"column":14},"end":{"line":52,"column":3}},"line":25},"4":{"name":"(anonymous_4)","decl":{"start":{"line":54,"column":2},"end":{"line":54,"column":3}},"loc":{"start":{"line":54,"column":31},"end":{"line":73,"column":3}},"line":54}},"branchMap":{"0":{"loc":{"start":{"line":9,"column":4},"end":{"line":11,"column":5}},"type":"if","locations":[{"start":{"line":9,"column":4},"end":{"line":11,"column":5}},{"start":{},"end":{}}],"line":9},"1":{"loc":{"start":{"line":27,"column":4},"end":{"line":38,"column":5}},"type":"if","locations":[{"start":{"line":27,"column":4},"end":{"line":38,"column":5}},{"start":{"line":32,"column":11},"end":{"line":38,"column":5}}],"line":27},"2":{"loc":{"start":{"line":27,"column":8},"end":{"line":27,"column":61}},"type":"binary-expr","locations":[{"start":{"line":27,"column":8},"end":{"line":27,"column":30}},{"start":{"line":27,"column":34},"end":{"line":27,"column":61}}],"line":27},"3":{"loc":{"start":{"line":29,"column":6},"end":{"line":31,"column":7}},"type":"if","locations":[{"start":{"line":29,"column":6},"end":{"line":31,"column":7}},{"start":{},"end":{}}],"line":29},"4":{"loc":{"start":{"line":42,"column":4},"end":{"line":50,"column":5}},"type":"if","locations":[{"start":{"line":42,"column":4},"end":{"line":50,"column":5}},{"start":{},"end":{}}],"line":42},"5":{"loc":{"start":{"line":42,"column":8},"end":{"line":42,"column":45}},"type":"binary-expr","locations":[{"start":{"line":42,"column":8},"end":{"line":42,"column":24}},{"start":{"line":42,"column":28},"end":{"line":42,"column":45}}],"line":42},"6":{"loc":{"start":{"line":46,"column":6},"end":{"line":49,"column":7}},"type":"if","locations":[{"start":{"line":46,"column":6},"end":{"line":49,"column":7}},{"start":{},"end":{}}],"line":46},"7":{"loc":{"start":{"line":63,"column":6},"end":{"line":71,"column":7}},"type":"if","locations":[{"start":{"line":63,"column":6},"end":{"line":71,"column":7}},{"start":{},"end":{}}],"line":63},"8":{"loc":{"start":{"line":64,"column":8},"end":{"line":68,"column":37}},"type":"binary-expr","locations":[{"start":{"line":64,"column":8},"end":{"line":64,"column":14}},{"start":{"line":65,"column":8},"end":{"line":65,"column":27}},{"start":{"line":66,"column":8},"end":{"line":66,"column":14}},{"start":{"line":67,"column":8},"end":{"line":67,"column":27}},{"start":{"line":68,"column":8},"end":{"line":68,"column":37}}],"line":64}},"s":{"0":5,"1":5,"2":6,"3":6,"4":1,"5":5,"6":5,"7":3,"8":3,"9":3,"10":3,"11":3,"12":0,"13":0,"14":0,"15":3,"16":3,"17":3,"18":3,"19":3,"20":3,"21":2,"22":2,"23":2,"24":2,"25":1,"26":1,"27":3,"28":2,"29":2,"30":8,"31":8,"32":1},"f":{"0":5,"1":6,"2":3,"3":3,"4":2},"b":{"0":[1,5],"1":[0,3],"2":[3,0],"3":[0,0],"4":[2,1],"5":[3,2],"6":[1,1],"7":[8,0],"8":[8,8,8,8,8]},"_coverageSchema":"1a1c01bbd47fc00a2c39e90264f33305004495a9","hash":"517aa168f81b41faf3533ccf0bfce3a790c7bbc2"}
,"/Users/andrejryzikov/AI-Challenge/Task7/src/ship.js": {"path":"/Users/andrejryzikov/AI-Challenge/Task7/src/ship.js","statementMap":{"0":{"start":{"line":3,"column":4},"end":{"line":3,"column":25}},"1":{"start":{"line":4,"column":4},"end":{"line":4,"column":18}},"2":{"start":{"line":5,"column":4},"end":{"line":5,"column":24}},"3":{"start":{"line":9,"column":4},"end":{"line":9,"column":16}},"4":{"start":{"line":13,"column":4},"end":{"line":13,"column":36}},"5":{"start":{"line":17,"column":0},"end":{"line":17,"column":26}}},"fnMap":{"0":{"name":"(anonymous_0)","decl":{"start":{"line":2,"column":2},"end":{"line":2,"column":3}},"loc":{"start":{"line":2,"column":22},"end":{"line":6,"column":3}},"line":2},"1":{"name":"(anonymous_1)","decl":{"start":{"line":8,"column":2},"end":{"line":8,"column":3}},"loc":{"start":{"line":8,"column":8},"end":{"line":10,"column":3}},"line":8},"2":{"name":"(anonymous_2)","decl":{"start":{"line":12,"column":2},"end":{"line":12,"column":3}},"loc":{"start":{"line":12,"column":11},"end":{"line":14,"column":3}},"line":12}},"branchMap":{},"s":{"0":11,"1":11,"2":11,"3":4,"4":2,"5":3},"f":{"0":11,"1":4,"2":2},"b":{},"_coverageSchema":"1a1c01bbd47fc00a2c39e90264f33305004495a9","hash":"2e81d675f70e65b49149664f2d4126ca59cb839d"}
}
