TN:
SF:src/board.js
FN:4,(anonymous_0)
FN:12,(anonymous_1)
FN:23,(anonymous_2)
FN:56,(anonymous_3)
FN:76,(anonymous_4)
FN:95,(anonymous_5)
FN:106,(anonymous_6)
FN:107,(anonymous_7)
FNF:8
FNH:8
FNDA:12,(anonymous_0)
FNDA:12,(anonymous_1)
FNDA:2,(anonymous_2)
FNDA:8,(anonymous_3)
FNDA:8,(anonymous_4)
FNDA:4,(anonymous_5)
FNDA:1,(anonymous_6)
FNDA:3,(anonymous_7)
DA:1,2
DA:5,12
DA:6,12
DA:7,12
DA:8,12
DA:9,12
DA:13,12
DA:14,12
DA:15,120
DA:16,120
DA:17,1200
DA:20,12
DA:24,2
DA:25,2
DA:26,7
DA:29,7
DA:30,2
DA:31,2
DA:33,5
DA:34,5
DA:37,7
DA:38,6
DA:39,6
DA:40,18
DA:41,18
DA:42,18
DA:43,3
DA:45,15
DA:47,18
DA:48,18
DA:50,6
DA:51,6
DA:57,8
DA:58,20
DA:59,20
DA:60,20
DA:61,5
DA:63,15
DA:65,20
DA:70,2
DA:73,6
DA:77,8
DA:79,8
DA:80,4
DA:81,4
DA:82,4
DA:83,4
DA:84,2
DA:86,2
DA:87,4
DA:88,4
DA:89,4
DA:91,0
DA:96,4
DA:97,4
DA:98,4
DA:99,4
DA:103,0
DA:107,3
DA:111,2
LF:60
LH:58
BRDA:26,0,0,2
BRDA:26,0,1,5
BRDA:29,1,0,2
BRDA:29,1,1,5
BRDA:37,2,0,6
BRDA:37,2,1,1
BRDA:42,3,0,3
BRDA:42,3,1,15
BRDA:60,4,0,5
BRDA:60,4,1,15
BRDA:65,5,0,2
BRDA:65,5,1,18
BRDA:66,6,0,20
BRDA:66,6,1,20
BRDA:66,6,2,20
BRDA:79,7,0,4
BRDA:79,7,1,4
BRDA:83,8,0,2
BRDA:83,8,1,2
BRDA:87,9,0,4
BRDA:87,9,1,0
BRDA:98,10,0,4
BRDA:98,10,1,0
BRDA:98,11,0,4
BRDA:98,11,1,4
BRF:25
BRH:23
end_of_record
TN:
SF:src/player.js
FN:2,(anonymous_0)
FN:7,(anonymous_1)
FN:18,(anonymous_2)
FN:25,(anonymous_3)
FN:54,(anonymous_4)
FNF:5
FNH:5
FNDA:5,(anonymous_0)
FNDA:6,(anonymous_1)
FNDA:3,(anonymous_2)
FNDA:3,(anonymous_3)
FNDA:2,(anonymous_4)
DA:3,5
DA:4,5
DA:8,6
DA:9,6
DA:10,1
DA:12,5
DA:13,5
DA:19,3
DA:20,3
DA:21,3
DA:22,3
DA:27,3
DA:28,0
DA:29,0
DA:30,0
DA:33,3
DA:34,3
DA:35,3
DA:36,3
DA:40,3
DA:42,3
DA:43,2
DA:44,2
DA:45,2
DA:46,2
DA:47,1
DA:48,1
DA:51,3
DA:55,2
DA:62,2
DA:63,8
DA:70,8
DA:76,1
LF:33
LH:30
BRDA:9,0,0,1
BRDA:9,0,1,5
BRDA:27,1,0,0
BRDA:27,1,1,3
BRDA:27,2,0,3
BRDA:27,2,1,0
BRDA:29,3,0,0
BRDA:29,3,1,0
BRDA:42,4,0,2
BRDA:42,4,1,1
BRDA:42,5,0,3
BRDA:42,5,1,2
BRDA:46,6,0,1
BRDA:46,6,1,1
BRDA:63,7,0,8
BRDA:63,7,1,0
BRDA:64,8,0,8
BRDA:64,8,1,8
BRDA:64,8,2,8
BRDA:64,8,3,8
BRDA:64,8,4,8
BRF:21
BRH:16
end_of_record
TN:
SF:src/ship.js
FN:2,(anonymous_0)
FN:8,(anonymous_1)
FN:12,(anonymous_2)
FNF:3
FNH:3
FNDA:11,(anonymous_0)
FNDA:4,(anonymous_1)
FNDA:2,(anonymous_2)
DA:3,11
DA:4,11
DA:5,11
DA:9,4
DA:13,2
DA:17,3
LF:6
LH:6
BRF:0
BRH:0
end_of_record
