<?xml version="1.0" encoding="UTF-8"?>
<coverage generated="1749810809269" clover="3.2.0">
  <project timestamp="1749810809269" name="All files">
    <metrics statements="571" coveredstatements="534" conditionals="410" coveredconditionals="369" methods="152" coveredmethods="152" elements="1133" coveredelements="1055" complexity="0" loc="571" ncloc="571" packages="2" files="16" classes="16"/>
    <package name="src">
      <metrics statements="29" coveredstatements="29" conditionals="0" coveredconditionals="0" methods="14" coveredmethods="14"/>
      <file name="schema.js" path="/Users/andrejryzikov/AI-Challenge/Task8/src/schema.js">
        <metrics statements="29" coveredstatements="29" conditionals="0" coveredconditionals="0" methods="14" coveredmethods="14"/>
        <line num="1" count="1" type="stmt"/>
        <line num="2" count="1" type="stmt"/>
        <line num="3" count="1" type="stmt"/>
        <line num="4" count="1" type="stmt"/>
        <line num="5" count="1" type="stmt"/>
        <line num="6" count="1" type="stmt"/>
        <line num="7" count="1" type="stmt"/>
        <line num="8" count="1" type="stmt"/>
        <line num="9" count="1" type="stmt"/>
        <line num="10" count="1" type="stmt"/>
        <line num="11" count="1" type="stmt"/>
        <line num="12" count="1" type="stmt"/>
        <line num="13" count="1" type="stmt"/>
        <line num="14" count="1" type="stmt"/>
        <line num="19" count="17" type="stmt"/>
        <line num="23" count="12" type="stmt"/>
        <line num="27" count="4" type="stmt"/>
        <line num="31" count="6" type="stmt"/>
        <line num="35" count="5" type="stmt"/>
        <line num="39" count="7" type="stmt"/>
        <line num="43" count="4" type="stmt"/>
        <line num="47" count="4" type="stmt"/>
        <line num="51" count="5" type="stmt"/>
        <line num="55" count="17" type="stmt"/>
        <line num="59" count="8" type="stmt"/>
        <line num="63" count="19" type="stmt"/>
        <line num="67" count="19" type="stmt"/>
        <line num="71" count="6" type="stmt"/>
        <line num="75" count="1" type="stmt"/>
      </file>
    </package>
    <package name="src.validators">
      <metrics statements="542" coveredstatements="505" conditionals="410" coveredconditionals="369" methods="138" coveredmethods="138"/>
      <file name="ArrayValidator.js" path="/Users/andrejryzikov/AI-Challenge/Task8/src/validators/ArrayValidator.js">
        <metrics statements="30" coveredstatements="29" conditionals="14" coveredconditionals="13" methods="10" coveredmethods="10"/>
        <line num="1" count="1" type="stmt"/>
        <line num="5" count="7" type="stmt"/>
        <line num="6" count="7" type="stmt"/>
        <line num="7" count="14" type="stmt"/>
        <line num="11" count="14" type="cond" truecount="2" falsecount="0"/>
        <line num="12" count="5" type="stmt"/>
        <line num="17" count="9" type="stmt"/>
        <line num="18" count="9" type="stmt"/>
        <line num="19" count="18" type="stmt"/>
        <line num="20" count="18" type="cond" truecount="2" falsecount="0"/>
        <line num="21" count="1" type="stmt"/>
        <line num="24" count="9" type="cond" truecount="2" falsecount="0"/>
        <line num="25" count="1" type="stmt"/>
        <line num="30" count="8" type="stmt"/>
        <line num="34" count="1" type="stmt"/>
        <line num="35" count="2" type="cond" truecount="2" falsecount="0"/>
        <line num="36" count="1" type="stmt"/>
        <line num="41" count="1" type="stmt"/>
        <line num="43" count="1" type="stmt"/>
        <line num="47" count="1" type="stmt"/>
        <line num="48" count="2" type="cond" truecount="2" falsecount="0"/>
        <line num="49" count="1" type="stmt"/>
        <line num="54" count="1" type="stmt"/>
        <line num="56" count="1" type="stmt"/>
        <line num="60" count="1" type="stmt"/>
        <line num="61" count="1" type="cond" truecount="3" falsecount="1"/>
        <line num="62" count="0" type="stmt"/>
        <line num="67" count="1" type="stmt"/>
        <line num="69" count="1" type="stmt"/>
        <line num="73" count="1" type="stmt"/>
      </file>
      <file name="BaseValidator.js" path="/Users/andrejryzikov/AI-Challenge/Task8/src/validators/BaseValidator.js">
        <metrics statements="21" coveredstatements="20" conditionals="13" coveredconditionals="12" methods="6" coveredmethods="6"/>
        <line num="3" count="142" type="stmt"/>
        <line num="4" count="142" type="stmt"/>
        <line num="5" count="142" type="stmt"/>
        <line num="9" count="13" type="stmt"/>
        <line num="10" count="13" type="stmt"/>
        <line num="14" count="174" type="cond" truecount="5" falsecount="0"/>
        <line num="15" count="20" type="stmt"/>
        <line num="18" count="154" type="stmt"/>
        <line num="19" count="240" type="stmt"/>
        <line num="20" count="240" type="cond" truecount="2" falsecount="0"/>
        <line num="21" count="75" type="stmt"/>
        <line num="28" count="79" type="stmt"/>
        <line num="32" count="13" type="stmt"/>
        <line num="33" count="13" type="stmt"/>
        <line num="37" count="3" type="stmt"/>
        <line num="38" count="3" type="stmt"/>
        <line num="39" count="1" type="cond" truecount="3" falsecount="1"/>
        <line num="40" count="1" type="stmt"/>
        <line num="45" count="0" type="stmt"/>
        <line num="47" count="3" type="stmt"/>
        <line num="51" count="1" type="stmt"/>
      </file>
      <file name="BooleanValidator.js" path="/Users/andrejryzikov/AI-Challenge/Task8/src/validators/BooleanValidator.js">
        <metrics statements="12" coveredstatements="11" conditionals="6" coveredconditionals="5" methods="4" coveredmethods="4"/>
        <line num="1" count="1" type="stmt"/>
        <line num="5" count="4" type="stmt"/>
        <line num="6" count="4" type="stmt"/>
        <line num="10" count="11" type="cond" truecount="2" falsecount="0"/>
        <line num="11" count="6" type="stmt"/>
        <line num="16" count="5" type="stmt"/>
        <line num="20" count="1" type="stmt"/>
        <line num="21" count="2" type="cond" truecount="3" falsecount="1"/>
        <line num="22" count="0" type="stmt"/>
        <line num="27" count="2" type="stmt"/>
        <line num="29" count="1" type="stmt"/>
        <line num="33" count="1" type="stmt"/>
      </file>
      <file name="ColorValidator.js" path="/Users/andrejryzikov/AI-Challenge/Task8/src/validators/ColorValidator.js">
        <metrics statements="59" coveredstatements="55" conditionals="58" coveredconditionals="52" methods="10" coveredmethods="10"/>
        <line num="1" count="1" type="stmt"/>
        <line num="5" count="6" type="stmt"/>
        <line num="6" count="6" type="stmt"/>
        <line num="7" count="6" type="stmt"/>
        <line num="8" count="6" type="stmt"/>
        <line num="9" count="6" type="stmt"/>
        <line num="10" count="6" type="stmt"/>
        <line num="16" count="6" type="stmt"/>
        <line num="20" count="23" type="cond" truecount="4" falsecount="1"/>
        <line num="21" count="0" type="stmt"/>
        <line num="23" count="23" type="cond" truecount="1" falsecount="1"/>
        <line num="24" count="0" type="stmt"/>
        <line num="29" count="23" type="stmt"/>
        <line num="33" count="1" type="stmt"/>
        <line num="34" count="1" type="stmt"/>
        <line num="38" count="23" type="cond" truecount="4" falsecount="1"/>
        <line num="39" count="0" type="stmt"/>
        <line num="41" count="23" type="stmt"/>
        <line num="42" count="61" type="stmt"/>
        <line num="43" count="61" type="cond" truecount="4" falsecount="0"/>
        <line num="44" count="19" type="cond" truecount="4" falsecount="0"/>
        <line num="46" count="9" type="stmt"/>
        <line num="47" count="9" type="stmt"/>
        <line num="48" count="9" type="stmt"/>
        <line num="49" count="9" type="stmt"/>
        <line num="50" count="9" type="cond" truecount="5" falsecount="0"/>
        <line num="51" count="6" type="cond" truecount="2" falsecount="0"/>
        <line num="52" count="4" type="stmt"/>
        <line num="53" count="4" type="cond" truecount="4" falsecount="0"/>
        <line num="56" count="14" type="cond" truecount="2" falsecount="0"/>
        <line num="57" count="5" type="stmt"/>
        <line num="58" count="5" type="stmt"/>
        <line num="59" count="5" type="stmt"/>
        <line num="60" count="5" type="stmt"/>
        <line num="61" count="5" type="cond" truecount="5" falsecount="0"/>
        <line num="63" count="11" type="stmt"/>
        <line num="66" count="4" type="stmt"/>
        <line num="70" count="2" type="stmt"/>
        <line num="71" count="1" type="stmt"/>
        <line num="72" count="4" type="cond" truecount="5" falsecount="0"/>
        <line num="73" count="3" type="stmt"/>
        <line num="78" count="1" type="stmt"/>
        <line num="80" count="1" type="stmt"/>
        <line num="81" count="1" type="stmt"/>
        <line num="82" count="1" type="stmt"/>
        <line num="86" count="48" type="stmt"/>
        <line num="87" count="26" type="cond" truecount="2" falsecount="0"/>
        <line num="88" count="4" type="stmt"/>
        <line num="89" count="4" type="cond" truecount="2" falsecount="0"/>
        <line num="90" count="3" type="stmt"/>
        <line num="96" count="23" type="cond" truecount="4" falsecount="2"/>
        <line num="97" count="0" type="stmt"/>
        <line num="99" count="23" type="stmt"/>
        <line num="100" count="47" type="cond" truecount="2" falsecount="0"/>
        <line num="101" count="46" type="stmt"/>
        <line num="102" count="46" type="cond" truecount="2" falsecount="0"/>
        <line num="103" count="12" type="stmt"/>
        <line num="109" count="11" type="stmt"/>
        <line num="113" count="1" type="stmt"/>
      </file>
      <file name="CreditCardValidator.js" path="/Users/andrejryzikov/AI-Challenge/Task8/src/validators/CreditCardValidator.js">
        <metrics statements="62" coveredstatements="57" conditionals="51" coveredconditionals="46" methods="12" coveredmethods="12"/>
        <line num="1" count="1" type="stmt"/>
        <line num="5" count="8" type="stmt"/>
        <line num="7" count="8" type="stmt"/>
        <line num="9" count="8" type="stmt"/>
        <line num="12" count="8" type="stmt"/>
        <line num="20" count="8" type="stmt"/>
        <line num="21" count="18" type="cond" truecount="4" falsecount="1"/>
        <line num="22" count="0" type="stmt"/>
        <line num="26" count="18" type="stmt"/>
        <line num="29" count="18" type="cond" truecount="4" falsecount="0"/>
        <line num="30" count="1" type="stmt"/>
        <line num="37" count="17" type="cond" truecount="2" falsecount="0"/>
        <line num="38" count="2" type="stmt"/>
        <line num="44" count="15" type="stmt"/>
        <line num="49" count="18" type="cond" truecount="4" falsecount="1"/>
        <line num="50" count="0" type="stmt"/>
        <line num="52" count="18" type="cond" truecount="1" falsecount="1"/>
        <line num="53" count="0" type="stmt"/>
        <line num="58" count="18" type="stmt"/>
        <line num="63" count="17" type="stmt"/>
        <line num="64" count="17" type="stmt"/>
        <line num="67" count="17" type="stmt"/>
        <line num="68" count="270" type="stmt"/>
        <line num="70" count="270" type="cond" truecount="2" falsecount="0"/>
        <line num="71" count="134" type="stmt"/>
        <line num="72" count="134" type="cond" truecount="2" falsecount="0"/>
        <line num="73" count="37" type="stmt"/>
        <line num="77" count="270" type="stmt"/>
        <line num="78" count="270" type="stmt"/>
        <line num="81" count="17" type="stmt"/>
        <line num="86" count="3" type="cond" truecount="1" falsecount="1"/>
        <line num="87" count="0" type="stmt"/>
        <line num="90" count="3" type="stmt"/>
        <line num="91" count="6" type="cond" truecount="4" falsecount="1"/>
        <line num="92" count="0" type="stmt"/>
        <line num="95" count="6" type="stmt"/>
        <line num="96" count="6" type="cond" truecount="2" falsecount="0"/>
        <line num="97" count="3" type="stmt"/>
        <line num="102" count="3" type="stmt"/>
        <line num="104" count="3" type="stmt"/>
        <line num="108" count="4" type="stmt"/>
        <line num="109" count="2" type="stmt"/>
        <line num="110" count="4" type="cond" truecount="5" falsecount="0"/>
        <line num="111" count="3" type="stmt"/>
        <line num="116" count="1" type="stmt"/>
        <line num="118" count="2" type="stmt"/>
        <line num="119" count="2" type="stmt"/>
        <line num="120" count="2" type="stmt"/>
        <line num="124" count="48" type="stmt"/>
        <line num="125" count="23" type="cond" truecount="2" falsecount="0"/>
        <line num="126" count="4" type="stmt"/>
        <line num="127" count="4" type="cond" truecount="2" falsecount="0"/>
        <line num="128" count="3" type="stmt"/>
        <line num="134" count="20" type="cond" truecount="6" falsecount="0"/>
        <line num="135" count="2" type="stmt"/>
        <line num="137" count="18" type="stmt"/>
        <line num="138" count="43" type="cond" truecount="2" falsecount="0"/>
        <line num="139" count="42" type="stmt"/>
        <line num="140" count="42" type="cond" truecount="2" falsecount="0"/>
        <line num="141" count="6" type="stmt"/>
        <line num="147" count="12" type="stmt"/>
        <line num="151" count="1" type="stmt"/>
      </file>
      <file name="DateValidator.js" path="/Users/andrejryzikov/AI-Challenge/Task8/src/validators/DateValidator.js">
        <metrics statements="22" coveredstatements="21" conditionals="12" coveredconditionals="11" methods="8" coveredmethods="8"/>
        <line num="1" count="1" type="stmt"/>
        <line num="5" count="6" type="stmt"/>
        <line num="6" count="6" type="stmt"/>
        <line num="10" count="15" type="cond" truecount="4" falsecount="0"/>
        <line num="11" count="6" type="stmt"/>
        <line num="16" count="9" type="stmt"/>
        <line num="20" count="1" type="stmt"/>
        <line num="21" count="3" type="cond" truecount="2" falsecount="0"/>
        <line num="22" count="1" type="stmt"/>
        <line num="27" count="2" type="stmt"/>
        <line num="29" count="1" type="stmt"/>
        <line num="33" count="1" type="stmt"/>
        <line num="34" count="3" type="cond" truecount="2" falsecount="0"/>
        <line num="35" count="1" type="stmt"/>
        <line num="40" count="2" type="stmt"/>
        <line num="42" count="1" type="stmt"/>
        <line num="46" count="1" type="stmt"/>
        <line num="47" count="1" type="cond" truecount="3" falsecount="1"/>
        <line num="48" count="0" type="stmt"/>
        <line num="53" count="1" type="stmt"/>
        <line num="55" count="1" type="stmt"/>
        <line num="59" count="1" type="stmt"/>
      </file>
      <file name="EmailValidator.js" path="/Users/andrejryzikov/AI-Challenge/Task8/src/validators/EmailValidator.js">
        <metrics statements="8" coveredstatements="8" conditionals="2" coveredconditionals="2" methods="2" coveredmethods="2"/>
        <line num="1" count="1" type="stmt"/>
        <line num="5" count="4" type="stmt"/>
        <line num="7" count="4" type="stmt"/>
        <line num="8" count="4" type="stmt"/>
        <line num="9" count="8" type="cond" truecount="2" falsecount="0"/>
        <line num="10" count="4" type="stmt"/>
        <line num="15" count="4" type="stmt"/>
        <line num="20" count="1" type="stmt"/>
      </file>
      <file name="IPAddressValidator.js" path="/Users/andrejryzikov/AI-Challenge/Task8/src/validators/IPAddressValidator.js">
        <metrics statements="74" coveredstatements="69" conditionals="63" coveredconditionals="58" methods="16" coveredmethods="16"/>
        <line num="1" count="1" type="stmt"/>
        <line num="5" count="17" type="stmt"/>
        <line num="7" count="17" type="stmt"/>
        <line num="9" count="17" type="stmt"/>
        <line num="11" count="17" type="stmt"/>
        <line num="13" count="17" type="stmt"/>
        <line num="15" count="17" type="stmt"/>
        <line num="16" count="24" type="cond" truecount="5" falsecount="0"/>
        <line num="17" count="3" type="stmt"/>
        <line num="19" count="21" type="cond" truecount="4" falsecount="0"/>
        <line num="20" count="6" type="stmt"/>
        <line num="26" count="15" type="cond" truecount="2" falsecount="0"/>
        <line num="27" count="10" type="stmt"/>
        <line num="28" count="10" type="stmt"/>
        <line num="29" count="36" type="stmt"/>
        <line num="30" count="36" type="cond" truecount="4" falsecount="0"/>
        <line num="31" count="3" type="stmt"/>
        <line num="38" count="12" type="stmt"/>
        <line num="43" count="24" type="cond" truecount="5" falsecount="0"/>
        <line num="44" count="3" type="stmt"/>
        <line num="46" count="21" type="cond" truecount="1" falsecount="1"/>
        <line num="47" count="0" type="stmt"/>
        <line num="52" count="21" type="stmt"/>
        <line num="57" count="3" type="stmt"/>
        <line num="58" count="3" type="stmt"/>
        <line num="59" count="3" type="cond" truecount="3" falsecount="1"/>
        <line num="60" count="0" type="stmt"/>
        <line num="63" count="3" type="cond" truecount="2" falsecount="0"/>
        <line num="64" count="1" type="stmt"/>
        <line num="69" count="2" type="stmt"/>
        <line num="70" count="2" type="stmt"/>
        <line num="71" count="8" type="stmt"/>
        <line num="72" count="8" type="cond" truecount="3" falsecount="1"/>
        <line num="73" count="0" type="stmt"/>
        <line num="79" count="2" type="stmt"/>
        <line num="81" count="3" type="stmt"/>
        <line num="86" count="6" type="stmt"/>
        <line num="87" count="6" type="stmt"/>
        <line num="88" count="3" type="cond" truecount="3" falsecount="1"/>
        <line num="89" count="0" type="stmt"/>
        <line num="92" count="3" type="cond" truecount="2" falsecount="0"/>
        <line num="93" count="1" type="stmt"/>
        <line num="98" count="2" type="stmt"/>
        <line num="100" count="6" type="stmt"/>
        <line num="105" count="6" type="stmt"/>
        <line num="106" count="3" type="stmt"/>
        <line num="107" count="7" type="cond" truecount="5" falsecount="0"/>
        <line num="108" count="6" type="stmt"/>
        <line num="113" count="1" type="stmt"/>
        <line num="115" count="3" type="stmt"/>
        <line num="116" count="3" type="stmt"/>
        <line num="117" count="3" type="stmt"/>
        <line num="122" count="2" type="stmt"/>
        <line num="123" count="1" type="stmt"/>
        <line num="124" count="3" type="cond" truecount="4" falsecount="1"/>
        <line num="125" count="3" type="stmt"/>
        <line num="127" count="0" type="stmt"/>
        <line num="129" count="1" type="stmt"/>
        <line num="130" count="1" type="stmt"/>
        <line num="131" count="1" type="stmt"/>
        <line num="136" count="66" type="stmt"/>
        <line num="137" count="32" type="cond" truecount="2" falsecount="0"/>
        <line num="138" count="10" type="stmt"/>
        <line num="139" count="10" type="cond" truecount="2" falsecount="0"/>
        <line num="140" count="6" type="stmt"/>
        <line num="147" count="26" type="cond" truecount="6" falsecount="0"/>
        <line num="148" count="2" type="stmt"/>
        <line num="151" count="24" type="stmt"/>
        <line num="152" count="58" type="cond" truecount="2" falsecount="0"/>
        <line num="153" count="54" type="stmt"/>
        <line num="154" count="54" type="cond" truecount="2" falsecount="0"/>
        <line num="155" count="11" type="stmt"/>
        <line num="161" count="13" type="stmt"/>
        <line num="165" count="1" type="stmt"/>
      </file>
      <file name="NumberValidator.js" path="/Users/andrejryzikov/AI-Challenge/Task8/src/validators/NumberValidator.js">
        <metrics statements="37" coveredstatements="36" conditionals="18" coveredconditionals="17" methods="14" coveredmethods="14"/>
        <line num="1" count="1" type="stmt"/>
        <line num="5" count="12" type="stmt"/>
        <line num="6" count="12" type="stmt"/>
        <line num="10" count="33" type="cond" truecount="4" falsecount="0"/>
        <line num="11" count="8" type="stmt"/>
        <line num="16" count="25" type="stmt"/>
        <line num="20" count="2" type="stmt"/>
        <line num="21" count="9" type="cond" truecount="2" falsecount="0"/>
        <line num="22" count="2" type="stmt"/>
        <line num="27" count="7" type="stmt"/>
        <line num="29" count="2" type="stmt"/>
        <line num="33" count="1" type="stmt"/>
        <line num="34" count="3" type="cond" truecount="2" falsecount="0"/>
        <line num="35" count="1" type="stmt"/>
        <line num="40" count="2" type="stmt"/>
        <line num="42" count="1" type="stmt"/>
        <line num="46" count="1" type="stmt"/>
        <line num="47" count="2" type="cond" truecount="2" falsecount="0"/>
        <line num="48" count="1" type="stmt"/>
        <line num="53" count="1" type="stmt"/>
        <line num="55" count="1" type="stmt"/>
        <line num="59" count="1" type="stmt"/>
        <line num="60" count="3" type="cond" truecount="2" falsecount="0"/>
        <line num="61" count="2" type="stmt"/>
        <line num="66" count="1" type="stmt"/>
        <line num="68" count="1" type="stmt"/>
        <line num="72" count="1" type="stmt"/>
        <line num="73" count="3" type="cond" truecount="2" falsecount="0"/>
        <line num="74" count="2" type="stmt"/>
        <line num="79" count="1" type="stmt"/>
        <line num="81" count="1" type="stmt"/>
        <line num="85" count="3" type="stmt"/>
        <line num="86" count="3" type="cond" truecount="3" falsecount="1"/>
        <line num="87" count="0" type="stmt"/>
        <line num="92" count="3" type="stmt"/>
        <line num="94" count="3" type="stmt"/>
        <line num="98" count="1" type="stmt"/>
      </file>
      <file name="ObjectValidator.js" path="/Users/andrejryzikov/AI-Challenge/Task8/src/validators/ObjectValidator.js">
        <metrics statements="17" coveredstatements="16" conditionals="13" coveredconditionals="12" methods="3" coveredmethods="3"/>
        <line num="1" count="1" type="stmt"/>
        <line num="5" count="5" type="stmt"/>
        <line num="6" count="5" type="cond" truecount="3" falsecount="1"/>
        <line num="7" count="0" type="stmt"/>
        <line num="9" count="5" type="stmt"/>
        <line num="10" count="10" type="stmt"/>
        <line num="14" count="10" type="cond" truecount="5" falsecount="0"/>
        <line num="15" count="1" type="stmt"/>
        <line num="21" count="9" type="stmt"/>
        <line num="22" count="9" type="stmt"/>
        <line num="23" count="13" type="stmt"/>
        <line num="24" count="13" type="cond" truecount="2" falsecount="0"/>
        <line num="25" count="5" type="stmt"/>
        <line num="29" count="9" type="cond" truecount="2" falsecount="0"/>
        <line num="30" count="5" type="stmt"/>
        <line num="36" count="4" type="stmt"/>
        <line num="40" count="1" type="stmt"/>
      </file>
      <file name="PasswordValidator.js" path="/Users/andrejryzikov/AI-Challenge/Task8/src/validators/PasswordValidator.js">
        <metrics statements="97" coveredstatements="86" conditionals="91" coveredconditionals="78" methods="24" coveredmethods="24"/>
        <line num="1" count="1" type="stmt"/>
        <line num="5" count="19" type="stmt"/>
        <line num="7" count="19" type="stmt"/>
        <line num="9" count="19" type="stmt"/>
        <line num="12" count="19" type="stmt"/>
        <line num="21" count="46" type="cond" truecount="4" falsecount="1"/>
        <line num="22" count="0" type="stmt"/>
        <line num="24" count="46" type="cond" truecount="1" falsecount="1"/>
        <line num="25" count="0" type="stmt"/>
        <line num="30" count="46" type="stmt"/>
        <line num="35" count="6" type="stmt"/>
        <line num="36" count="21" type="cond" truecount="4" falsecount="1"/>
        <line num="37" count="0" type="stmt"/>
        <line num="39" count="21" type="cond" truecount="2" falsecount="0"/>
        <line num="40" count="6" type="stmt"/>
        <line num="45" count="15" type="stmt"/>
        <line num="47" count="6" type="stmt"/>
        <line num="52" count="4" type="stmt"/>
        <line num="53" count="11" type="cond" truecount="4" falsecount="1"/>
        <line num="54" count="0" type="stmt"/>
        <line num="56" count="11" type="cond" truecount="2" falsecount="0"/>
        <line num="57" count="3" type="stmt"/>
        <line num="62" count="8" type="stmt"/>
        <line num="64" count="4" type="stmt"/>
        <line num="69" count="4" type="stmt"/>
        <line num="70" count="16" type="cond" truecount="4" falsecount="1"/>
        <line num="71" count="0" type="stmt"/>
        <line num="73" count="16" type="cond" truecount="2" falsecount="0"/>
        <line num="74" count="2" type="stmt"/>
        <line num="79" count="14" type="stmt"/>
        <line num="81" count="4" type="stmt"/>
        <line num="86" count="4" type="stmt"/>
        <line num="87" count="16" type="cond" truecount="4" falsecount="1"/>
        <line num="88" count="0" type="stmt"/>
        <line num="90" count="16" type="cond" truecount="2" falsecount="0"/>
        <line num="91" count="4" type="stmt"/>
        <line num="96" count="12" type="stmt"/>
        <line num="98" count="4" type="stmt"/>
        <line num="103" count="4" type="stmt"/>
        <line num="104" count="13" type="cond" truecount="4" falsecount="1"/>
        <line num="105" count="0" type="stmt"/>
        <line num="107" count="13" type="cond" truecount="2" falsecount="0"/>
        <line num="108" count="4" type="stmt"/>
        <line num="113" count="9" type="stmt"/>
        <line num="115" count="4" type="stmt"/>
        <line num="120" count="4" type="stmt"/>
        <line num="121" count="10" type="cond" truecount="4" falsecount="1"/>
        <line num="122" count="0" type="stmt"/>
        <line num="124" count="10" type="cond" truecount="2" falsecount="0"/>
        <line num="125" count="4" type="stmt"/>
        <line num="130" count="6" type="stmt"/>
        <line num="132" count="4" type="stmt"/>
        <line num="137" count="4" type="stmt"/>
        <line num="138" count="8" type="cond" truecount="4" falsecount="1"/>
        <line num="139" count="0" type="stmt"/>
        <line num="141" count="8" type="stmt"/>
        <line num="142" count="8" type="cond" truecount="2" falsecount="0"/>
        <line num="143" count="2" type="stmt"/>
        <line num="148" count="6" type="stmt"/>
        <line num="150" count="4" type="stmt"/>
        <line num="155" count="4" type="stmt"/>
        <line num="156" count="9" type="cond" truecount="4" falsecount="1"/>
        <line num="157" count="0" type="stmt"/>
        <line num="161" count="9" type="stmt"/>
        <line num="162" count="9" type="stmt"/>
        <line num="163" count="42" type="stmt"/>
        <line num="164" count="42" type="cond" truecount="4" falsecount="0"/>
        <line num="166" count="5" type="stmt"/>
        <line num="174" count="4" type="stmt"/>
        <line num="175" count="4" type="stmt"/>
        <line num="176" count="96" type="stmt"/>
        <line num="177" count="96" type="cond" truecount="3" falsecount="1"/>
        <line num="179" count="0" type="stmt"/>
        <line num="186" count="4" type="stmt"/>
        <line num="188" count="4" type="stmt"/>
        <line num="192" count="19" type="stmt"/>
        <line num="193" count="4" type="stmt"/>
        <line num="194" count="19" type="cond" truecount="5" falsecount="0"/>
        <line num="195" count="6" type="stmt"/>
        <line num="200" count="13" type="stmt"/>
        <line num="202" count="4" type="stmt"/>
        <line num="203" count="4" type="stmt"/>
        <line num="204" count="4" type="stmt"/>
        <line num="208" count="109" type="stmt"/>
        <line num="209" count="55" type="cond" truecount="2" falsecount="0"/>
        <line num="210" count="19" type="stmt"/>
        <line num="211" count="19" type="cond" truecount="2" falsecount="0"/>
        <line num="212" count="6" type="stmt"/>
        <line num="218" count="49" type="cond" truecount="6" falsecount="0"/>
        <line num="219" count="3" type="stmt"/>
        <line num="221" count="46" type="stmt"/>
        <line num="222" count="163" type="cond" truecount="2" falsecount="0"/>
        <line num="223" count="150" type="stmt"/>
        <line num="224" count="150" type="cond" truecount="2" falsecount="0"/>
        <line num="225" count="30" type="stmt"/>
        <line num="231" count="16" type="stmt"/>
        <line num="235" count="1" type="stmt"/>
      </file>
      <file name="PhoneValidator.js" path="/Users/andrejryzikov/AI-Challenge/Task8/src/validators/PhoneValidator.js">
        <metrics statements="8" coveredstatements="8" conditionals="2" coveredconditionals="2" methods="2" coveredmethods="2"/>
        <line num="1" count="1" type="stmt"/>
        <line num="5" count="4" type="stmt"/>
        <line num="7" count="4" type="stmt"/>
        <line num="8" count="4" type="stmt"/>
        <line num="9" count="10" type="cond" truecount="2" falsecount="0"/>
        <line num="10" count="4" type="stmt"/>
        <line num="15" count="6" type="stmt"/>
        <line num="20" count="1" type="stmt"/>
      </file>
      <file name="StringValidator.js" path="/Users/andrejryzikov/AI-Challenge/Task8/src/validators/StringValidator.js">
        <metrics statements="27" coveredstatements="27" conditionals="13" coveredconditionals="13" methods="10" coveredmethods="10"/>
        <line num="1" count="1" type="stmt"/>
        <line num="5" count="99" type="stmt"/>
        <line num="6" count="99" type="stmt"/>
        <line num="10" count="69" type="cond" truecount="2" falsecount="0"/>
        <line num="11" count="13" type="stmt"/>
        <line num="16" count="56" type="stmt"/>
        <line num="20" count="1" type="stmt"/>
        <line num="21" count="2" type="cond" truecount="2" falsecount="0"/>
        <line num="22" count="1" type="stmt"/>
        <line num="27" count="1" type="stmt"/>
        <line num="29" count="1" type="stmt"/>
        <line num="33" count="1" type="stmt"/>
        <line num="34" count="2" type="cond" truecount="2" falsecount="0"/>
        <line num="35" count="1" type="stmt"/>
        <line num="40" count="1" type="stmt"/>
        <line num="42" count="1" type="stmt"/>
        <line num="46" count="1" type="stmt"/>
        <line num="47" count="2" type="cond" truecount="2" falsecount="0"/>
        <line num="48" count="1" type="stmt"/>
        <line num="53" count="1" type="stmt"/>
        <line num="55" count="1" type="stmt"/>
        <line num="59" count="9" type="stmt"/>
        <line num="60" count="12" type="cond" truecount="5" falsecount="0"/>
        <line num="61" count="1" type="stmt"/>
        <line num="66" count="11" type="stmt"/>
        <line num="68" count="9" type="stmt"/>
        <line num="72" count="1" type="stmt"/>
      </file>
      <file name="URLValidator.js" path="/Users/andrejryzikov/AI-Challenge/Task8/src/validators/URLValidator.js">
        <metrics statements="14" coveredstatements="14" conditionals="4" coveredconditionals="4" methods="4" coveredmethods="4"/>
        <line num="1" count="1" type="stmt"/>
        <line num="5" count="5" type="stmt"/>
        <line num="7" count="5" type="stmt"/>
        <line num="8" count="5" type="stmt"/>
        <line num="9" count="11" type="cond" truecount="2" falsecount="0"/>
        <line num="10" count="3" type="stmt"/>
        <line num="15" count="8" type="stmt"/>
        <line num="21" count="1" type="stmt"/>
        <line num="22" count="1" type="stmt"/>
        <line num="23" count="3" type="cond" truecount="2" falsecount="0"/>
        <line num="24" count="2" type="stmt"/>
        <line num="29" count="1" type="stmt"/>
        <line num="31" count="1" type="stmt"/>
        <line num="35" count="1" type="stmt"/>
      </file>
      <file name="UUIDValidator.js" path="/Users/andrejryzikov/AI-Challenge/Task8/src/validators/UUIDValidator.js">
        <metrics statements="54" coveredstatements="48" conditionals="50" coveredconditionals="44" methods="13" coveredmethods="13"/>
        <line num="1" count="1" type="stmt"/>
        <line num="5" count="19" type="stmt"/>
        <line num="7" count="19" type="stmt"/>
        <line num="9" count="19" type="stmt"/>
        <line num="12" count="19" type="stmt"/>
        <line num="20" count="19" type="stmt"/>
        <line num="21" count="27" type="cond" truecount="4" falsecount="1"/>
        <line num="22" count="0" type="stmt"/>
        <line num="24" count="27" type="cond" truecount="2" falsecount="0"/>
        <line num="25" count="7" type="stmt"/>
        <line num="30" count="20" type="stmt"/>
        <line num="35" count="27" type="cond" truecount="4" falsecount="1"/>
        <line num="36" count="0" type="stmt"/>
        <line num="38" count="27" type="cond" truecount="1" falsecount="1"/>
        <line num="39" count="0" type="stmt"/>
        <line num="44" count="27" type="stmt"/>
        <line num="49" count="10" type="cond" truecount="2" falsecount="0"/>
        <line num="50" count="1" type="stmt"/>
        <line num="53" count="9" type="stmt"/>
        <line num="54" count="13" type="cond" truecount="4" falsecount="1"/>
        <line num="55" count="0" type="stmt"/>
        <line num="57" count="13" type="cond" truecount="2" falsecount="0"/>
        <line num="58" count="8" type="stmt"/>
        <line num="63" count="5" type="stmt"/>
        <line num="65" count="9" type="stmt"/>
        <line num="70" count="1" type="stmt"/>
        <line num="71" count="3" type="cond" truecount="4" falsecount="1"/>
        <line num="72" count="0" type="stmt"/>
        <line num="74" count="3" type="cond" truecount="1" falsecount="1"/>
        <line num="75" count="0" type="stmt"/>
        <line num="80" count="3" type="stmt"/>
        <line num="82" count="1" type="stmt"/>
        <line num="86" count="4" type="stmt"/>
        <line num="87" count="2" type="stmt"/>
        <line num="88" count="7" type="cond" truecount="5" falsecount="0"/>
        <line num="89" count="6" type="stmt"/>
        <line num="94" count="1" type="stmt"/>
        <line num="96" count="2" type="stmt"/>
        <line num="97" count="2" type="stmt"/>
        <line num="98" count="2" type="stmt"/>
        <line num="102" count="84" type="stmt"/>
        <line num="103" count="36" type="cond" truecount="2" falsecount="0"/>
        <line num="104" count="7" type="stmt"/>
        <line num="105" count="7" type="cond" truecount="2" falsecount="0"/>
        <line num="106" count="6" type="stmt"/>
        <line num="112" count="30" type="cond" truecount="6" falsecount="0"/>
        <line num="113" count="3" type="stmt"/>
        <line num="115" count="27" type="stmt"/>
        <line num="116" count="71" type="cond" truecount="2" falsecount="0"/>
        <line num="117" count="70" type="stmt"/>
        <line num="118" count="70" type="cond" truecount="2" falsecount="0"/>
        <line num="119" count="15" type="stmt"/>
        <line num="125" count="12" type="stmt"/>
        <line num="129" count="1" type="stmt"/>
      </file>
    </package>
  </project>
</coverage>
