{"/Users/andrejryzikov/AI-Challenge/Task8/src/schema.js": {"path":"/Users/andrejryzikov/AI-Challenge/Task8/src/schema.js","statementMap":{"0":{"start":{"line":1,"column":24},"end":{"line":1,"column":63}},"1":{"start":{"line":2,"column":24},"end":{"line":2,"column":63}},"2":{"start":{"line":3,"column":25},"end":{"line":3,"column":65}},"3":{"start":{"line":4,"column":22},"end":{"line":4,"column":59}},"4":{"start":{"line":5,"column":24},"end":{"line":5,"column":63}},"5":{"start":{"line":6,"column":23},"end":{"line":6,"column":61}},"6":{"start":{"line":7,"column":23},"end":{"line":7,"column":61}},"7":{"start":{"line":8,"column":23},"end":{"line":8,"column":61}},"8":{"start":{"line":9,"column":21},"end":{"line":9,"column":57}},"9":{"start":{"line":10,"column":27},"end":{"line":10,"column":69}},"10":{"start":{"line":11,"column":28},"end":{"line":11,"column":71}},"11":{"start":{"line":12,"column":26},"end":{"line":12,"column":67}},"12":{"start":{"line":13,"column":23},"end":{"line":13,"column":61}},"13":{"start":{"line":18,"column":4},"end":{"line":18,"column":33}},"14":{"start":{"line":22,"column":4},"end":{"line":22,"column":33}},"15":{"start":{"line":26,"column":4},"end":{"line":26,"column":34}},"16":{"start":{"line":30,"column":4},"end":{"line":30,"column":31}},"17":{"start":{"line":34,"column":4},"end":{"line":34,"column":39}},"18":{"start":{"line":38,"column":4},"end":{"line":38,"column":45}},"19":{"start":{"line":42,"column":4},"end":{"line":42,"column":32}},"20":{"start":{"line":46,"column":4},"end":{"line":46,"column":32}},"21":{"start":{"line":50,"column":4},"end":{"line":50,"column":30}},"22":{"start":{"line":54,"column":4},"end":{"line":54,"column":36}},"23":{"start":{"line":58,"column":4},"end":{"line":58,"column":37}},"24":{"start":{"line":62,"column":4},"end":{"line":62,"column":35}},"25":{"start":{"line":66,"column":4},"end":{"line":66,"column":32}},"26":{"start":{"line":70,"column":0},"end":{"line":70,"column":28}}},"fnMap":{"0":{"name":"(anonymous_0)","decl":{"start":{"line":17,"column":2},"end":{"line":17,"column":3}},"loc":{"start":{"line":17,"column":18},"end":{"line":19,"column":3}},"line":17},"1":{"name":"(anonymous_1)","decl":{"start":{"line":21,"column":2},"end":{"line":21,"column":3}},"loc":{"start":{"line":21,"column":18},"end":{"line":23,"column":3}},"line":21},"2":{"name":"(anonymous_2)","decl":{"start":{"line":25,"column":2},"end":{"line":25,"column":3}},"loc":{"start":{"line":25,"column":19},"end":{"line":27,"column":3}},"line":25},"3":{"name":"(anonymous_3)","decl":{"start":{"line":29,"column":2},"end":{"line":29,"column":3}},"loc":{"start":{"line":29,"column":16},"end":{"line":31,"column":3}},"line":29},"4":{"name":"(anonymous_4)","decl":{"start":{"line":33,"column":2},"end":{"line":33,"column":3}},"loc":{"start":{"line":33,"column":24},"end":{"line":35,"column":3}},"line":33},"5":{"name":"(anonymous_5)","decl":{"start":{"line":37,"column":2},"end":{"line":37,"column":3}},"loc":{"start":{"line":37,"column":30},"end":{"line":39,"column":3}},"line":37},"6":{"name":"(anonymous_6)","decl":{"start":{"line":41,"column":2},"end":{"line":41,"column":3}},"loc":{"start":{"line":41,"column":17},"end":{"line":43,"column":3}},"line":41},"7":{"name":"(anonymous_7)","decl":{"start":{"line":45,"column":2},"end":{"line":45,"column":3}},"loc":{"start":{"line":45,"column":17},"end":{"line":47,"column":3}},"line":45},"8":{"name":"(anonymous_8)","decl":{"start":{"line":49,"column":2},"end":{"line":49,"column":3}},"loc":{"start":{"line":49,"column":15},"end":{"line":51,"column":3}},"line":49},"9":{"name":"(anonymous_9)","decl":{"start":{"line":53,"column":2},"end":{"line":53,"column":3}},"loc":{"start":{"line":53,"column":21},"end":{"line":55,"column":3}},"line":53},"10":{"name":"(anonymous_10)","decl":{"start":{"line":57,"column":2},"end":{"line":57,"column":3}},"loc":{"start":{"line":57,"column":22},"end":{"line":59,"column":3}},"line":57},"11":{"name":"(anonymous_11)","decl":{"start":{"line":61,"column":2},"end":{"line":61,"column":3}},"loc":{"start":{"line":61,"column":20},"end":{"line":63,"column":3}},"line":61},"12":{"name":"(anonymous_12)","decl":{"start":{"line":65,"column":2},"end":{"line":65,"column":3}},"loc":{"start":{"line":65,"column":17},"end":{"line":67,"column":3}},"line":65}},"branchMap":{},"s":{"0":1,"1":1,"2":1,"3":1,"4":1,"5":1,"6":1,"7":1,"8":1,"9":1,"10":1,"11":1,"12":1,"13":17,"14":12,"15":4,"16":6,"17":5,"18":7,"19":4,"20":4,"21":5,"22":17,"23":8,"24":19,"25":6,"26":1},"f":{"0":17,"1":12,"2":4,"3":6,"4":5,"5":7,"6":4,"7":4,"8":5,"9":17,"10":8,"11":19,"12":6},"b":{},"_coverageSchema":"1a1c01bbd47fc00a2c39e90264f33305004495a9","hash":"5ec16a1c33e661766e99f91299eabf222c7aedb8"}
,"/Users/andrejryzikov/AI-Challenge/Task8/src/validators/ArrayValidator.js": {"path":"/Users/andrejryzikov/AI-Challenge/Task8/src/validators/ArrayValidator.js","statementMap":{"0":{"start":{"line":1,"column":22},"end":{"line":1,"column":48}},"1":{"start":{"line":5,"column":4},"end":{"line":5,"column":12}},"2":{"start":{"line":6,"column":4},"end":{"line":6,"column":39}},"3":{"start":{"line":7,"column":4},"end":{"line":7,"column":58}},"4":{"start":{"line":7,"column":31},"end":{"line":7,"column":56}},"5":{"start":{"line":11,"column":4},"end":{"line":13,"column":5}},"6":{"start":{"line":12,"column":6},"end":{"line":12,"column":43}},"7":{"start":{"line":15,"column":4},"end":{"line":22,"column":5}},"8":{"start":{"line":16,"column":22},"end":{"line":16,"column":46}},"9":{"start":{"line":17,"column":6},"end":{"line":21,"column":8}},"10":{"start":{"line":24,"column":19},"end":{"line":24,"column":21}},"11":{"start":{"line":25,"column":4},"end":{"line":32,"column":7}},"12":{"start":{"line":26,"column":21},"end":{"line":26,"column":54}},"13":{"start":{"line":27,"column":6},"end":{"line":31,"column":7}},"14":{"start":{"line":28,"column":8},"end":{"line":30,"column":11}},"15":{"start":{"line":29,"column":10},"end":{"line":29,"column":48}},"16":{"start":{"line":34,"column":4},"end":{"line":40,"column":5}},"17":{"start":{"line":35,"column":6},"end":{"line":39,"column":8}},"18":{"start":{"line":42,"column":4},"end":{"line":42,"column":41}},"19":{"start":{"line":46,"column":4},"end":{"line":59,"column":7}},"20":{"start":{"line":47,"column":6},"end":{"line":49,"column":7}},"21":{"start":{"line":48,"column":8},"end":{"line":48,"column":45}},"22":{"start":{"line":50,"column":6},"end":{"line":57,"column":7}},"23":{"start":{"line":51,"column":24},"end":{"line":51,"column":66}},"24":{"start":{"line":52,"column":8},"end":{"line":56,"column":10}},"25":{"start":{"line":58,"column":6},"end":{"line":58,"column":43}},"26":{"start":{"line":60,"column":4},"end":{"line":60,"column":16}},"27":{"start":{"line":64,"column":4},"end":{"line":77,"column":7}},"28":{"start":{"line":65,"column":6},"end":{"line":67,"column":7}},"29":{"start":{"line":66,"column":8},"end":{"line":66,"column":45}},"30":{"start":{"line":68,"column":6},"end":{"line":75,"column":7}},"31":{"start":{"line":69,"column":24},"end":{"line":69,"column":65}},"32":{"start":{"line":70,"column":8},"end":{"line":74,"column":10}},"33":{"start":{"line":76,"column":6},"end":{"line":76,"column":43}},"34":{"start":{"line":78,"column":4},"end":{"line":78,"column":16}},"35":{"start":{"line":82,"column":4},"end":{"line":82,"column":28}},"36":{"start":{"line":83,"column":4},"end":{"line":83,"column":16}},"37":{"start":{"line":87,"column":4},"end":{"line":87,"column":21}},"38":{"start":{"line":88,"column":4},"end":{"line":88,"column":16}},"39":{"start":{"line":92,"column":4},"end":{"line":92,"column":31}},"40":{"start":{"line":93,"column":4},"end":{"line":93,"column":16}},"41":{"start":{"line":97,"column":0},"end":{"line":97,"column":32}}},"fnMap":{"0":{"name":"(anonymous_0)","decl":{"start":{"line":4,"column":2},"end":{"line":4,"column":3}},"loc":{"start":{"line":4,"column":29},"end":{"line":8,"column":3}},"line":4},"1":{"name":"(anonymous_1)","decl":{"start":{"line":7,"column":20},"end":{"line":7,"column":21}},"loc":{"start":{"line":7,"column":31},"end":{"line":7,"column":56}},"line":7},"2":{"name":"(anonymous_2)","decl":{"start":{"line":10,"column":2},"end":{"line":10,"column":3}},"loc":{"start":{"line":10,"column":23},"end":{"line":43,"column":3}},"line":10},"3":{"name":"(anonymous_3)","decl":{"start":{"line":25,"column":18},"end":{"line":25,"column":19}},"loc":{"start":{"line":25,"column":33},"end":{"line":32,"column":5}},"line":25},"4":{"name":"(anonymous_4)","decl":{"start":{"line":28,"column":30},"end":{"line":28,"column":31}},"loc":{"start":{"line":28,"column":39},"end":{"line":30,"column":9}},"line":28},"5":{"name":"(anonymous_5)","decl":{"start":{"line":45,"column":2},"end":{"line":45,"column":3}},"loc":{"start":{"line":45,"column":20},"end":{"line":61,"column":3}},"line":45},"6":{"name":"(anonymous_6)","decl":{"start":{"line":46,"column":20},"end":{"line":46,"column":21}},"loc":{"start":{"line":46,"column":31},"end":{"line":59,"column":5}},"line":46},"7":{"name":"(anonymous_7)","decl":{"start":{"line":63,"column":2},"end":{"line":63,"column":3}},"loc":{"start":{"line":63,"column":20},"end":{"line":79,"column":3}},"line":63},"8":{"name":"(anonymous_8)","decl":{"start":{"line":64,"column":20},"end":{"line":64,"column":21}},"loc":{"start":{"line":64,"column":31},"end":{"line":77,"column":5}},"line":64},"9":{"name":"(anonymous_9)","decl":{"start":{"line":81,"column":2},"end":{"line":81,"column":3}},"loc":{"start":{"line":81,"column":20},"end":{"line":84,"column":3}},"line":81},"10":{"name":"(anonymous_10)","decl":{"start":{"line":86,"column":2},"end":{"line":86,"column":3}},"loc":{"start":{"line":86,"column":13},"end":{"line":89,"column":3}},"line":86},"11":{"name":"(anonymous_11)","decl":{"start":{"line":91,"column":2},"end":{"line":91,"column":3}},"loc":{"start":{"line":91,"column":23},"end":{"line":94,"column":3}},"line":91}},"branchMap":{"0":{"loc":{"start":{"line":11,"column":4},"end":{"line":13,"column":5}},"type":"if","locations":[{"start":{"line":11,"column":4},"end":{"line":13,"column":5}},{"start":{},"end":{}}],"line":11},"1":{"loc":{"start":{"line":11,"column":8},"end":{"line":11,"column":61}},"type":"binary-expr","locations":[{"start":{"line":11,"column":8},"end":{"line":11,"column":22}},{"start":{"line":11,"column":26},"end":{"line":11,"column":45}},{"start":{"line":11,"column":49},"end":{"line":11,"column":61}}],"line":11},"2":{"loc":{"start":{"line":15,"column":4},"end":{"line":22,"column":5}},"type":"if","locations":[{"start":{"line":15,"column":4},"end":{"line":22,"column":5}},{"start":{},"end":{}}],"line":15},"3":{"loc":{"start":{"line":27,"column":6},"end":{"line":31,"column":7}},"type":"if","locations":[{"start":{"line":27,"column":6},"end":{"line":31,"column":7}},{"start":{},"end":{}}],"line":27},"4":{"loc":{"start":{"line":34,"column":4},"end":{"line":40,"column":5}},"type":"if","locations":[{"start":{"line":34,"column":4},"end":{"line":40,"column":5}},{"start":{},"end":{}}],"line":34},"5":{"loc":{"start":{"line":47,"column":6},"end":{"line":49,"column":7}},"type":"if","locations":[{"start":{"line":47,"column":6},"end":{"line":49,"column":7}},{"start":{},"end":{}}],"line":47},"6":{"loc":{"start":{"line":47,"column":10},"end":{"line":47,"column":63}},"type":"binary-expr","locations":[{"start":{"line":47,"column":10},"end":{"line":47,"column":24}},{"start":{"line":47,"column":28},"end":{"line":47,"column":47}},{"start":{"line":47,"column":51},"end":{"line":47,"column":63}}],"line":47},"7":{"loc":{"start":{"line":50,"column":6},"end":{"line":57,"column":7}},"type":"if","locations":[{"start":{"line":50,"column":6},"end":{"line":57,"column":7}},{"start":{},"end":{}}],"line":50},"8":{"loc":{"start":{"line":65,"column":6},"end":{"line":67,"column":7}},"type":"if","locations":[{"start":{"line":65,"column":6},"end":{"line":67,"column":7}},{"start":{},"end":{}}],"line":65},"9":{"loc":{"start":{"line":65,"column":10},"end":{"line":65,"column":63}},"type":"binary-expr","locations":[{"start":{"line":65,"column":10},"end":{"line":65,"column":24}},{"start":{"line":65,"column":28},"end":{"line":65,"column":47}},{"start":{"line":65,"column":51},"end":{"line":65,"column":63}}],"line":65},"10":{"loc":{"start":{"line":68,"column":6},"end":{"line":75,"column":7}},"type":"if","locations":[{"start":{"line":68,"column":6},"end":{"line":75,"column":7}},{"start":{},"end":{}}],"line":68}},"s":{"0":1,"1":7,"2":7,"3":7,"4":12,"5":12,"6":0,"7":12,"8":3,"9":3,"10":9,"11":9,"12":18,"13":18,"14":1,"15":1,"16":9,"17":1,"18":8,"19":1,"20":2,"21":0,"22":2,"23":1,"24":1,"25":1,"26":1,"27":1,"28":2,"29":0,"30":2,"31":1,"32":1,"33":1,"34":1,"35":1,"36":1,"37":1,"38":1,"39":1,"40":1,"41":1},"f":{"0":7,"1":12,"2":12,"3":18,"4":1,"5":1,"6":2,"7":1,"8":2,"9":1,"10":1,"11":1},"b":{"0":[0,12],"1":[12,12,12],"2":[3,9],"3":[1,17],"4":[1,8],"5":[0,2],"6":[2,2,2],"7":[1,1],"8":[0,2],"9":[2,2,2],"10":[1,1]},"_coverageSchema":"1a1c01bbd47fc00a2c39e90264f33305004495a9","hash":"8511f0e25c6da6a761c35745965b6342f5410c6c"}
,"/Users/andrejryzikov/AI-Challenge/Task8/src/validators/BaseValidator.js": {"path":"/Users/andrejryzikov/AI-Challenge/Task8/src/validators/BaseValidator.js","statementMap":{"0":{"start":{"line":3,"column":4},"end":{"line":3,"column":20}},"1":{"start":{"line":4,"column":4},"end":{"line":4,"column":28}},"2":{"start":{"line":5,"column":4},"end":{"line":5,"column":35}},"3":{"start":{"line":6,"column":4},"end":{"line":6,"column":47}},"4":{"start":{"line":10,"column":4},"end":{"line":24,"column":5}},"5":{"start":{"line":11,"column":6},"end":{"line":11,"column":28}},"6":{"start":{"line":12,"column":11},"end":{"line":24,"column":5}},"7":{"start":{"line":13,"column":6},"end":{"line":19,"column":9}},"8":{"start":{"line":14,"column":23},"end":{"line":14,"column":43}},"9":{"start":{"line":15,"column":8},"end":{"line":18,"column":10}},"10":{"start":{"line":21,"column":6},"end":{"line":23,"column":8}},"11":{"start":{"line":25,"column":4},"end":{"line":25,"column":16}},"12":{"start":{"line":29,"column":19},"end":{"line":29,"column":21}},"13":{"start":{"line":31,"column":4},"end":{"line":33,"column":5}},"14":{"start":{"line":32,"column":6},"end":{"line":32,"column":43}},"15":{"start":{"line":35,"column":4},"end":{"line":38,"column":5}},"16":{"start":{"line":36,"column":6},"end":{"line":36,"column":62}},"17":{"start":{"line":37,"column":6},"end":{"line":37,"column":40}},"18":{"start":{"line":40,"column":4},"end":{"line":54,"column":5}},"19":{"start":{"line":41,"column":21},"end":{"line":41,"column":32}},"20":{"start":{"line":42,"column":6},"end":{"line":53,"column":7}},"21":{"start":{"line":43,"column":8},"end":{"line":47,"column":9}},"22":{"start":{"line":44,"column":10},"end":{"line":44,"column":42}},"23":{"start":{"line":46,"column":10},"end":{"line":46,"column":44}},"24":{"start":{"line":48,"column":8},"end":{"line":52,"column":9}},"25":{"start":{"line":49,"column":10},"end":{"line":49,"column":40}},"26":{"start":{"line":50,"column":15},"end":{"line":52,"column":9}},"27":{"start":{"line":51,"column":10},"end":{"line":51,"column":37}},"28":{"start":{"line":56,"column":4},"end":{"line":56,"column":52}},"29":{"start":{"line":60,"column":4},"end":{"line":60,"column":27}},"30":{"start":{"line":61,"column":4},"end":{"line":63,"column":5}},"31":{"start":{"line":62,"column":6},"end":{"line":62,"column":37}},"32":{"start":{"line":64,"column":4},"end":{"line":64,"column":16}},"33":{"start":{"line":68,"column":4},"end":{"line":68,"column":28}},"34":{"start":{"line":69,"column":4},"end":{"line":69,"column":16}},"35":{"start":{"line":73,"column":4},"end":{"line":73,"column":33}},"36":{"start":{"line":74,"column":4},"end":{"line":74,"column":16}},"37":{"start":{"line":78,"column":0},"end":{"line":78,"column":31}}},"fnMap":{"0":{"name":"(anonymous_0)","decl":{"start":{"line":2,"column":2},"end":{"line":2,"column":3}},"loc":{"start":{"line":2,"column":16},"end":{"line":7,"column":3}},"line":2},"1":{"name":"(anonymous_1)","decl":{"start":{"line":9,"column":2},"end":{"line":9,"column":3}},"loc":{"start":{"line":9,"column":16},"end":{"line":26,"column":3}},"line":9},"2":{"name":"(anonymous_2)","decl":{"start":{"line":13,"column":22},"end":{"line":13,"column":23}},"loc":{"start":{"line":13,"column":31},"end":{"line":19,"column":7}},"line":13},"3":{"name":"(anonymous_3)","decl":{"start":{"line":28,"column":2},"end":{"line":28,"column":3}},"loc":{"start":{"line":28,"column":18},"end":{"line":57,"column":3}},"line":28},"4":{"name":"(anonymous_4)","decl":{"start":{"line":59,"column":2},"end":{"line":59,"column":3}},"loc":{"start":{"line":59,"column":20},"end":{"line":65,"column":3}},"line":59},"5":{"name":"(anonymous_5)","decl":{"start":{"line":67,"column":2},"end":{"line":67,"column":3}},"loc":{"start":{"line":67,"column":13},"end":{"line":70,"column":3}},"line":67},"6":{"name":"(anonymous_6)","decl":{"start":{"line":72,"column":2},"end":{"line":72,"column":3}},"loc":{"start":{"line":72,"column":23},"end":{"line":75,"column":3}},"line":72}},"branchMap":{"0":{"loc":{"start":{"line":10,"column":4},"end":{"line":24,"column":5}},"type":"if","locations":[{"start":{"line":10,"column":4},"end":{"line":24,"column":5}},{"start":{"line":12,"column":11},"end":{"line":24,"column":5}}],"line":10},"1":{"loc":{"start":{"line":12,"column":11},"end":{"line":24,"column":5}},"type":"if","locations":[{"start":{"line":12,"column":11},"end":{"line":24,"column":5}},{"start":{"line":20,"column":11},"end":{"line":24,"column":5}}],"line":12},"2":{"loc":{"start":{"line":12,"column":15},"end":{"line":12,"column":58}},"type":"binary-expr","locations":[{"start":{"line":12,"column":15},"end":{"line":12,"column":19}},{"start":{"line":12,"column":23},"end":{"line":12,"column":58}}],"line":12},"3":{"loc":{"start":{"line":31,"column":4},"end":{"line":33,"column":5}},"type":"if","locations":[{"start":{"line":31,"column":4},"end":{"line":33,"column":5}},{"start":{},"end":{}}],"line":31},"4":{"loc":{"start":{"line":31,"column":8},"end":{"line":31,"column":83}},"type":"binary-expr","locations":[{"start":{"line":31,"column":8},"end":{"line":31,"column":24}},{"start":{"line":31,"column":29},"end":{"line":31,"column":43}},{"start":{"line":31,"column":47},"end":{"line":31,"column":66}},{"start":{"line":31,"column":70},"end":{"line":31,"column":82}}],"line":31},"5":{"loc":{"start":{"line":35,"column":4},"end":{"line":38,"column":5}},"type":"if","locations":[{"start":{"line":35,"column":4},"end":{"line":38,"column":5}},{"start":{},"end":{}}],"line":35},"6":{"loc":{"start":{"line":35,"column":8},"end":{"line":35,"column":82}},"type":"binary-expr","locations":[{"start":{"line":35,"column":8},"end":{"line":35,"column":23}},{"start":{"line":35,"column":28},"end":{"line":35,"column":42}},{"start":{"line":35,"column":46},"end":{"line":35,"column":65}},{"start":{"line":35,"column":69},"end":{"line":35,"column":81}}],"line":35},"7":{"loc":{"start":{"line":36,"column":18},"end":{"line":36,"column":60}},"type":"binary-expr","locations":[{"start":{"line":36,"column":18},"end":{"line":36,"column":36}},{"start":{"line":36,"column":40},"end":{"line":36,"column":60}}],"line":36},"8":{"loc":{"start":{"line":42,"column":6},"end":{"line":53,"column":7}},"type":"if","locations":[{"start":{"line":42,"column":6},"end":{"line":53,"column":7}},{"start":{},"end":{}}],"line":42},"9":{"loc":{"start":{"line":42,"column":10},"end":{"line":42,"column":35}},"type":"binary-expr","locations":[{"start":{"line":42,"column":10},"end":{"line":42,"column":16}},{"start":{"line":42,"column":20},"end":{"line":42,"column":35}}],"line":42},"10":{"loc":{"start":{"line":43,"column":8},"end":{"line":47,"column":9}},"type":"if","locations":[{"start":{"line":43,"column":8},"end":{"line":47,"column":9}},{"start":{},"end":{}}],"line":43},"11":{"loc":{"start":{"line":48,"column":8},"end":{"line":52,"column":9}},"type":"if","locations":[{"start":{"line":48,"column":8},"end":{"line":52,"column":9}},{"start":{"line":50,"column":15},"end":{"line":52,"column":9}}],"line":48},"12":{"loc":{"start":{"line":50,"column":15},"end":{"line":52,"column":9}},"type":"if","locations":[{"start":{"line":50,"column":15},"end":{"line":52,"column":9}},{"start":{},"end":{}}],"line":50},"13":{"loc":{"start":{"line":61,"column":4},"end":{"line":63,"column":5}},"type":"if","locations":[{"start":{"line":61,"column":4},"end":{"line":63,"column":5}},{"start":{},"end":{}}],"line":61}},"s":{"0":123,"1":123,"2":123,"3":123,"4":52,"5":51,"6":1,"7":1,"8":0,"9":0,"10":0,"11":52,"12":270,"13":270,"14":29,"15":241,"16":32,"17":32,"18":209,"19":368,"20":368,"21":113,"22":12,"23":12,"24":101,"25":36,"26":65,"27":65,"28":197,"29":25,"30":25,"31":21,"32":25,"33":13,"34":13,"35":13,"36":13,"37":1},"f":{"0":123,"1":52,"2":0,"3":270,"4":25,"5":13,"6":13},"b":{"0":[51,1],"1":[1,0],"2":[1,1],"3":[29,241],"4":[270,217,204,191],"5":[32,209],"6":[241,53,39,27],"7":[32,32],"8":[113,255],"9":[368,368],"10":[12,101],"11":[36,65],"12":[65,0],"13":[21,4]},"_coverageSchema":"1a1c01bbd47fc00a2c39e90264f33305004495a9","hash":"56fb69b25ea6c76e228efa4df434f8e75c963f6d"}
,"/Users/andrejryzikov/AI-Challenge/Task8/src/validators/BooleanValidator.js": {"path":"/Users/andrejryzikov/AI-Challenge/Task8/src/validators/BooleanValidator.js","statementMap":{"0":{"start":{"line":1,"column":22},"end":{"line":1,"column":48}},"1":{"start":{"line":5,"column":4},"end":{"line":5,"column":12}},"2":{"start":{"line":6,"column":4},"end":{"line":6,"column":36}},"3":{"start":{"line":10,"column":4},"end":{"line":12,"column":5}},"4":{"start":{"line":11,"column":6},"end":{"line":11,"column":43}},"5":{"start":{"line":13,"column":4},"end":{"line":20,"column":5}},"6":{"start":{"line":14,"column":22},"end":{"line":14,"column":47}},"7":{"start":{"line":15,"column":6},"end":{"line":19,"column":8}},"8":{"start":{"line":21,"column":4},"end":{"line":21,"column":41}},"9":{"start":{"line":25,"column":4},"end":{"line":25,"column":28}},"10":{"start":{"line":26,"column":4},"end":{"line":26,"column":16}},"11":{"start":{"line":30,"column":4},"end":{"line":30,"column":21}},"12":{"start":{"line":31,"column":4},"end":{"line":31,"column":16}},"13":{"start":{"line":35,"column":4},"end":{"line":35,"column":31}},"14":{"start":{"line":36,"column":4},"end":{"line":36,"column":16}},"15":{"start":{"line":40,"column":0},"end":{"line":40,"column":34}}},"fnMap":{"0":{"name":"(anonymous_0)","decl":{"start":{"line":4,"column":2},"end":{"line":4,"column":3}},"loc":{"start":{"line":4,"column":16},"end":{"line":7,"column":3}},"line":4},"1":{"name":"(anonymous_1)","decl":{"start":{"line":9,"column":2},"end":{"line":9,"column":3}},"loc":{"start":{"line":9,"column":19},"end":{"line":22,"column":3}},"line":9},"2":{"name":"(anonymous_2)","decl":{"start":{"line":24,"column":2},"end":{"line":24,"column":3}},"loc":{"start":{"line":24,"column":44},"end":{"line":27,"column":3}},"line":24},"3":{"name":"(anonymous_3)","decl":{"start":{"line":29,"column":2},"end":{"line":29,"column":3}},"loc":{"start":{"line":29,"column":13},"end":{"line":32,"column":3}},"line":29},"4":{"name":"(anonymous_4)","decl":{"start":{"line":34,"column":2},"end":{"line":34,"column":3}},"loc":{"start":{"line":34,"column":23},"end":{"line":37,"column":3}},"line":34}},"branchMap":{"0":{"loc":{"start":{"line":10,"column":4},"end":{"line":12,"column":5}},"type":"if","locations":[{"start":{"line":10,"column":4},"end":{"line":12,"column":5}},{"start":{},"end":{}}],"line":10},"1":{"loc":{"start":{"line":10,"column":8},"end":{"line":10,"column":61}},"type":"binary-expr","locations":[{"start":{"line":10,"column":8},"end":{"line":10,"column":22}},{"start":{"line":10,"column":26},"end":{"line":10,"column":45}},{"start":{"line":10,"column":49},"end":{"line":10,"column":61}}],"line":10},"2":{"loc":{"start":{"line":13,"column":4},"end":{"line":20,"column":5}},"type":"if","locations":[{"start":{"line":13,"column":4},"end":{"line":20,"column":5}},{"start":{},"end":{}}],"line":13},"3":{"loc":{"start":{"line":24,"column":11},"end":{"line":24,"column":42}},"type":"default-arg","locations":[{"start":{"line":24,"column":21},"end":{"line":24,"column":42}}],"line":24}},"s":{"0":1,"1":4,"2":4,"3":9,"4":0,"5":9,"6":4,"7":4,"8":5,"9":1,"10":1,"11":1,"12":1,"13":1,"14":1,"15":1},"f":{"0":4,"1":9,"2":1,"3":1,"4":1},"b":{"0":[0,9],"1":[9,9,9],"2":[4,5],"3":[1]},"_coverageSchema":"1a1c01bbd47fc00a2c39e90264f33305004495a9","hash":"4652e1e7ce30ee06ce76768e7a5a589781981473"}
,"/Users/andrejryzikov/AI-Challenge/Task8/src/validators/ColorValidator.js": {"path":"/Users/andrejryzikov/AI-Challenge/Task8/src/validators/ColorValidator.js","statementMap":{"0":{"start":{"line":1,"column":22},"end":{"line":1,"column":48}},"1":{"start":{"line":5,"column":4},"end":{"line":5,"column":12}},"2":{"start":{"line":6,"column":4},"end":{"line":6,"column":54}},"3":{"start":{"line":7,"column":4},"end":{"line":7,"column":46}},"4":{"start":{"line":8,"column":4},"end":{"line":8,"column":58}},"5":{"start":{"line":8,"column":31},"end":{"line":8,"column":56}},"6":{"start":{"line":12,"column":4},"end":{"line":14,"column":5}},"7":{"start":{"line":13,"column":6},"end":{"line":13,"column":31}},"8":{"start":{"line":16,"column":4},"end":{"line":21,"column":5}},"9":{"start":{"line":17,"column":6},"end":{"line":20,"column":8}},"10":{"start":{"line":24,"column":4},"end":{"line":29,"column":5}},"11":{"start":{"line":25,"column":25},"end":{"line":25,"column":61}},"12":{"start":{"line":26,"column":6},"end":{"line":28,"column":7}},"13":{"start":{"line":27,"column":8},"end":{"line":27,"column":33}},"14":{"start":{"line":32,"column":4},"end":{"line":45,"column":5}},"15":{"start":{"line":33,"column":25},"end":{"line":33,"column":83}},"16":{"start":{"line":34,"column":23},"end":{"line":34,"column":46}},"17":{"start":{"line":35,"column":6},"end":{"line":44,"column":7}},"18":{"start":{"line":36,"column":28},"end":{"line":36,"column":36}},"19":{"start":{"line":37,"column":8},"end":{"line":39,"column":9}},"20":{"start":{"line":37,"column":35},"end":{"line":37,"column":85}},"21":{"start":{"line":38,"column":10},"end":{"line":38,"column":35}},"22":{"start":{"line":40,"column":8},"end":{"line":43,"column":10}},"23":{"start":{"line":48,"column":4},"end":{"line":68,"column":5}},"24":{"start":{"line":49,"column":26},"end":{"line":49,"column":105}},"25":{"start":{"line":50,"column":24},"end":{"line":50,"column":48}},"26":{"start":{"line":51,"column":6},"end":{"line":67,"column":7}},"27":{"start":{"line":52,"column":31},"end":{"line":52,"column":40}},"28":{"start":{"line":53,"column":8},"end":{"line":62,"column":9}},"29":{"start":{"line":53,"column":35},"end":{"line":53,"column":85}},"30":{"start":{"line":54,"column":24},"end":{"line":54,"column":37}},"31":{"start":{"line":55,"column":10},"end":{"line":57,"column":11}},"32":{"start":{"line":56,"column":12},"end":{"line":56,"column":37}},"33":{"start":{"line":58,"column":10},"end":{"line":61,"column":12}},"34":{"start":{"line":63,"column":8},"end":{"line":66,"column":10}},"35":{"start":{"line":71,"column":4},"end":{"line":86,"column":5}},"36":{"start":{"line":72,"column":25},"end":{"line":72,"column":85}},"37":{"start":{"line":73,"column":23},"end":{"line":73,"column":46}},"38":{"start":{"line":74,"column":6},"end":{"line":85,"column":7}},"39":{"start":{"line":75,"column":28},"end":{"line":75,"column":36}},"40":{"start":{"line":76,"column":8},"end":{"line":80,"column":9}},"41":{"start":{"line":79,"column":10},"end":{"line":79,"column":35}},"42":{"start":{"line":81,"column":8},"end":{"line":84,"column":10}},"43":{"start":{"line":88,"column":4},"end":{"line":91,"column":6}},"44":{"start":{"line":95,"column":4},"end":{"line":97,"column":5}},"45":{"start":{"line":96,"column":6},"end":{"line":96,"column":48}},"46":{"start":{"line":98,"column":25},"end":{"line":98,"column":94}},"47":{"start":{"line":98,"column":46},"end":{"line":98,"column":93}},"48":{"start":{"line":99,"column":4},"end":{"line":101,"column":5}},"49":{"start":{"line":100,"column":6},"end":{"line":100,"column":73}},"50":{"start":{"line":102,"column":4},"end":{"line":102,"column":61}},"51":{"start":{"line":102,"column":41},"end":{"line":102,"column":59}},"52":{"start":{"line":103,"column":4},"end":{"line":103,"column":16}},"53":{"start":{"line":107,"column":4},"end":{"line":107,"column":28}},"54":{"start":{"line":108,"column":4},"end":{"line":108,"column":16}},"55":{"start":{"line":112,"column":4},"end":{"line":112,"column":21}},"56":{"start":{"line":113,"column":4},"end":{"line":113,"column":16}},"57":{"start":{"line":117,"column":4},"end":{"line":117,"column":31}},"58":{"start":{"line":118,"column":4},"end":{"line":118,"column":16}},"59":{"start":{"line":122,"column":0},"end":{"line":122,"column":32}}},"fnMap":{"0":{"name":"(anonymous_0)","decl":{"start":{"line":4,"column":2},"end":{"line":4,"column":3}},"loc":{"start":{"line":4,"column":16},"end":{"line":9,"column":3}},"line":4},"1":{"name":"(anonymous_1)","decl":{"start":{"line":8,"column":20},"end":{"line":8,"column":21}},"loc":{"start":{"line":8,"column":31},"end":{"line":8,"column":56}},"line":8},"2":{"name":"(anonymous_2)","decl":{"start":{"line":11,"column":2},"end":{"line":11,"column":3}},"loc":{"start":{"line":11,"column":23},"end":{"line":92,"column":3}},"line":11},"3":{"name":"(anonymous_3)","decl":{"start":{"line":37,"column":28},"end":{"line":37,"column":29}},"loc":{"start":{"line":37,"column":35},"end":{"line":37,"column":85}},"line":37},"4":{"name":"(anonymous_4)","decl":{"start":{"line":53,"column":28},"end":{"line":53,"column":29}},"loc":{"start":{"line":53,"column":35},"end":{"line":53,"column":85}},"line":53},"5":{"name":"(anonymous_5)","decl":{"start":{"line":94,"column":2},"end":{"line":94,"column":3}},"loc":{"start":{"line":94,"column":22},"end":{"line":104,"column":3}},"line":94},"6":{"name":"(anonymous_6)","decl":{"start":{"line":98,"column":38},"end":{"line":98,"column":39}},"loc":{"start":{"line":98,"column":46},"end":{"line":98,"column":93}},"line":98},"7":{"name":"(anonymous_7)","decl":{"start":{"line":102,"column":33},"end":{"line":102,"column":34}},"loc":{"start":{"line":102,"column":41},"end":{"line":102,"column":59}},"line":102},"8":{"name":"(anonymous_8)","decl":{"start":{"line":106,"column":2},"end":{"line":106,"column":3}},"loc":{"start":{"line":106,"column":43},"end":{"line":109,"column":3}},"line":106},"9":{"name":"(anonymous_9)","decl":{"start":{"line":111,"column":2},"end":{"line":111,"column":3}},"loc":{"start":{"line":111,"column":13},"end":{"line":114,"column":3}},"line":111},"10":{"name":"(anonymous_10)","decl":{"start":{"line":116,"column":2},"end":{"line":116,"column":3}},"loc":{"start":{"line":116,"column":23},"end":{"line":119,"column":3}},"line":116}},"branchMap":{"0":{"loc":{"start":{"line":12,"column":4},"end":{"line":14,"column":5}},"type":"if","locations":[{"start":{"line":12,"column":4},"end":{"line":14,"column":5}},{"start":{},"end":{}}],"line":12},"1":{"loc":{"start":{"line":12,"column":8},"end":{"line":12,"column":61}},"type":"binary-expr","locations":[{"start":{"line":12,"column":8},"end":{"line":12,"column":22}},{"start":{"line":12,"column":26},"end":{"line":12,"column":45}},{"start":{"line":12,"column":49},"end":{"line":12,"column":61}}],"line":12},"2":{"loc":{"start":{"line":16,"column":4},"end":{"line":21,"column":5}},"type":"if","locations":[{"start":{"line":16,"column":4},"end":{"line":21,"column":5}},{"start":{},"end":{}}],"line":16},"3":{"loc":{"start":{"line":24,"column":4},"end":{"line":29,"column":5}},"type":"if","locations":[{"start":{"line":24,"column":4},"end":{"line":29,"column":5}},{"start":{},"end":{}}],"line":24},"4":{"loc":{"start":{"line":26,"column":6},"end":{"line":28,"column":7}},"type":"if","locations":[{"start":{"line":26,"column":6},"end":{"line":28,"column":7}},{"start":{},"end":{}}],"line":26},"5":{"loc":{"start":{"line":32,"column":4},"end":{"line":45,"column":5}},"type":"if","locations":[{"start":{"line":32,"column":4},"end":{"line":45,"column":5}},{"start":{},"end":{}}],"line":32},"6":{"loc":{"start":{"line":35,"column":6},"end":{"line":44,"column":7}},"type":"if","locations":[{"start":{"line":35,"column":6},"end":{"line":44,"column":7}},{"start":{},"end":{}}],"line":35},"7":{"loc":{"start":{"line":37,"column":8},"end":{"line":39,"column":9}},"type":"if","locations":[{"start":{"line":37,"column":8},"end":{"line":39,"column":9}},{"start":{},"end":{}}],"line":37},"8":{"loc":{"start":{"line":37,"column":35},"end":{"line":37,"column":85}},"type":"binary-expr","locations":[{"start":{"line":37,"column":35},"end":{"line":37,"column":57}},{"start":{"line":37,"column":61},"end":{"line":37,"column":85}}],"line":37},"9":{"loc":{"start":{"line":48,"column":4},"end":{"line":68,"column":5}},"type":"if","locations":[{"start":{"line":48,"column":4},"end":{"line":68,"column":5}},{"start":{},"end":{}}],"line":48},"10":{"loc":{"start":{"line":51,"column":6},"end":{"line":67,"column":7}},"type":"if","locations":[{"start":{"line":51,"column":6},"end":{"line":67,"column":7}},{"start":{},"end":{}}],"line":51},"11":{"loc":{"start":{"line":53,"column":8},"end":{"line":62,"column":9}},"type":"if","locations":[{"start":{"line":53,"column":8},"end":{"line":62,"column":9}},{"start":{},"end":{}}],"line":53},"12":{"loc":{"start":{"line":53,"column":35},"end":{"line":53,"column":85}},"type":"binary-expr","locations":[{"start":{"line":53,"column":35},"end":{"line":53,"column":57}},{"start":{"line":53,"column":61},"end":{"line":53,"column":85}}],"line":53},"13":{"loc":{"start":{"line":55,"column":10},"end":{"line":57,"column":11}},"type":"if","locations":[{"start":{"line":55,"column":10},"end":{"line":57,"column":11}},{"start":{},"end":{}}],"line":55},"14":{"loc":{"start":{"line":55,"column":14},"end":{"line":55,"column":38}},"type":"binary-expr","locations":[{"start":{"line":55,"column":14},"end":{"line":55,"column":24}},{"start":{"line":55,"column":28},"end":{"line":55,"column":38}}],"line":55},"15":{"loc":{"start":{"line":71,"column":4},"end":{"line":86,"column":5}},"type":"if","locations":[{"start":{"line":71,"column":4},"end":{"line":86,"column":5}},{"start":{},"end":{}}],"line":71},"16":{"loc":{"start":{"line":74,"column":6},"end":{"line":85,"column":7}},"type":"if","locations":[{"start":{"line":74,"column":6},"end":{"line":85,"column":7}},{"start":{},"end":{}}],"line":74},"17":{"loc":{"start":{"line":76,"column":8},"end":{"line":80,"column":9}},"type":"if","locations":[{"start":{"line":76,"column":8},"end":{"line":80,"column":9}},{"start":{},"end":{}}],"line":76},"18":{"loc":{"start":{"line":76,"column":12},"end":{"line":78,"column":58}},"type":"binary-expr","locations":[{"start":{"line":76,"column":12},"end":{"line":76,"column":32}},{"start":{"line":76,"column":36},"end":{"line":76,"column":58}},{"start":{"line":77,"column":12},"end":{"line":77,"column":32}},{"start":{"line":77,"column":36},"end":{"line":77,"column":58}},{"start":{"line":78,"column":12},"end":{"line":78,"column":32}},{"start":{"line":78,"column":36},"end":{"line":78,"column":58}}],"line":76},"19":{"loc":{"start":{"line":95,"column":4},"end":{"line":97,"column":5}},"type":"if","locations":[{"start":{"line":95,"column":4},"end":{"line":97,"column":5}},{"start":{},"end":{}}],"line":95},"20":{"loc":{"start":{"line":99,"column":4},"end":{"line":101,"column":5}},"type":"if","locations":[{"start":{"line":99,"column":4},"end":{"line":101,"column":5}},{"start":{},"end":{}}],"line":99},"21":{"loc":{"start":{"line":106,"column":11},"end":{"line":106,"column":41}},"type":"default-arg","locations":[{"start":{"line":106,"column":21},"end":{"line":106,"column":41}}],"line":106}},"s":{"0":1,"1":6,"2":6,"3":6,"4":6,"5":20,"6":20,"7":0,"8":20,"9":0,"10":20,"11":20,"12":20,"13":5,"14":15,"15":14,"16":14,"17":14,"18":4,"19":4,"20":10,"21":2,"22":2,"23":11,"24":10,"25":10,"26":10,"27":3,"28":3,"29":7,"30":2,"31":2,"32":2,"33":0,"34":1,"35":8,"36":7,"37":7,"38":7,"39":4,"40":4,"41":2,"42":2,"43":4,"44":1,"45":0,"46":1,"47":1,"48":1,"49":0,"50":1,"51":1,"52":1,"53":1,"54":1,"55":0,"56":0,"57":0,"58":0,"59":1},"f":{"0":6,"1":20,"2":20,"3":10,"4":7,"5":1,"6":1,"7":1,"8":1,"9":0,"10":0},"b":{"0":[0,20],"1":[20,20,20],"2":[0,20],"3":[20,0],"4":[5,15],"5":[14,1],"6":[4,10],"7":[2,2],"8":[10,10],"9":[10,1],"10":[3,7],"11":[2,1],"12":[7,7],"13":[2,0],"14":[2,2],"15":[7,1],"16":[4,3],"17":[2,2],"18":[4,4,3,3,2,2],"19":[0,1],"20":[0,1],"21":[0]},"_coverageSchema":"1a1c01bbd47fc00a2c39e90264f33305004495a9","hash":"fd474f4df2fc1b7ca87e21aa4cc9a016870e39a3"}
,"/Users/andrejryzikov/AI-Challenge/Task8/src/validators/CreditCardValidator.js": {"path":"/Users/andrejryzikov/AI-Challenge/Task8/src/validators/CreditCardValidator.js","statementMap":{"0":{"start":{"line":1,"column":24},"end":{"line":1,"column":52}},"1":{"start":{"line":5,"column":4},"end":{"line":5,"column":12}},"2":{"start":{"line":7,"column":4},"end":{"line":7,"column":70}},"3":{"start":{"line":7,"column":43},"end":{"line":7,"column":68}},"4":{"start":{"line":9,"column":4},"end":{"line":9,"column":39}},"5":{"start":{"line":12,"column":4},"end":{"line":18,"column":6}},"6":{"start":{"line":20,"column":4},"end":{"line":45,"column":7}},"7":{"start":{"line":21,"column":6},"end":{"line":23,"column":7}},"8":{"start":{"line":22,"column":8},"end":{"line":22,"column":33}},"9":{"start":{"line":26,"column":26},"end":{"line":26,"column":50}},"10":{"start":{"line":29,"column":6},"end":{"line":34,"column":7}},"11":{"start":{"line":30,"column":8},"end":{"line":33,"column":10}},"12":{"start":{"line":37,"column":6},"end":{"line":42,"column":7}},"13":{"start":{"line":38,"column":8},"end":{"line":41,"column":10}},"14":{"start":{"line":44,"column":6},"end":{"line":44,"column":31}},"15":{"start":{"line":49,"column":4},"end":{"line":51,"column":5}},"16":{"start":{"line":50,"column":6},"end":{"line":50,"column":31}},"17":{"start":{"line":52,"column":4},"end":{"line":57,"column":5}},"18":{"start":{"line":53,"column":6},"end":{"line":56,"column":8}},"19":{"start":{"line":58,"column":4},"end":{"line":58,"column":29}},"20":{"start":{"line":63,"column":14},"end":{"line":63,"column":15}},"21":{"start":{"line":64,"column":17},"end":{"line":64,"column":22}},"22":{"start":{"line":67,"column":4},"end":{"line":79,"column":5}},"23":{"start":{"line":67,"column":17},"end":{"line":67,"column":33}},"24":{"start":{"line":68,"column":18},"end":{"line":68,"column":43}},"25":{"start":{"line":70,"column":6},"end":{"line":75,"column":7}},"26":{"start":{"line":71,"column":8},"end":{"line":71,"column":19}},"27":{"start":{"line":72,"column":8},"end":{"line":74,"column":9}},"28":{"start":{"line":73,"column":10},"end":{"line":73,"column":21}},"29":{"start":{"line":77,"column":6},"end":{"line":77,"column":19}},"30":{"start":{"line":78,"column":6},"end":{"line":78,"column":23}},"31":{"start":{"line":81,"column":4},"end":{"line":81,"column":28}},"32":{"start":{"line":86,"column":4},"end":{"line":88,"column":5}},"33":{"start":{"line":87,"column":6},"end":{"line":87,"column":60}},"34":{"start":{"line":90,"column":4},"end":{"line":103,"column":7}},"35":{"start":{"line":91,"column":6},"end":{"line":93,"column":7}},"36":{"start":{"line":92,"column":8},"end":{"line":92,"column":33}},"37":{"start":{"line":95,"column":26},"end":{"line":95,"column":50}},"38":{"start":{"line":96,"column":6},"end":{"line":101,"column":7}},"39":{"start":{"line":97,"column":8},"end":{"line":100,"column":10}},"40":{"start":{"line":102,"column":6},"end":{"line":102,"column":31}},"41":{"start":{"line":104,"column":4},"end":{"line":104,"column":16}},"42":{"start":{"line":108,"column":4},"end":{"line":108,"column":67}},"43":{"start":{"line":108,"column":43},"end":{"line":108,"column":65}},"44":{"start":{"line":109,"column":25},"end":{"line":117,"column":5}},"45":{"start":{"line":110,"column":6},"end":{"line":115,"column":7}},"46":{"start":{"line":111,"column":8},"end":{"line":114,"column":10}},"47":{"start":{"line":116,"column":6},"end":{"line":116,"column":31}},"48":{"start":{"line":118,"column":4},"end":{"line":118,"column":41}},"49":{"start":{"line":119,"column":4},"end":{"line":119,"column":37}},"50":{"start":{"line":120,"column":4},"end":{"line":120,"column":16}},"51":{"start":{"line":124,"column":25},"end":{"line":124,"column":71}},"52":{"start":{"line":124,"column":49},"end":{"line":124,"column":70}},"53":{"start":{"line":125,"column":4},"end":{"line":133,"column":5}},"54":{"start":{"line":126,"column":21},"end":{"line":126,"column":40}},"55":{"start":{"line":127,"column":6},"end":{"line":132,"column":7}},"56":{"start":{"line":128,"column":8},"end":{"line":131,"column":10}},"57":{"start":{"line":134,"column":4},"end":{"line":136,"column":5}},"58":{"start":{"line":135,"column":6},"end":{"line":135,"column":31}},"59":{"start":{"line":137,"column":4},"end":{"line":146,"column":5}},"60":{"start":{"line":138,"column":6},"end":{"line":138,"column":42}},"61":{"start":{"line":138,"column":33},"end":{"line":138,"column":42}},"62":{"start":{"line":139,"column":21},"end":{"line":139,"column":32}},"63":{"start":{"line":140,"column":6},"end":{"line":145,"column":7}},"64":{"start":{"line":141,"column":8},"end":{"line":144,"column":10}},"65":{"start":{"line":147,"column":4},"end":{"line":147,"column":29}},"66":{"start":{"line":151,"column":0},"end":{"line":151,"column":37}}},"fnMap":{"0":{"name":"(anonymous_0)","decl":{"start":{"line":4,"column":2},"end":{"line":4,"column":3}},"loc":{"start":{"line":4,"column":16},"end":{"line":46,"column":3}},"line":4},"1":{"name":"(anonymous_1)","decl":{"start":{"line":7,"column":35},"end":{"line":7,"column":36}},"loc":{"start":{"line":7,"column":43},"end":{"line":7,"column":68}},"line":7},"2":{"name":"(anonymous_2)","decl":{"start":{"line":20,"column":20},"end":{"line":20,"column":21}},"loc":{"start":{"line":20,"column":31},"end":{"line":45,"column":5}},"line":20},"3":{"name":"(anonymous_3)","decl":{"start":{"line":48,"column":2},"end":{"line":48,"column":3}},"loc":{"start":{"line":48,"column":19},"end":{"line":59,"column":3}},"line":48},"4":{"name":"(anonymous_4)","decl":{"start":{"line":62,"column":2},"end":{"line":62,"column":3}},"loc":{"start":{"line":62,"column":19},"end":{"line":82,"column":3}},"line":62},"5":{"name":"(anonymous_5)","decl":{"start":{"line":85,"column":2},"end":{"line":85,"column":3}},"loc":{"start":{"line":85,"column":17},"end":{"line":105,"column":3}},"line":85},"6":{"name":"(anonymous_6)","decl":{"start":{"line":90,"column":20},"end":{"line":90,"column":21}},"loc":{"start":{"line":90,"column":31},"end":{"line":103,"column":5}},"line":90},"7":{"name":"(anonymous_7)","decl":{"start":{"line":107,"column":2},"end":{"line":107,"column":3}},"loc":{"start":{"line":107,"column":55},"end":{"line":121,"column":3}},"line":107},"8":{"name":"(anonymous_8)","decl":{"start":{"line":108,"column":35},"end":{"line":108,"column":36}},"loc":{"start":{"line":108,"column":43},"end":{"line":108,"column":65}},"line":108},"9":{"name":"(anonymous_9)","decl":{"start":{"line":109,"column":25},"end":{"line":109,"column":26}},"loc":{"start":{"line":109,"column":36},"end":{"line":117,"column":5}},"line":109},"10":{"name":"(anonymous_10)","decl":{"start":{"line":123,"column":2},"end":{"line":123,"column":3}},"loc":{"start":{"line":123,"column":18},"end":{"line":148,"column":3}},"line":123},"11":{"name":"(anonymous_11)","decl":{"start":{"line":124,"column":41},"end":{"line":124,"column":42}},"loc":{"start":{"line":124,"column":49},"end":{"line":124,"column":70}},"line":124}},"branchMap":{"0":{"loc":{"start":{"line":21,"column":6},"end":{"line":23,"column":7}},"type":"if","locations":[{"start":{"line":21,"column":6},"end":{"line":23,"column":7}},{"start":{},"end":{}}],"line":21},"1":{"loc":{"start":{"line":21,"column":10},"end":{"line":21,"column":63}},"type":"binary-expr","locations":[{"start":{"line":21,"column":10},"end":{"line":21,"column":24}},{"start":{"line":21,"column":28},"end":{"line":21,"column":47}},{"start":{"line":21,"column":51},"end":{"line":21,"column":63}}],"line":21},"2":{"loc":{"start":{"line":29,"column":6},"end":{"line":34,"column":7}},"type":"if","locations":[{"start":{"line":29,"column":6},"end":{"line":34,"column":7}},{"start":{},"end":{}}],"line":29},"3":{"loc":{"start":{"line":29,"column":10},"end":{"line":29,"column":60}},"type":"binary-expr","locations":[{"start":{"line":29,"column":10},"end":{"line":29,"column":33}},{"start":{"line":29,"column":37},"end":{"line":29,"column":60}}],"line":29},"4":{"loc":{"start":{"line":37,"column":6},"end":{"line":42,"column":7}},"type":"if","locations":[{"start":{"line":37,"column":6},"end":{"line":42,"column":7}},{"start":{},"end":{}}],"line":37},"5":{"loc":{"start":{"line":49,"column":4},"end":{"line":51,"column":5}},"type":"if","locations":[{"start":{"line":49,"column":4},"end":{"line":51,"column":5}},{"start":{},"end":{}}],"line":49},"6":{"loc":{"start":{"line":49,"column":8},"end":{"line":49,"column":61}},"type":"binary-expr","locations":[{"start":{"line":49,"column":8},"end":{"line":49,"column":22}},{"start":{"line":49,"column":26},"end":{"line":49,"column":45}},{"start":{"line":49,"column":49},"end":{"line":49,"column":61}}],"line":49},"7":{"loc":{"start":{"line":52,"column":4},"end":{"line":57,"column":5}},"type":"if","locations":[{"start":{"line":52,"column":4},"end":{"line":57,"column":5}},{"start":{},"end":{}}],"line":52},"8":{"loc":{"start":{"line":70,"column":6},"end":{"line":75,"column":7}},"type":"if","locations":[{"start":{"line":70,"column":6},"end":{"line":75,"column":7}},{"start":{},"end":{}}],"line":70},"9":{"loc":{"start":{"line":72,"column":8},"end":{"line":74,"column":9}},"type":"if","locations":[{"start":{"line":72,"column":8},"end":{"line":74,"column":9}},{"start":{},"end":{}}],"line":72},"10":{"loc":{"start":{"line":86,"column":4},"end":{"line":88,"column":5}},"type":"if","locations":[{"start":{"line":86,"column":4},"end":{"line":88,"column":5}},{"start":{},"end":{}}],"line":86},"11":{"loc":{"start":{"line":91,"column":6},"end":{"line":93,"column":7}},"type":"if","locations":[{"start":{"line":91,"column":6},"end":{"line":93,"column":7}},{"start":{},"end":{}}],"line":91},"12":{"loc":{"start":{"line":91,"column":10},"end":{"line":91,"column":63}},"type":"binary-expr","locations":[{"start":{"line":91,"column":10},"end":{"line":91,"column":24}},{"start":{"line":91,"column":28},"end":{"line":91,"column":47}},{"start":{"line":91,"column":51},"end":{"line":91,"column":63}}],"line":91},"13":{"loc":{"start":{"line":96,"column":6},"end":{"line":101,"column":7}},"type":"if","locations":[{"start":{"line":96,"column":6},"end":{"line":101,"column":7}},{"start":{},"end":{}}],"line":96},"14":{"loc":{"start":{"line":107,"column":11},"end":{"line":107,"column":53}},"type":"default-arg","locations":[{"start":{"line":107,"column":21},"end":{"line":107,"column":53}}],"line":107},"15":{"loc":{"start":{"line":110,"column":6},"end":{"line":115,"column":7}},"type":"if","locations":[{"start":{"line":110,"column":6},"end":{"line":115,"column":7}},{"start":{},"end":{}}],"line":110},"16":{"loc":{"start":{"line":110,"column":10},"end":{"line":110,"column":63}},"type":"binary-expr","locations":[{"start":{"line":110,"column":10},"end":{"line":110,"column":24}},{"start":{"line":110,"column":28},"end":{"line":110,"column":47}},{"start":{"line":110,"column":51},"end":{"line":110,"column":63}}],"line":110},"17":{"loc":{"start":{"line":125,"column":4},"end":{"line":133,"column":5}},"type":"if","locations":[{"start":{"line":125,"column":4},"end":{"line":133,"column":5}},{"start":{},"end":{}}],"line":125},"18":{"loc":{"start":{"line":127,"column":6},"end":{"line":132,"column":7}},"type":"if","locations":[{"start":{"line":127,"column":6},"end":{"line":132,"column":7}},{"start":{},"end":{}}],"line":127},"19":{"loc":{"start":{"line":134,"column":4},"end":{"line":136,"column":5}},"type":"if","locations":[{"start":{"line":134,"column":4},"end":{"line":136,"column":5}},{"start":{},"end":{}}],"line":134},"20":{"loc":{"start":{"line":134,"column":8},"end":{"line":134,"column":80}},"type":"binary-expr","locations":[{"start":{"line":134,"column":9},"end":{"line":134,"column":23}},{"start":{"line":134,"column":27},"end":{"line":134,"column":46}},{"start":{"line":134,"column":50},"end":{"line":134,"column":62}},{"start":{"line":134,"column":67},"end":{"line":134,"column":80}}],"line":134},"21":{"loc":{"start":{"line":138,"column":6},"end":{"line":138,"column":42}},"type":"if","locations":[{"start":{"line":138,"column":6},"end":{"line":138,"column":42}},{"start":{},"end":{}}],"line":138},"22":{"loc":{"start":{"line":140,"column":6},"end":{"line":145,"column":7}},"type":"if","locations":[{"start":{"line":140,"column":6},"end":{"line":145,"column":7}},{"start":{},"end":{}}],"line":140}},"s":{"0":1,"1":8,"2":8,"3":8,"4":8,"5":8,"6":8,"7":18,"8":0,"9":18,"10":18,"11":1,"12":17,"13":2,"14":15,"15":18,"16":0,"17":18,"18":0,"19":18,"20":17,"21":17,"22":17,"23":17,"24":270,"25":270,"26":134,"27":134,"28":37,"29":270,"30":270,"31":17,"32":3,"33":0,"34":3,"35":6,"36":0,"37":6,"38":6,"39":3,"40":3,"41":3,"42":2,"43":4,"44":2,"45":4,"46":3,"47":1,"48":2,"49":2,"50":2,"51":23,"52":48,"53":23,"54":4,"55":4,"56":3,"57":20,"58":2,"59":18,"60":43,"61":1,"62":42,"63":42,"64":6,"65":12,"66":1},"f":{"0":8,"1":8,"2":18,"3":18,"4":17,"5":3,"6":6,"7":2,"8":4,"9":4,"10":23,"11":48},"b":{"0":[0,18],"1":[18,18,18],"2":[1,17],"3":[18,17],"4":[2,15],"5":[0,18],"6":[18,18,18],"7":[0,18],"8":[134,136],"9":[37,97],"10":[0,3],"11":[0,6],"12":[6,6,6],"13":[3,3],"14":[1],"15":[3,1],"16":[4,2,1],"17":[4,19],"18":[3,1],"19":[2,18],"20":[20,19,18,2],"21":[1,42],"22":[6,36]},"_coverageSchema":"1a1c01bbd47fc00a2c39e90264f33305004495a9","hash":"e862dc4e00020ea3e9189a3a66bd4c4a0879d0dc"}
,"/Users/andrejryzikov/AI-Challenge/Task8/src/validators/DateValidator.js": {"path":"/Users/andrejryzikov/AI-Challenge/Task8/src/validators/DateValidator.js","statementMap":{"0":{"start":{"line":1,"column":22},"end":{"line":1,"column":48}},"1":{"start":{"line":5,"column":4},"end":{"line":5,"column":12}},"2":{"start":{"line":6,"column":4},"end":{"line":6,"column":36}},"3":{"start":{"line":10,"column":4},"end":{"line":12,"column":5}},"4":{"start":{"line":11,"column":6},"end":{"line":11,"column":43}},"5":{"start":{"line":13,"column":4},"end":{"line":20,"column":5}},"6":{"start":{"line":14,"column":22},"end":{"line":14,"column":57}},"7":{"start":{"line":15,"column":6},"end":{"line":19,"column":8}},"8":{"start":{"line":21,"column":4},"end":{"line":21,"column":41}},"9":{"start":{"line":25,"column":4},"end":{"line":38,"column":7}},"10":{"start":{"line":26,"column":6},"end":{"line":28,"column":7}},"11":{"start":{"line":27,"column":8},"end":{"line":27,"column":45}},"12":{"start":{"line":29,"column":6},"end":{"line":36,"column":7}},"13":{"start":{"line":30,"column":24},"end":{"line":30,"column":69}},"14":{"start":{"line":31,"column":8},"end":{"line":35,"column":10}},"15":{"start":{"line":37,"column":6},"end":{"line":37,"column":43}},"16":{"start":{"line":39,"column":4},"end":{"line":39,"column":16}},"17":{"start":{"line":43,"column":4},"end":{"line":56,"column":7}},"18":{"start":{"line":44,"column":6},"end":{"line":46,"column":7}},"19":{"start":{"line":45,"column":8},"end":{"line":45,"column":45}},"20":{"start":{"line":47,"column":6},"end":{"line":54,"column":7}},"21":{"start":{"line":48,"column":24},"end":{"line":48,"column":70}},"22":{"start":{"line":49,"column":8},"end":{"line":53,"column":10}},"23":{"start":{"line":55,"column":6},"end":{"line":55,"column":43}},"24":{"start":{"line":57,"column":4},"end":{"line":57,"column":16}},"25":{"start":{"line":61,"column":4},"end":{"line":61,"column":28}},"26":{"start":{"line":62,"column":4},"end":{"line":62,"column":16}},"27":{"start":{"line":66,"column":4},"end":{"line":66,"column":21}},"28":{"start":{"line":67,"column":4},"end":{"line":67,"column":16}},"29":{"start":{"line":71,"column":4},"end":{"line":71,"column":31}},"30":{"start":{"line":72,"column":4},"end":{"line":72,"column":16}},"31":{"start":{"line":76,"column":0},"end":{"line":76,"column":31}}},"fnMap":{"0":{"name":"(anonymous_0)","decl":{"start":{"line":4,"column":2},"end":{"line":4,"column":3}},"loc":{"start":{"line":4,"column":16},"end":{"line":7,"column":3}},"line":4},"1":{"name":"(anonymous_1)","decl":{"start":{"line":9,"column":2},"end":{"line":9,"column":3}},"loc":{"start":{"line":9,"column":19},"end":{"line":22,"column":3}},"line":9},"2":{"name":"(anonymous_2)","decl":{"start":{"line":24,"column":2},"end":{"line":24,"column":3}},"loc":{"start":{"line":24,"column":15},"end":{"line":40,"column":3}},"line":24},"3":{"name":"(anonymous_3)","decl":{"start":{"line":25,"column":20},"end":{"line":25,"column":21}},"loc":{"start":{"line":25,"column":31},"end":{"line":38,"column":5}},"line":25},"4":{"name":"(anonymous_4)","decl":{"start":{"line":42,"column":2},"end":{"line":42,"column":3}},"loc":{"start":{"line":42,"column":15},"end":{"line":58,"column":3}},"line":42},"5":{"name":"(anonymous_5)","decl":{"start":{"line":43,"column":20},"end":{"line":43,"column":21}},"loc":{"start":{"line":43,"column":31},"end":{"line":56,"column":5}},"line":43},"6":{"name":"(anonymous_6)","decl":{"start":{"line":60,"column":2},"end":{"line":60,"column":3}},"loc":{"start":{"line":60,"column":41},"end":{"line":63,"column":3}},"line":60},"7":{"name":"(anonymous_7)","decl":{"start":{"line":65,"column":2},"end":{"line":65,"column":3}},"loc":{"start":{"line":65,"column":13},"end":{"line":68,"column":3}},"line":65},"8":{"name":"(anonymous_8)","decl":{"start":{"line":70,"column":2},"end":{"line":70,"column":3}},"loc":{"start":{"line":70,"column":23},"end":{"line":73,"column":3}},"line":70}},"branchMap":{"0":{"loc":{"start":{"line":10,"column":4},"end":{"line":12,"column":5}},"type":"if","locations":[{"start":{"line":10,"column":4},"end":{"line":12,"column":5}},{"start":{},"end":{}}],"line":10},"1":{"loc":{"start":{"line":10,"column":8},"end":{"line":10,"column":61}},"type":"binary-expr","locations":[{"start":{"line":10,"column":8},"end":{"line":10,"column":22}},{"start":{"line":10,"column":26},"end":{"line":10,"column":45}},{"start":{"line":10,"column":49},"end":{"line":10,"column":61}}],"line":10},"2":{"loc":{"start":{"line":13,"column":4},"end":{"line":20,"column":5}},"type":"if","locations":[{"start":{"line":13,"column":4},"end":{"line":20,"column":5}},{"start":{},"end":{}}],"line":13},"3":{"loc":{"start":{"line":13,"column":8},"end":{"line":13,"column":58}},"type":"binary-expr","locations":[{"start":{"line":13,"column":8},"end":{"line":13,"column":32}},{"start":{"line":13,"column":36},"end":{"line":13,"column":58}}],"line":13},"4":{"loc":{"start":{"line":26,"column":6},"end":{"line":28,"column":7}},"type":"if","locations":[{"start":{"line":26,"column":6},"end":{"line":28,"column":7}},{"start":{},"end":{}}],"line":26},"5":{"loc":{"start":{"line":26,"column":10},"end":{"line":26,"column":63}},"type":"binary-expr","locations":[{"start":{"line":26,"column":10},"end":{"line":26,"column":24}},{"start":{"line":26,"column":28},"end":{"line":26,"column":47}},{"start":{"line":26,"column":51},"end":{"line":26,"column":63}}],"line":26},"6":{"loc":{"start":{"line":29,"column":6},"end":{"line":36,"column":7}},"type":"if","locations":[{"start":{"line":29,"column":6},"end":{"line":36,"column":7}},{"start":{},"end":{}}],"line":29},"7":{"loc":{"start":{"line":44,"column":6},"end":{"line":46,"column":7}},"type":"if","locations":[{"start":{"line":44,"column":6},"end":{"line":46,"column":7}},{"start":{},"end":{}}],"line":44},"8":{"loc":{"start":{"line":44,"column":10},"end":{"line":44,"column":63}},"type":"binary-expr","locations":[{"start":{"line":44,"column":10},"end":{"line":44,"column":24}},{"start":{"line":44,"column":28},"end":{"line":44,"column":47}},{"start":{"line":44,"column":51},"end":{"line":44,"column":63}}],"line":44},"9":{"loc":{"start":{"line":47,"column":6},"end":{"line":54,"column":7}},"type":"if","locations":[{"start":{"line":47,"column":6},"end":{"line":54,"column":7}},{"start":{},"end":{}}],"line":47},"10":{"loc":{"start":{"line":60,"column":11},"end":{"line":60,"column":39}},"type":"default-arg","locations":[{"start":{"line":60,"column":21},"end":{"line":60,"column":39}}],"line":60}},"s":{"0":1,"1":6,"2":6,"3":13,"4":0,"5":13,"6":4,"7":4,"8":9,"9":1,"10":3,"11":0,"12":3,"13":1,"14":1,"15":2,"16":1,"17":1,"18":3,"19":0,"20":3,"21":1,"22":1,"23":2,"24":1,"25":1,"26":1,"27":1,"28":1,"29":1,"30":1,"31":1},"f":{"0":6,"1":13,"2":1,"3":3,"4":1,"5":3,"6":1,"7":1,"8":1},"b":{"0":[0,13],"1":[13,13,13],"2":[4,9],"3":[13,10],"4":[0,3],"5":[3,3,3],"6":[1,2],"7":[0,3],"8":[3,3,3],"9":[1,2],"10":[1]},"_coverageSchema":"1a1c01bbd47fc00a2c39e90264f33305004495a9","hash":"cc7a58b1149b976e45d9b6df33e2b34466d721cb"}
,"/Users/andrejryzikov/AI-Challenge/Task8/src/validators/EmailValidator.js": {"path":"/Users/andrejryzikov/AI-Challenge/Task8/src/validators/EmailValidator.js","statementMap":{"0":{"start":{"line":1,"column":24},"end":{"line":1,"column":52}},"1":{"start":{"line":5,"column":4},"end":{"line":5,"column":12}},"2":{"start":{"line":7,"column":4},"end":{"line":7,"column":70}},"3":{"start":{"line":7,"column":43},"end":{"line":7,"column":68}},"4":{"start":{"line":9,"column":4},"end":{"line":9,"column":39}},"5":{"start":{"line":12,"column":23},"end":{"line":12,"column":157}},"6":{"start":{"line":13,"column":4},"end":{"line":26,"column":7}},"7":{"start":{"line":14,"column":6},"end":{"line":16,"column":7}},"8":{"start":{"line":15,"column":8},"end":{"line":15,"column":45}},"9":{"start":{"line":17,"column":6},"end":{"line":24,"column":7}},"10":{"start":{"line":18,"column":24},"end":{"line":18,"column":46}},"11":{"start":{"line":19,"column":8},"end":{"line":23,"column":10}},"12":{"start":{"line":25,"column":6},"end":{"line":25,"column":43}},"13":{"start":{"line":30,"column":4},"end":{"line":32,"column":5}},"14":{"start":{"line":31,"column":6},"end":{"line":31,"column":43}},"15":{"start":{"line":33,"column":4},"end":{"line":40,"column":5}},"16":{"start":{"line":34,"column":22},"end":{"line":34,"column":46}},"17":{"start":{"line":35,"column":6},"end":{"line":39,"column":8}},"18":{"start":{"line":41,"column":4},"end":{"line":41,"column":41}},"19":{"start":{"line":45,"column":4},"end":{"line":45,"column":28}},"20":{"start":{"line":46,"column":4},"end":{"line":46,"column":16}},"21":{"start":{"line":50,"column":4},"end":{"line":50,"column":21}},"22":{"start":{"line":51,"column":4},"end":{"line":51,"column":16}},"23":{"start":{"line":55,"column":4},"end":{"line":55,"column":31}},"24":{"start":{"line":56,"column":4},"end":{"line":56,"column":16}},"25":{"start":{"line":60,"column":0},"end":{"line":60,"column":32}}},"fnMap":{"0":{"name":"(anonymous_0)","decl":{"start":{"line":4,"column":2},"end":{"line":4,"column":3}},"loc":{"start":{"line":4,"column":16},"end":{"line":27,"column":3}},"line":4},"1":{"name":"(anonymous_1)","decl":{"start":{"line":7,"column":35},"end":{"line":7,"column":36}},"loc":{"start":{"line":7,"column":43},"end":{"line":7,"column":68}},"line":7},"2":{"name":"(anonymous_2)","decl":{"start":{"line":13,"column":20},"end":{"line":13,"column":21}},"loc":{"start":{"line":13,"column":31},"end":{"line":26,"column":5}},"line":13},"3":{"name":"(anonymous_3)","decl":{"start":{"line":29,"column":2},"end":{"line":29,"column":3}},"loc":{"start":{"line":29,"column":19},"end":{"line":42,"column":3}},"line":29},"4":{"name":"(anonymous_4)","decl":{"start":{"line":44,"column":2},"end":{"line":44,"column":3}},"loc":{"start":{"line":44,"column":42},"end":{"line":47,"column":3}},"line":44},"5":{"name":"(anonymous_5)","decl":{"start":{"line":49,"column":2},"end":{"line":49,"column":3}},"loc":{"start":{"line":49,"column":13},"end":{"line":52,"column":3}},"line":49},"6":{"name":"(anonymous_6)","decl":{"start":{"line":54,"column":2},"end":{"line":54,"column":3}},"loc":{"start":{"line":54,"column":23},"end":{"line":57,"column":3}},"line":54}},"branchMap":{"0":{"loc":{"start":{"line":14,"column":6},"end":{"line":16,"column":7}},"type":"if","locations":[{"start":{"line":14,"column":6},"end":{"line":16,"column":7}},{"start":{},"end":{}}],"line":14},"1":{"loc":{"start":{"line":14,"column":10},"end":{"line":14,"column":63}},"type":"binary-expr","locations":[{"start":{"line":14,"column":10},"end":{"line":14,"column":24}},{"start":{"line":14,"column":28},"end":{"line":14,"column":47}},{"start":{"line":14,"column":51},"end":{"line":14,"column":63}}],"line":14},"2":{"loc":{"start":{"line":17,"column":6},"end":{"line":24,"column":7}},"type":"if","locations":[{"start":{"line":17,"column":6},"end":{"line":24,"column":7}},{"start":{},"end":{}}],"line":17},"3":{"loc":{"start":{"line":30,"column":4},"end":{"line":32,"column":5}},"type":"if","locations":[{"start":{"line":30,"column":4},"end":{"line":32,"column":5}},{"start":{},"end":{}}],"line":30},"4":{"loc":{"start":{"line":30,"column":8},"end":{"line":30,"column":61}},"type":"binary-expr","locations":[{"start":{"line":30,"column":8},"end":{"line":30,"column":22}},{"start":{"line":30,"column":26},"end":{"line":30,"column":45}},{"start":{"line":30,"column":49},"end":{"line":30,"column":61}}],"line":30},"5":{"loc":{"start":{"line":33,"column":4},"end":{"line":40,"column":5}},"type":"if","locations":[{"start":{"line":33,"column":4},"end":{"line":40,"column":5}},{"start":{},"end":{}}],"line":33},"6":{"loc":{"start":{"line":44,"column":11},"end":{"line":44,"column":40}},"type":"default-arg","locations":[{"start":{"line":44,"column":21},"end":{"line":44,"column":40}}],"line":44}},"s":{"0":1,"1":4,"2":4,"3":4,"4":4,"5":4,"6":4,"7":8,"8":0,"9":8,"10":4,"11":4,"12":4,"13":8,"14":0,"15":8,"16":0,"17":0,"18":8,"19":1,"20":1,"21":1,"22":1,"23":1,"24":1,"25":1},"f":{"0":4,"1":4,"2":8,"3":8,"4":1,"5":1,"6":1},"b":{"0":[0,8],"1":[8,8,8],"2":[4,4],"3":[0,8],"4":[8,8,8],"5":[0,8],"6":[1]},"_coverageSchema":"1a1c01bbd47fc00a2c39e90264f33305004495a9","hash":"4f41864519a948384aa9f966977210be8b1260f3"}
,"/Users/andrejryzikov/AI-Challenge/Task8/src/validators/IPAddressValidator.js": {"path":"/Users/andrejryzikov/AI-Challenge/Task8/src/validators/IPAddressValidator.js","statementMap":{"0":{"start":{"line":1,"column":22},"end":{"line":1,"column":48}},"1":{"start":{"line":5,"column":4},"end":{"line":5,"column":12}},"2":{"start":{"line":6,"column":4},"end":{"line":6,"column":26}},"3":{"start":{"line":7,"column":4},"end":{"line":7,"column":26}},"4":{"start":{"line":8,"column":4},"end":{"line":8,"column":55}},"5":{"start":{"line":8,"column":31},"end":{"line":8,"column":53}},"6":{"start":{"line":12,"column":4},"end":{"line":14,"column":5}},"7":{"start":{"line":13,"column":6},"end":{"line":13,"column":31}},"8":{"start":{"line":16,"column":4},"end":{"line":22,"column":5}},"9":{"start":{"line":17,"column":22},"end":{"line":17,"column":51}},"10":{"start":{"line":18,"column":6},"end":{"line":21,"column":8}},"11":{"start":{"line":24,"column":4},"end":{"line":26,"column":5}},"12":{"start":{"line":25,"column":6},"end":{"line":25,"column":38}},"13":{"start":{"line":28,"column":4},"end":{"line":30,"column":5}},"14":{"start":{"line":29,"column":6},"end":{"line":29,"column":38}},"15":{"start":{"line":33,"column":23},"end":{"line":33,"column":47}},"16":{"start":{"line":34,"column":4},"end":{"line":36,"column":5}},"17":{"start":{"line":35,"column":6},"end":{"line":35,"column":24}},"18":{"start":{"line":39,"column":4},"end":{"line":39,"column":36}},"19":{"start":{"line":43,"column":24},"end":{"line":43,"column":70}},"20":{"start":{"line":44,"column":18},"end":{"line":44,"column":42}},"21":{"start":{"line":46,"column":4},"end":{"line":52,"column":5}},"22":{"start":{"line":47,"column":22},"end":{"line":47,"column":51}},"23":{"start":{"line":48,"column":6},"end":{"line":51,"column":8}},"24":{"start":{"line":54,"column":4},"end":{"line":72,"column":5}},"25":{"start":{"line":54,"column":17},"end":{"line":54,"column":18}},"26":{"start":{"line":55,"column":20},"end":{"line":55,"column":28}},"27":{"start":{"line":57,"column":6},"end":{"line":63,"column":7}},"28":{"start":{"line":58,"column":24},"end":{"line":58,"column":53}},"29":{"start":{"line":59,"column":8},"end":{"line":62,"column":10}},"30":{"start":{"line":64,"column":18},"end":{"line":64,"column":37}},"31":{"start":{"line":65,"column":6},"end":{"line":71,"column":7}},"32":{"start":{"line":66,"column":24},"end":{"line":66,"column":79}},"33":{"start":{"line":67,"column":8},"end":{"line":70,"column":10}},"34":{"start":{"line":74,"column":4},"end":{"line":74,"column":29}},"35":{"start":{"line":78,"column":24},"end":{"line":78,"column":419}},"36":{"start":{"line":81,"column":4},"end":{"line":87,"column":5}},"37":{"start":{"line":82,"column":22},"end":{"line":82,"column":49}},"38":{"start":{"line":83,"column":6},"end":{"line":86,"column":8}},"39":{"start":{"line":89,"column":4},"end":{"line":95,"column":5}},"40":{"start":{"line":90,"column":22},"end":{"line":90,"column":49}},"41":{"start":{"line":91,"column":6},"end":{"line":94,"column":8}},"42":{"start":{"line":97,"column":4},"end":{"line":97,"column":29}},"43":{"start":{"line":101,"column":4},"end":{"line":101,"column":25}},"44":{"start":{"line":102,"column":4},"end":{"line":102,"column":26}},"45":{"start":{"line":103,"column":4},"end":{"line":103,"column":16}},"46":{"start":{"line":107,"column":4},"end":{"line":107,"column":26}},"47":{"start":{"line":108,"column":4},"end":{"line":108,"column":25}},"48":{"start":{"line":109,"column":4},"end":{"line":109,"column":16}},"49":{"start":{"line":113,"column":4},"end":{"line":113,"column":28}},"50":{"start":{"line":114,"column":4},"end":{"line":114,"column":16}},"51":{"start":{"line":118,"column":4},"end":{"line":118,"column":21}},"52":{"start":{"line":119,"column":4},"end":{"line":119,"column":16}},"53":{"start":{"line":123,"column":4},"end":{"line":123,"column":31}},"54":{"start":{"line":124,"column":4},"end":{"line":124,"column":16}},"55":{"start":{"line":128,"column":0},"end":{"line":128,"column":36}}},"fnMap":{"0":{"name":"(anonymous_0)","decl":{"start":{"line":4,"column":2},"end":{"line":4,"column":3}},"loc":{"start":{"line":4,"column":16},"end":{"line":9,"column":3}},"line":4},"1":{"name":"(anonymous_1)","decl":{"start":{"line":8,"column":20},"end":{"line":8,"column":21}},"loc":{"start":{"line":8,"column":31},"end":{"line":8,"column":53}},"line":8},"2":{"name":"(anonymous_2)","decl":{"start":{"line":11,"column":2},"end":{"line":11,"column":3}},"loc":{"start":{"line":11,"column":20},"end":{"line":40,"column":3}},"line":11},"3":{"name":"(anonymous_3)","decl":{"start":{"line":42,"column":2},"end":{"line":42,"column":3}},"loc":{"start":{"line":42,"column":22},"end":{"line":75,"column":3}},"line":42},"4":{"name":"(anonymous_4)","decl":{"start":{"line":77,"column":2},"end":{"line":77,"column":3}},"loc":{"start":{"line":77,"column":22},"end":{"line":98,"column":3}},"line":77},"5":{"name":"(anonymous_5)","decl":{"start":{"line":100,"column":2},"end":{"line":100,"column":3}},"loc":{"start":{"line":100,"column":9},"end":{"line":104,"column":3}},"line":100},"6":{"name":"(anonymous_6)","decl":{"start":{"line":106,"column":2},"end":{"line":106,"column":3}},"loc":{"start":{"line":106,"column":9},"end":{"line":110,"column":3}},"line":106},"7":{"name":"(anonymous_7)","decl":{"start":{"line":112,"column":2},"end":{"line":112,"column":3}},"loc":{"start":{"line":112,"column":47},"end":{"line":115,"column":3}},"line":112},"8":{"name":"(anonymous_8)","decl":{"start":{"line":117,"column":2},"end":{"line":117,"column":3}},"loc":{"start":{"line":117,"column":13},"end":{"line":120,"column":3}},"line":117},"9":{"name":"(anonymous_9)","decl":{"start":{"line":122,"column":2},"end":{"line":122,"column":3}},"loc":{"start":{"line":122,"column":23},"end":{"line":125,"column":3}},"line":122}},"branchMap":{"0":{"loc":{"start":{"line":12,"column":4},"end":{"line":14,"column":5}},"type":"if","locations":[{"start":{"line":12,"column":4},"end":{"line":14,"column":5}},{"start":{},"end":{}}],"line":12},"1":{"loc":{"start":{"line":12,"column":8},"end":{"line":12,"column":61}},"type":"binary-expr","locations":[{"start":{"line":12,"column":8},"end":{"line":12,"column":22}},{"start":{"line":12,"column":26},"end":{"line":12,"column":45}},{"start":{"line":12,"column":49},"end":{"line":12,"column":61}}],"line":12},"2":{"loc":{"start":{"line":16,"column":4},"end":{"line":22,"column":5}},"type":"if","locations":[{"start":{"line":16,"column":4},"end":{"line":22,"column":5}},{"start":{},"end":{}}],"line":16},"3":{"loc":{"start":{"line":24,"column":4},"end":{"line":26,"column":5}},"type":"if","locations":[{"start":{"line":24,"column":4},"end":{"line":26,"column":5}},{"start":{},"end":{}}],"line":24},"4":{"loc":{"start":{"line":28,"column":4},"end":{"line":30,"column":5}},"type":"if","locations":[{"start":{"line":28,"column":4},"end":{"line":30,"column":5}},{"start":{},"end":{}}],"line":28},"5":{"loc":{"start":{"line":34,"column":4},"end":{"line":36,"column":5}},"type":"if","locations":[{"start":{"line":34,"column":4},"end":{"line":36,"column":5}},{"start":{},"end":{}}],"line":34},"6":{"loc":{"start":{"line":46,"column":4},"end":{"line":52,"column":5}},"type":"if","locations":[{"start":{"line":46,"column":4},"end":{"line":52,"column":5}},{"start":{},"end":{}}],"line":46},"7":{"loc":{"start":{"line":57,"column":6},"end":{"line":63,"column":7}},"type":"if","locations":[{"start":{"line":57,"column":6},"end":{"line":63,"column":7}},{"start":{},"end":{}}],"line":57},"8":{"loc":{"start":{"line":57,"column":10},"end":{"line":57,"column":46}},"type":"binary-expr","locations":[{"start":{"line":57,"column":10},"end":{"line":57,"column":26}},{"start":{"line":57,"column":30},"end":{"line":57,"column":46}}],"line":57},"9":{"loc":{"start":{"line":65,"column":6},"end":{"line":71,"column":7}},"type":"if","locations":[{"start":{"line":65,"column":6},"end":{"line":71,"column":7}},{"start":{},"end":{}}],"line":65},"10":{"loc":{"start":{"line":65,"column":10},"end":{"line":65,"column":30}},"type":"binary-expr","locations":[{"start":{"line":65,"column":10},"end":{"line":65,"column":17}},{"start":{"line":65,"column":21},"end":{"line":65,"column":30}}],"line":65},"11":{"loc":{"start":{"line":81,"column":4},"end":{"line":87,"column":5}},"type":"if","locations":[{"start":{"line":81,"column":4},"end":{"line":87,"column":5}},{"start":{},"end":{}}],"line":81},"12":{"loc":{"start":{"line":81,"column":9},"end":{"line":81,"column":33}},"type":"binary-expr","locations":[{"start":{"line":81,"column":9},"end":{"line":81,"column":27}},{"start":{"line":81,"column":31},"end":{"line":81,"column":33}}],"line":81},"13":{"loc":{"start":{"line":89,"column":4},"end":{"line":95,"column":5}},"type":"if","locations":[{"start":{"line":89,"column":4},"end":{"line":95,"column":5}},{"start":{},"end":{}}],"line":89},"14":{"loc":{"start":{"line":112,"column":11},"end":{"line":112,"column":45}},"type":"default-arg","locations":[{"start":{"line":112,"column":21},"end":{"line":112,"column":45}}],"line":112}},"s":{"0":1,"1":17,"2":17,"3":17,"4":17,"5":21,"6":21,"7":0,"8":21,"9":0,"10":0,"11":21,"12":5,"13":16,"14":7,"15":9,"16":9,"17":4,"18":5,"19":14,"20":14,"21":14,"22":5,"23":5,"24":9,"25":9,"26":31,"27":31,"28":1,"29":1,"30":30,"31":30,"32":3,"33":3,"34":5,"35":12,"36":12,"37":1,"38":1,"39":11,"40":8,"41":8,"42":3,"43":3,"44":3,"45":3,"46":6,"47":6,"48":6,"49":3,"50":3,"51":1,"52":1,"53":1,"54":1,"55":1},"f":{"0":17,"1":21,"2":21,"3":14,"4":12,"5":3,"6":6,"7":3,"8":1,"9":1},"b":{"0":[0,21],"1":[21,21,21],"2":[0,21],"3":[5,16],"4":[7,9],"5":[4,5],"6":[5,9],"7":[1,30],"8":[31,20],"9":[3,27],"10":[30,30],"11":[1,11],"12":[12,11],"13":[8,3],"14":[2]},"_coverageSchema":"1a1c01bbd47fc00a2c39e90264f33305004495a9","hash":"322725584f18af2055e0f91439261b4385875855"}
,"/Users/andrejryzikov/AI-Challenge/Task8/src/validators/NumberValidator.js": {"path":"/Users/andrejryzikov/AI-Challenge/Task8/src/validators/NumberValidator.js","statementMap":{"0":{"start":{"line":1,"column":22},"end":{"line":1,"column":48}},"1":{"start":{"line":5,"column":4},"end":{"line":5,"column":12}},"2":{"start":{"line":6,"column":4},"end":{"line":6,"column":36}},"3":{"start":{"line":10,"column":4},"end":{"line":12,"column":5}},"4":{"start":{"line":11,"column":6},"end":{"line":11,"column":43}},"5":{"start":{"line":13,"column":4},"end":{"line":19,"column":5}},"6":{"start":{"line":14,"column":6},"end":{"line":18,"column":8}},"7":{"start":{"line":20,"column":4},"end":{"line":20,"column":41}},"8":{"start":{"line":24,"column":4},"end":{"line":37,"column":7}},"9":{"start":{"line":25,"column":6},"end":{"line":27,"column":7}},"10":{"start":{"line":26,"column":8},"end":{"line":26,"column":45}},"11":{"start":{"line":28,"column":6},"end":{"line":35,"column":7}},"12":{"start":{"line":29,"column":24},"end":{"line":29,"column":77}},"13":{"start":{"line":30,"column":8},"end":{"line":34,"column":10}},"14":{"start":{"line":36,"column":6},"end":{"line":36,"column":43}},"15":{"start":{"line":38,"column":4},"end":{"line":38,"column":16}},"16":{"start":{"line":42,"column":4},"end":{"line":55,"column":7}},"17":{"start":{"line":43,"column":6},"end":{"line":45,"column":7}},"18":{"start":{"line":44,"column":8},"end":{"line":44,"column":45}},"19":{"start":{"line":46,"column":6},"end":{"line":53,"column":7}},"20":{"start":{"line":47,"column":24},"end":{"line":47,"column":74}},"21":{"start":{"line":48,"column":8},"end":{"line":52,"column":10}},"22":{"start":{"line":54,"column":6},"end":{"line":54,"column":43}},"23":{"start":{"line":56,"column":4},"end":{"line":56,"column":16}},"24":{"start":{"line":60,"column":4},"end":{"line":73,"column":7}},"25":{"start":{"line":61,"column":6},"end":{"line":63,"column":7}},"26":{"start":{"line":62,"column":8},"end":{"line":62,"column":45}},"27":{"start":{"line":64,"column":6},"end":{"line":71,"column":7}},"28":{"start":{"line":65,"column":24},"end":{"line":65,"column":51}},"29":{"start":{"line":66,"column":8},"end":{"line":70,"column":10}},"30":{"start":{"line":72,"column":6},"end":{"line":72,"column":43}},"31":{"start":{"line":74,"column":4},"end":{"line":74,"column":16}},"32":{"start":{"line":78,"column":4},"end":{"line":91,"column":7}},"33":{"start":{"line":79,"column":6},"end":{"line":81,"column":7}},"34":{"start":{"line":80,"column":8},"end":{"line":80,"column":45}},"35":{"start":{"line":82,"column":6},"end":{"line":89,"column":7}},"36":{"start":{"line":83,"column":24},"end":{"line":83,"column":49}},"37":{"start":{"line":84,"column":8},"end":{"line":88,"column":10}},"38":{"start":{"line":90,"column":6},"end":{"line":90,"column":43}},"39":{"start":{"line":92,"column":4},"end":{"line":92,"column":16}},"40":{"start":{"line":96,"column":4},"end":{"line":109,"column":7}},"41":{"start":{"line":97,"column":6},"end":{"line":99,"column":7}},"42":{"start":{"line":98,"column":8},"end":{"line":98,"column":45}},"43":{"start":{"line":100,"column":6},"end":{"line":107,"column":7}},"44":{"start":{"line":101,"column":24},"end":{"line":101,"column":49}},"45":{"start":{"line":102,"column":8},"end":{"line":106,"column":10}},"46":{"start":{"line":108,"column":6},"end":{"line":108,"column":43}},"47":{"start":{"line":110,"column":4},"end":{"line":110,"column":16}},"48":{"start":{"line":114,"column":4},"end":{"line":114,"column":28}},"49":{"start":{"line":115,"column":4},"end":{"line":115,"column":16}},"50":{"start":{"line":119,"column":4},"end":{"line":119,"column":21}},"51":{"start":{"line":120,"column":4},"end":{"line":120,"column":16}},"52":{"start":{"line":124,"column":4},"end":{"line":124,"column":31}},"53":{"start":{"line":125,"column":4},"end":{"line":125,"column":16}},"54":{"start":{"line":129,"column":0},"end":{"line":129,"column":33}}},"fnMap":{"0":{"name":"(anonymous_0)","decl":{"start":{"line":4,"column":2},"end":{"line":4,"column":3}},"loc":{"start":{"line":4,"column":16},"end":{"line":7,"column":3}},"line":4},"1":{"name":"(anonymous_1)","decl":{"start":{"line":9,"column":2},"end":{"line":9,"column":3}},"loc":{"start":{"line":9,"column":19},"end":{"line":21,"column":3}},"line":9},"2":{"name":"(anonymous_2)","decl":{"start":{"line":23,"column":2},"end":{"line":23,"column":3}},"loc":{"start":{"line":23,"column":16},"end":{"line":39,"column":3}},"line":23},"3":{"name":"(anonymous_3)","decl":{"start":{"line":24,"column":20},"end":{"line":24,"column":21}},"loc":{"start":{"line":24,"column":31},"end":{"line":37,"column":5}},"line":24},"4":{"name":"(anonymous_4)","decl":{"start":{"line":41,"column":2},"end":{"line":41,"column":3}},"loc":{"start":{"line":41,"column":16},"end":{"line":57,"column":3}},"line":41},"5":{"name":"(anonymous_5)","decl":{"start":{"line":42,"column":20},"end":{"line":42,"column":21}},"loc":{"start":{"line":42,"column":31},"end":{"line":55,"column":5}},"line":42},"6":{"name":"(anonymous_6)","decl":{"start":{"line":59,"column":2},"end":{"line":59,"column":3}},"loc":{"start":{"line":59,"column":12},"end":{"line":75,"column":3}},"line":59},"7":{"name":"(anonymous_7)","decl":{"start":{"line":60,"column":20},"end":{"line":60,"column":21}},"loc":{"start":{"line":60,"column":31},"end":{"line":73,"column":5}},"line":60},"8":{"name":"(anonymous_8)","decl":{"start":{"line":77,"column":2},"end":{"line":77,"column":3}},"loc":{"start":{"line":77,"column":13},"end":{"line":93,"column":3}},"line":77},"9":{"name":"(anonymous_9)","decl":{"start":{"line":78,"column":20},"end":{"line":78,"column":21}},"loc":{"start":{"line":78,"column":31},"end":{"line":91,"column":5}},"line":78},"10":{"name":"(anonymous_10)","decl":{"start":{"line":95,"column":2},"end":{"line":95,"column":3}},"loc":{"start":{"line":95,"column":13},"end":{"line":111,"column":3}},"line":95},"11":{"name":"(anonymous_11)","decl":{"start":{"line":96,"column":20},"end":{"line":96,"column":21}},"loc":{"start":{"line":96,"column":31},"end":{"line":109,"column":5}},"line":96},"12":{"name":"(anonymous_12)","decl":{"start":{"line":113,"column":2},"end":{"line":113,"column":3}},"loc":{"start":{"line":113,"column":43},"end":{"line":116,"column":3}},"line":113},"13":{"name":"(anonymous_13)","decl":{"start":{"line":118,"column":2},"end":{"line":118,"column":3}},"loc":{"start":{"line":118,"column":13},"end":{"line":121,"column":3}},"line":118},"14":{"name":"(anonymous_14)","decl":{"start":{"line":123,"column":2},"end":{"line":123,"column":3}},"loc":{"start":{"line":123,"column":23},"end":{"line":126,"column":3}},"line":123}},"branchMap":{"0":{"loc":{"start":{"line":10,"column":4},"end":{"line":12,"column":5}},"type":"if","locations":[{"start":{"line":10,"column":4},"end":{"line":12,"column":5}},{"start":{},"end":{}}],"line":10},"1":{"loc":{"start":{"line":10,"column":8},"end":{"line":10,"column":61}},"type":"binary-expr","locations":[{"start":{"line":10,"column":8},"end":{"line":10,"column":22}},{"start":{"line":10,"column":26},"end":{"line":10,"column":45}},{"start":{"line":10,"column":49},"end":{"line":10,"column":61}}],"line":10},"2":{"loc":{"start":{"line":13,"column":4},"end":{"line":19,"column":5}},"type":"if","locations":[{"start":{"line":13,"column":4},"end":{"line":19,"column":5}},{"start":{},"end":{}}],"line":13},"3":{"loc":{"start":{"line":13,"column":8},"end":{"line":13,"column":49}},"type":"binary-expr","locations":[{"start":{"line":13,"column":8},"end":{"line":13,"column":33}},{"start":{"line":13,"column":37},"end":{"line":13,"column":49}}],"line":13},"4":{"loc":{"start":{"line":25,"column":6},"end":{"line":27,"column":7}},"type":"if","locations":[{"start":{"line":25,"column":6},"end":{"line":27,"column":7}},{"start":{},"end":{}}],"line":25},"5":{"loc":{"start":{"line":25,"column":10},"end":{"line":25,"column":63}},"type":"binary-expr","locations":[{"start":{"line":25,"column":10},"end":{"line":25,"column":24}},{"start":{"line":25,"column":28},"end":{"line":25,"column":47}},{"start":{"line":25,"column":51},"end":{"line":25,"column":63}}],"line":25},"6":{"loc":{"start":{"line":28,"column":6},"end":{"line":35,"column":7}},"type":"if","locations":[{"start":{"line":28,"column":6},"end":{"line":35,"column":7}},{"start":{},"end":{}}],"line":28},"7":{"loc":{"start":{"line":43,"column":6},"end":{"line":45,"column":7}},"type":"if","locations":[{"start":{"line":43,"column":6},"end":{"line":45,"column":7}},{"start":{},"end":{}}],"line":43},"8":{"loc":{"start":{"line":43,"column":10},"end":{"line":43,
[...]
nd":{"line":104,"column":7}},"type":"if","locations":[{"start":{"line":99,"column":6},"end":{"line":104,"column":7}},{"start":{},"end":{}}],"line":99},"19":{"loc":{"start":{"line":110,"column":19},"end":{"line":110,"column":35}},"type":"default-arg","locations":[{"start":{"line":110,"column":34},"end":{"line":110,"column":35}}],"line":110},"20":{"loc":{"start":{"line":112,"column":6},"end":{"line":114,"column":7}},"type":"if","locations":[{"start":{"line":112,"column":6},"end":{"line":114,"column":7}},{"start":{},"end":{}}],"line":112},"21":{"loc":{"start":{"line":112,"column":10},"end":{"line":112,"column":63}},"type":"binary-expr","locations":[{"start":{"line":112,"column":10},"end":{"line":112,"column":24}},{"start":{"line":112,"column":28},"end":{"line":112,"column":47}},{"start":{"line":112,"column":51},"end":{"line":112,"column":63}}],"line":112},"22":{"loc":{"start":{"line":117,"column":6},"end":{"line":122,"column":7}},"type":"if","locations":[{"start":{"line":117,"column":6},"end":{"line":122,"column":7}},{"start":{},"end":{}}],"line":117},"23":{"loc":{"start":{"line":128,"column":14},"end":{"line":128,"column":32}},"type":"default-arg","locations":[{"start":{"line":128,"column":31},"end":{"line":128,"column":32}}],"line":128},"24":{"loc":{"start":{"line":130,"column":6},"end":{"line":132,"column":7}},"type":"if","locations":[{"start":{"line":130,"column":6},"end":{"line":132,"column":7}},{"start":{},"end":{}}],"line":130},"25":{"loc":{"start":{"line":130,"column":10},"end":{"line":130,"column":63}},"type":"binary-expr","locations":[{"start":{"line":130,"column":10},"end":{"line":130,"column":24}},{"start":{"line":130,"column":28},"end":{"line":130,"column":47}},{"start":{"line":130,"column":51},"end":{"line":130,"column":63}}],"line":130},"26":{"loc":{"start":{"line":142,"column":10},"end":{"line":147,"column":11}},"type":"if","locations":[{"start":{"line":142,"column":10},"end":{"line":147,"column":11}},{"start":{},"end":{}}],"line":142},"27":{"loc":{"start":{"line":155,"column":11},"end":{"line":155,"column":43}},"type":"default-arg","locations":[{"start":{"line":155,"column":21},"end":{"line":155,"column":43}}],"line":155}},"s":{"0":1,"1":19,"2":19,"3":36,"4":0,"5":36,"6":6,"7":15,"8":0,"9":15,"10":6,"11":9,"12":6,"13":4,"14":13,"15":0,"16":13,"17":3,"18":10,"19":4,"20":4,"21":12,"22":0,"23":12,"24":5,"25":7,"26":4,"27":3,"28":11,"29":0,"30":11,"31":2,"32":9,"33":3,"34":3,"35":11,"36":0,"37":11,"38":6,"39":5,"40":3,"41":3,"42":11,"43":0,"44":11,"45":8,"46":3,"47":3,"48":3,"49":9,"50":0,"51":9,"52":9,"53":9,"54":3,"55":6,"56":3,"57":3,"58":8,"59":0,"60":8,"61":8,"62":24,"63":24,"64":358,"65":358,"66":4,"67":4,"68":3,"69":3,"70":3,"71":1,"72":1,"73":1,"74":1,"75":1},"f":{"0":19,"1":36,"2":6,"3":15,"4":4,"5":13,"6":4,"7":12,"8":3,"9":11,"10":3,"11":11,"12":3,"13":11,"14":3,"15":9,"16":3,"17":8,"18":3,"19":1,"20":1},"b":{"0":[0,36],"1":[0,15],"2":[15,15,15],"3":[6,9],"4":[0,13],"5":[13,13,13],"6":[3,10],"7":[0,12],"8":[12,12,12],"9":[5,7],"10":[0,11],"11":[11,11,11],"12":[2,9],"13":[0,11],"14":[11,11,11],"15":[6,5],"16":[0,11],"17":[11,11,11],"18":[8,3],"19":[0],"20":[0,9],"21":[9,9,9],"22":[3,6],"23":[0],"24":[0,8],"25":[8,8,8],"26":[4,354],"27":[2]},"_coverageSchema":"1a1c01bbd47fc00a2c39e90264f33305004495a9","hash":"d033822ea9e8571bfbfa3c6ae0fa6c7d349e2ebe"}
,"/Users/andrejryzikov/AI-Challenge/Task8/src/validators/PhoneValidator.js": {"path":"/Users/andrejryzikov/AI-Challenge/Task8/src/validators/PhoneValidator.js","statementMap":{"0":{"start":{"line":1,"column":24},"end":{"line":1,"column":52}},"1":{"start":{"line":5,"column":4},"end":{"line":5,"column":12}},"2":{"start":{"line":7,"column":23},"end":{"line":7,"column":43}},"3":{"start":{"line":8,"column":4},"end":{"line":16,"column":7}},"4":{"start":{"line":9,"column":6},"end":{"line":14,"column":7}},"5":{"start":{"line":10,"column":8},"end":{"line":13,"column":10}},"6":{"start":{"line":15,"column":6},"end":{"line":15,"column":31}},"7":{"start":{"line":20,"column":0},"end":{"line":20,"column":32}}},"fnMap":{"0":{"name":"(anonymous_0)","decl":{"start":{"line":4,"column":2},"end":{"line":4,"column":3}},"loc":{"start":{"line":4,"column":16},"end":{"line":17,"column":3}},"line":4},"1":{"name":"(anonymous_1)","decl":{"start":{"line":8,"column":20},"end":{"line":8,"column":21}},"loc":{"start":{"line":8,"column":31},"end":{"line":16,"column":5}},"line":8}},"branchMap":{"0":{"loc":{"start":{"line":9,"column":6},"end":{"line":14,"column":7}},"type":"if","locations":[{"start":{"line":9,"column":6},"end":{"line":14,"column":7}},{"start":{},"end":{}}],"line":9}},"s":{"0":1,"1":4,"2":4,"3":4,"4":10,"5":4,"6":6,"7":1},"f":{"0":4,"1":10},"b":{"0":[4,6]},"_coverageSchema":"1a1c01bbd47fc00a2c39e90264f33305004495a9","hash":"5ecfff40387e93e3bd4e9e5e50b89aa15b07c675"}
,"/Users/andrejryzikov/AI-Challenge/Task8/src/validators/StringValidator.js": {"path":"/Users/andrejryzikov/AI-Challenge/Task8/src/validators/StringValidator.js","statementMap":{"0":{"start":{"line":1,"column":22},"end":{"line":1,"column":48}},"1":{"start":{"line":5,"column":4},"end":{"line":5,"column":12}},"2":{"start":{"line":6,"column":4},"end":{"line":6,"column":36}},"3":{"start":{"line":10,"column":4},"end":{"line":12,"column":5}},"4":{"start":{"line":11,"column":6},"end":{"line":11,"column":43}},"5":{"start":{"line":13,"column":4},"end":{"line":20,"column":5}},"6":{"start":{"line":14,"column":22},"end":{"line":14,"column":46}},"7":{"start":{"line":15,"column":6},"end":{"line":19,"column":8}},"8":{"start":{"line":21,"column":4},"end":{"line":21,"column":41}},"9":{"start":{"line":25,"column":4},"end":{"line":38,"column":7}},"10":{"start":{"line":26,"column":6},"end":{"line":28,"column":7}},"11":{"start":{"line":27,"column":8},"end":{"line":27,"column":45}},"12":{"start":{"line":29,"column":6},"end":{"line":36,"column":7}},"13":{"start":{"line":30,"column":24},"end":{"line":30,"column":75}},"14":{"start":{"line":31,"column":8},"end":{"line":35,"column":10}},"15":{"start":{"line":37,"column":6},"end":{"line":37,"column":43}},"16":{"start":{"line":39,"column":4},"end":{"line":39,"column":16}},"17":{"start":{"line":43,"column":4},"end":{"line":56,"column":7}},"18":{"start":{"line":44,"column":6},"end":{"line":46,"column":7}},"19":{"start":{"line":45,"column":8},"end":{"line":45,"column":45}},"20":{"start":{"line":47,"column":6},"end":{"line":54,"column":7}},"21":{"start":{"line":48,"column":24},"end":{"line":48,"column":74}},"22":{"start":{"line":49,"column":8},"end":{"line":53,"column":10}},"23":{"start":{"line":55,"column":6},"end":{"line":55,"column":43}},"24":{"start":{"line":57,"column":4},"end":{"line":57,"column":16}},"25":{"start":{"line":61,"column":4},"end":{"line":74,"column":7}},"26":{"start":{"line":62,"column":6},"end":{"line":64,"column":7}},"27":{"start":{"line":63,"column":8},"end":{"line":63,"column":45}},"28":{"start":{"line":65,"column":6},"end":{"line":72,"column":7}},"29":{"start":{"line":66,"column":24},"end":{"line":66,"column":64}},"30":{"start":{"line":67,"column":8},"end":{"line":71,"column":10}},"31":{"start":{"line":73,"column":6},"end":{"line":73,"column":43}},"32":{"start":{"line":75,"column":4},"end":{"line":75,"column":16}},"33":{"start":{"line":79,"column":4},"end":{"line":79,"column":28}},"34":{"start":{"line":80,"column":4},"end":{"line":80,"column":16}},"35":{"start":{"line":84,"column":4},"end":{"line":84,"column":21}},"36":{"start":{"line":85,"column":4},"end":{"line":85,"column":16}},"37":{"start":{"line":89,"column":4},"end":{"line":89,"column":31}},"38":{"start":{"line":90,"column":4},"end":{"line":90,"column":16}},"39":{"start":{"line":94,"column":0},"end":{"line":94,"column":33}}},"fnMap":{"0":{"name":"(anonymous_0)","decl":{"start":{"line":4,"column":2},"end":{"line":4,"column":3}},"loc":{"start":{"line":4,"column":16},"end":{"line":7,"column":3}},"line":4},"1":{"name":"(anonymous_1)","decl":{"start":{"line":9,"column":2},"end":{"line":9,"column":3}},"loc":{"start":{"line":9,"column":19},"end":{"line":22,"column":3}},"line":9},"2":{"name":"(anonymous_2)","decl":{"start":{"line":24,"column":2},"end":{"line":24,"column":3}},"loc":{"start":{"line":24,"column":20},"end":{"line":40,"column":3}},"line":24},"3":{"name":"(anonymous_3)","decl":{"start":{"line":25,"column":20},"end":{"line":25,"column":21}},"loc":{"start":{"line":25,"column":31},"end":{"line":38,"column":5}},"line":25},"4":{"name":"(anonymous_4)","decl":{"start":{"line":42,"column":2},"end":{"line":42,"column":3}},"loc":{"start":{"line":42,"column":20},"end":{"line":58,"column":3}},"line":42},"5":{"name":"(anonymous_5)","decl":{"start":{"line":43,"column":20},"end":{"line":43,"column":21}},"loc":{"start":{"line":43,"column":31},"end":{"line":56,"column":5}},"line":43},"6":{"name":"(anonymous_6)","decl":{"start":{"line":60,"column":2},"end":{"line":60,"column":3}},"loc":{"start":{"line":60,"column":17},"end":{"line":76,"column":3}},"line":60},"7":{"name":"(anonymous_7)","decl":{"start":{"line":61,"column":20},"end":{"line":61,"column":21}},"loc":{"start":{"line":61,"column":31},"end":{"line":74,"column":5}},"line":61},"8":{"name":"(anonymous_8)","decl":{"start":{"line":78,"column":2},"end":{"line":78,"column":3}},"loc":{"start":{"line":78,"column":43},"end":{"line":81,"column":3}},"line":78},"9":{"name":"(anonymous_9)","decl":{"start":{"line":83,"column":2},"end":{"line":83,"column":3}},"loc":{"start":{"line":83,"column":13},"end":{"line":86,"column":3}},"line":83},"10":{"name":"(anonymous_10)","decl":{"start":{"line":88,"column":2},"end":{"line":88,"column":3}},"loc":{"start":{"line":88,"column":23},"end":{"line":91,"column":3}},"line":88}},"branchMap":{"0":{"loc":{"start":{"line":10,"column":4},"end":{"line":12,"column":5}},"type":"if","locations":[{"start":{"line":10,"column":4},"end":{"line":12,"column":5}},{"start":{},"end":{}}],"line":10},"1":{"loc":{"start":{"line":10,"column":8},"end":{"line":10,"column":61}},"type":"binary-expr","locations":[{"start":{"line":10,"column":8},"end":{"line":10,"column":22}},{"start":{"line":10,"column":26},"end":{"line":10,"column":45}},{"start":{"line":10,"column":49},"end":{"line":10,"column":61}}],"line":10},"2":{"loc":{"start":{"line":13,"column":4},"end":{"line":20,"column":5}},"type":"if","locations":[{"start":{"line":13,"column":4},"end":{"line":20,"column":5}},{"start":{},"end":{}}],"line":13},"3":{"loc":{"start":{"line":26,"column":6},"end":{"line":28,"column":7}},"type":"if","locations":[{"start":{"line":26,"column":6},"end":{"line":28,"column":7}},{"start":{},"end":{}}],"line":26},"4":{"loc":{"start":{"line":26,"column":10},"end":{"line":26,"column":63}},"type":"binary-expr","locations":[{"start":{"line":26,"column":10},"end":{"line":26,"column":24}},{"start":{"line":26,"column":28},"end":{"line":26,"column":47}},{"start":{"line":26,"column":51},"end":{"line":26,"column":63}}],"line":26},"5":{"loc":{"start":{"line":29,"column":6},"end":{"line":36,"column":7}},"type":"if","locations":[{"start":{"line":29,"column":6},"end":{"line":36,"column":7}},{"start":{},"end":{}}],"line":29},"6":{"loc":{"start":{"line":44,"column":6},"end":{"line":46,"column":7}},"type":"if","locations":[{"start":{"line":44,"column":6},"end":{"line":46,"column":7}},{"start":{},"end":{}}],"line":44},"7":{"loc":{"start":{"line":44,"column":10},"end":{"line":44,"column":63}},"type":"binary-expr","locations":[{"start":{"line":44,"column":10},"end":{"line":44,"column":24}},{"start":{"line":44,"column":28},"end":{"line":44,"column":47}},{"start":{"line":44,"column":51},"end":{"line":44,"column":63}}],"line":44},"8":{"loc":{"start":{"line":47,"column":6},"end":{"line":54,"column":7}},"type":"if","locations":[{"start":{"line":47,"column":6},"end":{"line":54,"column":7}},{"start":{},"end":{}}],"line":47},"9":{"loc":{"start":{"line":62,"column":6},"end":{"line":64,"column":7}},"type":"if","locations":[{"start":{"line":62,"column":6},"end":{"line":64,"column":7}},{"start":{},"end":{}}],"line":62},"10":{"loc":{"start":{"line":62,"column":10},"end":{"line":62,"column":63}},"type":"binary-expr","locations":[{"start":{"line":62,"column":10},"end":{"line":62,"column":24}},{"start":{"line":62,"column":28},"end":{"line":62,"column":47}},{"start":{"line":62,"column":51},"end":{"line":62,"column":63}}],"line":62},"11":{"loc":{"start":{"line":65,"column":6},"end":{"line":72,"column":7}},"type":"if","locations":[{"start":{"line":65,"column":6},"end":{"line":72,"column":7}},{"start":{},"end":{}}],"line":65},"12":{"loc":{"start":{"line":78,"column":11},"end":{"line":78,"column":41}},"type":"default-arg","locations":[{"start":{"line":78,"column":21},"end":{"line":78,"column":41}}],"line":78}},"s":{"0":1,"1":38,"2":38,"3":39,"4":0,"5":39,"6":3,"7":3,"8":36,"9":1,"10":2,"11":0,"12":2,"13":1,"14":1,"15":1,"16":1,"17":1,"18":2,"19":0,"20":2,"21":1,"22":1,"23":1,"24":1,"25":1,"26":2,"27":0,"28":2,"29":1,"30":1,"31":1,"32":1,"33":9,"34":9,"35":4,"36":4,"37":4,"38":4,"39":1},"f":{"0":38,"1":39,"2":1,"3":2,"4":1,"5":2,"6":1,"7":2,"8":9,"9":4,"10":4},"b":{"0":[0,39],"1":[39,39,39],"2":[3,36],"3":[0,2],"4":[2,2,2],"5":[1,1],"6":[0,2],"7":[2,2,2],"8":[1,1],"9":[0,2],"10":[2,2,2],"11":[1,1],"12":[7]},"_coverageSchema":"1a1c01bbd47fc00a2c39e90264f33305004495a9","hash":"3b43d3884e35faffea142f38f8d08614129740b2"}
,"/Users/andrejryzikov/AI-Challenge/Task8/src/validators/URLValidator.js": {"path":"/Users/andrejryzikov/AI-Challenge/Task8/src/validators/URLValidator.js","statementMap":{"0":{"start":{"line":1,"column":24},"end":{"line":1,"column":52}},"1":{"start":{"line":5,"column":4},"end":{"line":5,"column":12}},"2":{"start":{"line":7,"column":4},"end":{"line":7,"column":70}},"3":{"start":{"line":7,"column":43},"end":{"line":7,"column":68}},"4":{"start":{"line":9,"column":4},"end":{"line":9,"column":39}},"5":{"start":{"line":12,"column":21},"end":{"line":12,"column":60}},"6":{"start":{"line":13,"column":4},"end":{"line":24,"column":7}},"7":{"start":{"line":14,"column":6},"end":{"line":16,"column":7}},"8":{"start":{"line":15,"column":8},"end":{"line":15,"column":33}},"9":{"start":{"line":17,"column":6},"end":{"line":22,"column":7}},"10":{"start":{"line":18,"column":8},"end":{"line":21,"column":10}},"11":{"start":{"line":23,"column":6},"end":{"line":23,"column":31}},"12":{"start":{"line":28,"column":4},"end":{"line":30,"column":5}},"13":{"start":{"line":29,"column":6},"end":{"line":29,"column":31}},"14":{"start":{"line":31,"column":4},"end":{"line":36,"column":5}},"15":{"start":{"line":32,"column":6},"end":{"line":35,"column":8}},"16":{"start":{"line":37,"column":4},"end":{"line":37,"column":29}},"17":{"start":{"line":42,"column":26},"end":{"line":42,"column":70}},"18":{"start":{"line":43,"column":4},"end":{"line":54,"column":7}},"19":{"start":{"line":44,"column":6},"end":{"line":46,"column":7}},"20":{"start":{"line":45,"column":8},"end":{"line":45,"column":33}},"21":{"start":{"line":47,"column":6},"end":{"line":52,"column":7}},"22":{"start":{"line":48,"column":8},"end":{"line":51,"column":10}},"23":{"start":{"line":53,"column":6},"end":{"line":53,"column":31}},"24":{"start":{"line":55,"column":4},"end":{"line":55,"column":16}},"25":{"start":{"line":59,"column":4},"end":{"line":59,"column":28}},"26":{"start":{"line":60,"column":4},"end":{"line":60,"column":16}},"27":{"start":{"line":64,"column":4},"end":{"line":64,"column":21}},"28":{"start":{"line":65,"column":4},"end":{"line":65,"column":16}},"29":{"start":{"line":69,"column":4},"end":{"line":69,"column":31}},"30":{"start":{"line":70,"column":4},"end":{"line":70,"column":16}},"31":{"start":{"line":74,"column":0},"end":{"line":74,"column":30}}},"fnMap":{"0":{"name":"(anonymous_0)","decl":{"start":{"line":4,"column":2},"end":{"line":4,"column":3}},"loc":{"start":{"line":4,"column":16},"end":{"line":25,"column":3}},"line":4},"1":{"name":"(anonymous_1)","decl":{"start":{"line":7,"column":35},"end":{"line":7,"column":36}},"loc":{"start":{"line":7,"column":43},"end":{"line":7,"column":68}},"line":7},"2":{"name":"(anonymous_2)","decl":{"start":{"line":13,"column":20},"end":{"line":13,"column":21}},"loc":{"start":{"line":13,"column":31},"end":{"line":24,"column":5}},"line":13},"3":{"name":"(anonymous_3)","decl":{"start":{"line":27,"column":2},"end":{"line":27,"column":3}},"loc":{"start":{"line":27,"column":19},"end":{"line":38,"column":3}},"line":27},"4":{"name":"(anonymous_4)","decl":{"start":{"line":41,"column":2},"end":{"line":41,"column":3}},"loc":{"start":{"line":41,"column":23},"end":{"line":56,"column":3}},"line":41},"5":{"name":"(anonymous_5)","decl":{"start":{"line":43,"column":20},"end":{"line":43,"column":21}},"loc":{"start":{"line":43,"column":31},"end":{"line":54,"column":5}},"line":43},"6":{"name":"(anonymous_6)","decl":{"start":{"line":58,"column":2},"end":{"line":58,"column":3}},"loc":{"start":{"line":58,"column":40},"end":{"line":61,"column":3}},"line":58},"7":{"name":"(anonymous_7)","decl":{"start":{"line":63,"column":2},"end":{"line":63,"column":3}},"loc":{"start":{"line":63,"column":13},"end":{"line":66,"column":3}},"line":63},"8":{"name":"(anonymous_8)","decl":{"start":{"line":68,"column":2},"end":{"line":68,"column":3}},"loc":{"start":{"line":68,"column":23},"end":{"line":71,"column":3}},"line":68}},"branchMap":{"0":{"loc":{"start":{"line":14,"column":6},"end":{"line":16,"column":7}},"type":"if","locations":[{"start":{"line":14,"column":6},"end":{"line":16,"column":7}},{"start":{},"end":{}}],"line":14},"1":{"loc":{"start":{"line":14,"column":10},"end":{"line":14,"column":63}},"type":"binary-expr","locations":[{"start":{"line":14,"column":10},"end":{"line":14,"column":24}},{"start":{"line":14,"column":28},"end":{"line":14,"column":47}},{"start":{"line":14,"column":51},"end":{"line":14,"column":63}}],"line":14},"2":{"loc":{"start":{"line":17,"column":6},"end":{"line":22,"column":7}},"type":"if","locations":[{"start":{"line":17,"column":6},"end":{"line":22,"column":7}},{"start":{},"end":{}}],"line":17},"3":{"loc":{"start":{"line":28,"column":4},"end":{"line":30,"column":5}},"type":"if","locations":[{"start":{"line":28,"column":4},"end":{"line":30,"column":5}},{"start":{},"end":{}}],"line":28},"4":{"loc":{"start":{"line":28,"column":8},"end":{"line":28,"column":61}},"type":"binary-expr","locations":[{"start":{"line":28,"column":8},"end":{"line":28,"column":22}},{"start":{"line":28,"column":26},"end":{"line":28,"column":45}},{"start":{"line":28,"column":49},"end":{"line":28,"column":61}}],"line":28},"5":{"loc":{"start":{"line":31,"column":4},"end":{"line":36,"column":5}},"type":"if","locations":[{"start":{"line":31,"column":4},"end":{"line":36,"column":5}},{"start":{},"end":{}}],"line":31},"6":{"loc":{"start":{"line":44,"column":6},"end":{"line":46,"column":7}},"type":"if","locations":[{"start":{"line":44,"column":6},"end":{"line":46,"column":7}},{"start":{},"end":{}}],"line":44},"7":{"loc":{"start":{"line":44,"column":10},"end":{"line":44,"column":63}},"type":"binary-expr","locations":[{"start":{"line":44,"column":10},"end":{"line":44,"column":24}},{"start":{"line":44,"column":28},"end":{"line":44,"column":47}},{"start":{"line":44,"column":51},"end":{"line":44,"column":63}}],"line":44},"8":{"loc":{"start":{"line":47,"column":6},"end":{"line":52,"column":7}},"type":"if","locations":[{"start":{"line":47,"column":6},"end":{"line":52,"column":7}},{"start":{},"end":{}}],"line":47},"9":{"loc":{"start":{"line":58,"column":11},"end":{"line":58,"column":38}},"type":"default-arg","locations":[{"start":{"line":58,"column":21},"end":{"line":58,"column":38}}],"line":58}},"s":{"0":1,"1":5,"2":5,"3":5,"4":5,"5":5,"6":5,"7":11,"8":0,"9":11,"10":3,"11":8,"12":11,"13":0,"14":11,"15":0,"16":11,"17":1,"18":1,"19":3,"20":0,"21":3,"22":2,"23":1,"24":1,"25":1,"26":1,"27":1,"28":1,"29":1,"30":1,"31":1},"f":{"0":5,"1":5,"2":11,"3":11,"4":1,"5":3,"6":1,"7":1,"8":1},"b":{"0":[0,11],"1":[11,11,11],"2":[3,8],"3":[0,11],"4":[11,11,11],"5":[0,11],"6":[0,3],"7":[3,3,3],"8":[2,1],"9":[1]},"_coverageSchema":"1a1c01bbd47fc00a2c39e90264f33305004495a9","hash":"e67c5f39886c09c9b7b1a3c10ff2af2c63d2678d"}
}
