{"/Users/andrejryzikov/AI-Challenge/Task8/src/schema.js": {"path":"/Users/andrejryzikov/AI-Challenge/Task8/src/schema.js","statementMap":{"0":{"start":{"line":1,"column":24},"end":{"line":1,"column":63}},"1":{"start":{"line":2,"column":24},"end":{"line":2,"column":63}},"2":{"start":{"line":3,"column":25},"end":{"line":3,"column":65}},"3":{"start":{"line":4,"column":22},"end":{"line":4,"column":59}},"4":{"start":{"line":5,"column":24},"end":{"line":5,"column":63}},"5":{"start":{"line":6,"column":23},"end":{"line":6,"column":61}},"6":{"start":{"line":7,"column":23},"end":{"line":7,"column":61}},"7":{"start":{"line":8,"column":23},"end":{"line":8,"column":61}},"8":{"start":{"line":9,"column":21},"end":{"line":9,"column":57}},"9":{"start":{"line":10,"column":27},"end":{"line":10,"column":69}},"10":{"start":{"line":11,"column":28},"end":{"line":11,"column":71}},"11":{"start":{"line":12,"column":26},"end":{"line":12,"column":67}},"12":{"start":{"line":13,"column":22},"end":{"line":13,"column":59}},"13":{"start":{"line":14,"column":23},"end":{"line":14,"column":61}},"14":{"start":{"line":19,"column":4},"end":{"line":19,"column":33}},"15":{"start":{"line":23,"column":4},"end":{"line":23,"column":33}},"16":{"start":{"line":27,"column":4},"end":{"line":27,"column":34}},"17":{"start":{"line":31,"column":4},"end":{"line":31,"column":31}},"18":{"start":{"line":35,"column":4},"end":{"line":35,"column":39}},"19":{"start":{"line":39,"column":4},"end":{"line":39,"column":45}},"20":{"start":{"line":43,"column":4},"end":{"line":43,"column":32}},"21":{"start":{"line":47,"column":4},"end":{"line":47,"column":32}},"22":{"start":{"line":51,"column":4},"end":{"line":51,"column":30}},"23":{"start":{"line":55,"column":4},"end":{"line":55,"column":36}},"24":{"start":{"line":59,"column":4},"end":{"line":59,"column":37}},"25":{"start":{"line":63,"column":4},"end":{"line":63,"column":35}},"26":{"start":{"line":67,"column":4},"end":{"line":67,"column":31}},"27":{"start":{"line":71,"column":4},"end":{"line":71,"column":32}},"28":{"start":{"line":75,"column":0},"end":{"line":75,"column":28}}},"fnMap":{"0":{"name":"(anonymous_0)","decl":{"start":{"line":18,"column":2},"end":{"line":18,"column":3}},"loc":{"start":{"line":18,"column":18},"end":{"line":20,"column":3}},"line":18},"1":{"name":"(anonymous_1)","decl":{"start":{"line":22,"column":2},"end":{"line":22,"column":3}},"loc":{"start":{"line":22,"column":18},"end":{"line":24,"column":3}},"line":22},"2":{"name":"(anonymous_2)","decl":{"start":{"line":26,"column":2},"end":{"line":26,"column":3}},"loc":{"start":{"line":26,"column":19},"end":{"line":28,"column":3}},"line":26},"3":{"name":"(anonymous_3)","decl":{"start":{"line":30,"column":2},"end":{"line":30,"column":3}},"loc":{"start":{"line":30,"column":16},"end":{"line":32,"column":3}},"line":30},"4":{"name":"(anonymous_4)","decl":{"start":{"line":34,"column":2},"end":{"line":34,"column":3}},"loc":{"start":{"line":34,"column":24},"end":{"line":36,"column":3}},"line":34},"5":{"name":"(anonymous_5)","decl":{"start":{"line":38,"column":2},"end":{"line":38,"column":3}},"loc":{"start":{"line":38,"column":30},"end":{"line":40,"column":3}},"line":38},"6":{"name":"(anonymous_6)","decl":{"start":{"line":42,"column":2},"end":{"line":42,"column":3}},"loc":{"start":{"line":42,"column":17},"end":{"line":44,"column":3}},"line":42},"7":{"name":"(anonymous_7)","decl":{"start":{"line":46,"column":2},"end":{"line":46,"column":3}},"loc":{"start":{"line":46,"column":17},"end":{"line":48,"column":3}},"line":46},"8":{"name":"(anonymous_8)","decl":{"start":{"line":50,"column":2},"end":{"line":50,"column":3}},"loc":{"start":{"line":50,"column":15},"end":{"line":52,"column":3}},"line":50},"9":{"name":"(anonymous_9)","decl":{"start":{"line":54,"column":2},"end":{"line":54,"column":3}},"loc":{"start":{"line":54,"column":21},"end":{"line":56,"column":3}},"line":54},"10":{"name":"(anonymous_10)","decl":{"start":{"line":58,"column":2},"end":{"line":58,"column":3}},"loc":{"start":{"line":58,"column":22},"end":{"line":60,"column":3}},"line":58},"11":{"name":"(anonymous_11)","decl":{"start":{"line":62,"column":2},"end":{"line":62,"column":3}},"loc":{"start":{"line":62,"column":20},"end":{"line":64,"column":3}},"line":62},"12":{"name":"(anonymous_12)","decl":{"start":{"line":66,"column":2},"end":{"line":66,"column":3}},"loc":{"start":{"line":66,"column":16},"end":{"line":68,"column":3}},"line":66},"13":{"name":"(anonymous_13)","decl":{"start":{"line":70,"column":2},"end":{"line":70,"column":3}},"loc":{"start":{"line":70,"column":17},"end":{"line":72,"column":3}},"line":70}},"branchMap":{},"s":{"0":1,"1":1,"2":1,"3":1,"4":1,"5":1,"6":1,"7":1,"8":1,"9":1,"10":1,"11":1,"12":1,"13":1,"14":17,"15":12,"16":4,"17":6,"18":5,"19":7,"20":4,"21":4,"22":5,"23":17,"24":8,"25":19,"26":19,"27":6,"28":1},"f":{"0":17,"1":12,"2":4,"3":6,"4":5,"5":7,"6":4,"7":4,"8":5,"9":17,"10":8,"11":19,"12":19,"13":6},"b":{},"_coverageSchema":"1a1c01bbd47fc00a2c39e90264f33305004495a9","hash":"9908b0aec70468589c77c895db8fb2a633a9bd83"}
,"/Users/andrejryzikov/AI-Challenge/Task8/src/validators/ArrayValidator.js": {"path":"/Users/andrejryzikov/AI-Challenge/Task8/src/validators/ArrayValidator.js","statementMap":{"0":{"start":{"line":1,"column":22},"end":{"line":1,"column":48}},"1":{"start":{"line":5,"column":4},"end":{"line":5,"column":12}},"2":{"start":{"line":6,"column":4},"end":{"line":6,"column":39}},"3":{"start":{"line":7,"column":4},"end":{"line":7,"column":58}},"4":{"start":{"line":7,"column":31},"end":{"line":7,"column":56}},"5":{"start":{"line":11,"column":4},"end":{"line":16,"column":5}},"6":{"start":{"line":12,"column":6},"end":{"line":15,"column":8}},"7":{"start":{"line":17,"column":19},"end":{"line":17,"column":21}},"8":{"start":{"line":18,"column":4},"end":{"line":23,"column":7}},"9":{"start":{"line":19,"column":21},"end":{"line":19,"column":54}},"10":{"start":{"line":20,"column":6},"end":{"line":22,"column":7}},"11":{"start":{"line":21,"column":8},"end":{"line":21,"column":65}},"12":{"start":{"line":24,"column":4},"end":{"line":29,"column":5}},"13":{"start":{"line":25,"column":6},"end":{"line":28,"column":8}},"14":{"start":{"line":30,"column":4},"end":{"line":30,"column":29}},"15":{"start":{"line":34,"column":4},"end":{"line":42,"column":7}},"16":{"start":{"line":35,"column":6},"end":{"line":40,"column":7}},"17":{"start":{"line":36,"column":8},"end":{"line":39,"column":10}},"18":{"start":{"line":41,"column":6},"end":{"line":41,"column":31}},"19":{"start":{"line":43,"column":4},"end":{"line":43,"column":16}},"20":{"start":{"line":47,"column":4},"end":{"line":55,"column":7}},"21":{"start":{"line":48,"column":6},"end":{"line":53,"column":7}},"22":{"start":{"line":49,"column":8},"end":{"line":52,"column":10}},"23":{"start":{"line":54,"column":6},"end":{"line":54,"column":31}},"24":{"start":{"line":56,"column":4},"end":{"line":56,"column":16}},"25":{"start":{"line":60,"column":4},"end":{"line":68,"column":7}},"26":{"start":{"line":61,"column":6},"end":{"line":66,"column":7}},"27":{"start":{"line":62,"column":8},"end":{"line":65,"column":10}},"28":{"start":{"line":67,"column":6},"end":{"line":67,"column":31}},"29":{"start":{"line":69,"column":4},"end":{"line":69,"column":16}},"30":{"start":{"line":73,"column":0},"end":{"line":73,"column":32}}},"fnMap":{"0":{"name":"(anonymous_0)","decl":{"start":{"line":4,"column":2},"end":{"line":4,"column":3}},"loc":{"start":{"line":4,"column":29},"end":{"line":8,"column":3}},"line":4},"1":{"name":"(anonymous_1)","decl":{"start":{"line":7,"column":20},"end":{"line":7,"column":21}},"loc":{"start":{"line":7,"column":31},"end":{"line":7,"column":56}},"line":7},"2":{"name":"(anonymous_2)","decl":{"start":{"line":10,"column":2},"end":{"line":10,"column":3}},"loc":{"start":{"line":10,"column":23},"end":{"line":31,"column":3}},"line":10},"3":{"name":"(anonymous_3)","decl":{"start":{"line":18,"column":18},"end":{"line":18,"column":19}},"loc":{"start":{"line":18,"column":33},"end":{"line":23,"column":5}},"line":18},"4":{"name":"(anonymous_4)","decl":{"start":{"line":33,"column":2},"end":{"line":33,"column":3}},"loc":{"start":{"line":33,"column":20},"end":{"line":44,"column":3}},"line":33},"5":{"name":"(anonymous_5)","decl":{"start":{"line":34,"column":20},"end":{"line":34,"column":21}},"loc":{"start":{"line":34,"column":31},"end":{"line":42,"column":5}},"line":34},"6":{"name":"(anonymous_6)","decl":{"start":{"line":46,"column":2},"end":{"line":46,"column":3}},"loc":{"start":{"line":46,"column":20},"end":{"line":57,"column":3}},"line":46},"7":{"name":"(anonymous_7)","decl":{"start":{"line":47,"column":20},"end":{"line":47,"column":21}},"loc":{"start":{"line":47,"column":31},"end":{"line":55,"column":5}},"line":47},"8":{"name":"(anonymous_8)","decl":{"start":{"line":59,"column":2},"end":{"line":59,"column":3}},"loc":{"start":{"line":59,"column":13},"end":{"line":70,"column":3}},"line":59},"9":{"name":"(anonymous_9)","decl":{"start":{"line":60,"column":20},"end":{"line":60,"column":21}},"loc":{"start":{"line":60,"column":31},"end":{"line":68,"column":5}},"line":60}},"branchMap":{"0":{"loc":{"start":{"line":11,"column":4},"end":{"line":16,"column":5}},"type":"if","locations":[{"start":{"line":11,"column":4},"end":{"line":16,"column":5}},{"start":{},"end":{}}],"line":11},"1":{"loc":{"start":{"line":20,"column":6},"end":{"line":22,"column":7}},"type":"if","locations":[{"start":{"line":20,"column":6},"end":{"line":22,"column":7}},{"start":{},"end":{}}],"line":20},"2":{"loc":{"start":{"line":24,"column":4},"end":{"line":29,"column":5}},"type":"if","locations":[{"start":{"line":24,"column":4},"end":{"line":29,"column":5}},{"start":{},"end":{}}],"line":24},"3":{"loc":{"start":{"line":35,"column":6},"end":{"line":40,"column":7}},"type":"if","locations":[{"start":{"line":35,"column":6},"end":{"line":40,"column":7}},{"start":{},"end":{}}],"line":35},"4":{"loc":{"start":{"line":48,"column":6},"end":{"line":53,"column":7}},"type":"if","locations":[{"start":{"line":48,"column":6},"end":{"line":53,"column":7}},{"start":{},"end":{}}],"line":48},"5":{"loc":{"start":{"line":61,"column":6},"end":{"line":66,"column":7}},"type":"if","locations":[{"start":{"line":61,"column":6},"end":{"line":66,"column":7}},{"start":{},"end":{}}],"line":61},"6":{"loc":{"start":{"line":61,"column":10},"end":{"line":61,"column":47}},"type":"binary-expr","locations":[{"start":{"line":61,"column":10},"end":{"line":61,"column":29}},{"start":{"line":61,"column":33},"end":{"line":61,"column":47}}],"line":61}},"s":{"0":1,"1":7,"2":7,"3":7,"4":14,"5":14,"6":5,"7":9,"8":9,"9":18,"10":18,"11":1,"12":9,"13":1,"14":8,"15":1,"16":2,"17":1,"18":1,"19":1,"20":1,"21":2,"22":1,"23":1,"24":1,"25":1,"26":1,"27":0,"28":1,"29":1,"30":1},"f":{"0":7,"1":14,"2":14,"3":18,"4":1,"5":2,"6":1,"7":2,"8":1,"9":1},"b":{"0":[5,9],"1":[1,17],"2":[1,8],"3":[1,1],"4":[1,1],"5":[0,1],"6":[1,1]},"_coverageSchema":"1a1c01bbd47fc00a2c39e90264f33305004495a9","hash":"47eb0af1242680a033ec63e95bc5ab8b693f87e2"}
,"/Users/andrejryzikov/AI-Challenge/Task8/src/validators/BaseValidator.js": {"path":"/Users/andrejryzikov/AI-Challenge/Task8/src/validators/BaseValidator.js","statementMap":{"0":{"start":{"line":3,"column":4},"end":{"line":3,"column":20}},"1":{"start":{"line":4,"column":4},"end":{"line":4,"column":30}},"2":{"start":{"line":5,"column":4},"end":{"line":5,"column":27}},"3":{"start":{"line":9,"column":4},"end":{"line":9,"column":33}},"4":{"start":{"line":10,"column":4},"end":{"line":10,"column":16}},"5":{"start":{"line":14,"column":4},"end":{"line":16,"column":5}},"6":{"start":{"line":15,"column":6},"end":{"line":15,"column":31}},"7":{"start":{"line":18,"column":4},"end":{"line":26,"column":5}},"8":{"start":{"line":19,"column":21},"end":{"line":19,"column":32}},"9":{"start":{"line":20,"column":6},"end":{"line":25,"column":7}},"10":{"start":{"line":21,"column":8},"end":{"line":24,"column":10}},"11":{"start":{"line":28,"column":4},"end":{"line":28,"column":41}},"12":{"start":{"line":32,"column":4},"end":{"line":32,"column":28}},"13":{"start":{"line":33,"column":4},"end":{"line":33,"column":16}},"14":{"start":{"line":37,"column":4},"end":{"line":37,"column":27}},"15":{"start":{"line":38,"column":4},"end":{"line":46,"column":7}},"16":{"start":{"line":39,"column":6},"end":{"line":44,"column":7}},"17":{"start":{"line":40,"column":8},"end":{"line":43,"column":10}},"18":{"start":{"line":45,"column":6},"end":{"line":45,"column":31}},"19":{"start":{"line":47,"column":4},"end":{"line":47,"column":16}},"20":{"start":{"line":51,"column":0},"end":{"line":51,"column":31}}},"fnMap":{"0":{"name":"(anonymous_0)","decl":{"start":{"line":2,"column":2},"end":{"line":2,"column":3}},"loc":{"start":{"line":2,"column":16},"end":{"line":6,"column":3}},"line":2},"1":{"name":"(anonymous_1)","decl":{"start":{"line":8,"column":2},"end":{"line":8,"column":3}},"loc":{"start":{"line":8,"column":23},"end":{"line":11,"column":3}},"line":8},"2":{"name":"(anonymous_2)","decl":{"start":{"line":13,"column":2},"end":{"line":13,"column":3}},"loc":{"start":{"line":13,"column":18},"end":{"line":29,"column":3}},"line":13},"3":{"name":"(anonymous_3)","decl":{"start":{"line":31,"column":2},"end":{"line":31,"column":3}},"loc":{"start":{"line":31,"column":13},"end":{"line":34,"column":3}},"line":31},"4":{"name":"(anonymous_4)","decl":{"start":{"line":36,"column":2},"end":{"line":36,"column":3}},"loc":{"start":{"line":36,"column":13},"end":{"line":48,"column":3}},"line":36},"5":{"name":"(anonymous_5)","decl":{"start":{"line":38,"column":20},"end":{"line":38,"column":21}},"loc":{"start":{"line":38,"column":31},"end":{"line":46,"column":5}},"line":38}},"branchMap":{"0":{"loc":{"start":{"line":14,"column":4},"end":{"line":16,"column":5}},"type":"if","locations":[{"start":{"line":14,"column":4},"end":{"line":16,"column":5}},{"start":{},"end":{}}],"line":14},"1":{"loc":{"start":{"line":14,"column":8},"end":{"line":14,"column":67}},"type":"binary-expr","locations":[{"start":{"line":14,"column":9},"end":{"line":14,"column":28}},{"start":{"line":14,"column":32},"end":{"line":14,"column":46}},{"start":{"line":14,"column":51},"end":{"line":14,"column":67}}],"line":14},"2":{"loc":{"start":{"line":20,"column":6},"end":{"line":25,"column":7}},"type":"if","locations":[{"start":{"line":20,"column":6},"end":{"line":25,"column":7}},{"start":{},"end":{}}],"line":20},"3":{"loc":{"start":{"line":23,"column":19},"end":{"line":23,"column":55}},"type":"binary-expr","locations":[{"start":{"line":23,"column":19},"end":{"line":23,"column":37}},{"start":{"line":23,"column":41},"end":{"line":23,"column":55}}],"line":23},"4":{"loc":{"start":{"line":39,"column":6},"end":{"line":44,"column":7}},"type":"if","locations":[{"start":{"line":39,"column":6},"end":{"line":44,"column":7}},{"start":{},"end":{}}],"line":39},"5":{"loc":{"start":{"line":39,"column":10},"end":{"line":39,"column":47}},"type":"binary-expr","locations":[{"start":{"line":39,"column":10},"end":{"line":39,"column":29}},{"start":{"line":39,"column":33},"end":{"line":39,"column":47}}],"line":39}},"s":{"0":142,"1":142,"2":142,"3":13,"4":13,"5":174,"6":20,"7":154,"8":240,"9":240,"10":75,"11":79,"12":13,"13":13,"14":3,"15":3,"16":1,"17":1,"18":0,"19":3,"20":1},"f":{"0":142,"1":13,"2":174,"3":13,"4":3,"5":1},"b":{"0":[20,154],"1":[174,152,41],"2":[75,165],"3":[75,66],"4":[1,0],"5":[1,1]},"_coverageSchema":"1a1c01bbd47fc00a2c39e90264f33305004495a9","hash":"a5fefb857a53d41d67a4a583204498837207b980"}
,"/Users/andrejryzikov/AI-Challenge/Task8/src/validators/BooleanValidator.js": {"path":"/Users/andrejryzikov/AI-Challenge/Task8/src/validators/BooleanValidator.js","statementMap":{"0":{"start":{"line":1,"column":22},"end":{"line":1,"column":48}},"1":{"start":{"line":5,"column":4},"end":{"line":5,"column":12}},"2":{"start":{"line":6,"column":4},"end":{"line":6,"column":36}},"3":{"start":{"line":10,"column":4},"end":{"line":15,"column":5}},"4":{"start":{"line":11,"column":6},"end":{"line":14,"column":8}},"5":{"start":{"line":16,"column":4},"end":{"line":16,"column":29}},"6":{"start":{"line":20,"column":4},"end":{"line":28,"column":7}},"7":{"start":{"line":21,"column":6},"end":{"line":26,"column":7}},"8":{"start":{"line":22,"column":8},"end":{"line":25,"column":10}},"9":{"start":{"line":27,"column":6},"end":{"line":27,"column":31}},"10":{"start":{"line":29,"column":4},"end":{"line":29,"column":16}},"11":{"start":{"line":33,"column":0},"end":{"line":33,"column":34}}},"fnMap":{"0":{"name":"(anonymous_0)","decl":{"start":{"line":4,"column":2},"end":{"line":4,"column":3}},"loc":{"start":{"line":4,"column":16},"end":{"line":7,"column":3}},"line":4},"1":{"name":"(anonymous_1)","decl":{"start":{"line":9,"column":2},"end":{"line":9,"column":3}},"loc":{"start":{"line":9,"column":19},"end":{"line":17,"column":3}},"line":9},"2":{"name":"(anonymous_2)","decl":{"start":{"line":19,"column":2},"end":{"line":19,"column":3}},"loc":{"start":{"line":19,"column":13},"end":{"line":30,"column":3}},"line":19},"3":{"name":"(anonymous_3)","decl":{"start":{"line":20,"column":20},"end":{"line":20,"column":21}},"loc":{"start":{"line":20,"column":31},"end":{"line":28,"column":5}},"line":20}},"branchMap":{"0":{"loc":{"start":{"line":10,"column":4},"end":{"line":15,"column":5}},"type":"if","locations":[{"start":{"line":10,"column":4},"end":{"line":15,"column":5}},{"start":{},"end":{}}],"line":10},"1":{"loc":{"start":{"line":21,"column":6},"end":{"line":26,"column":7}},"type":"if","locations":[{"start":{"line":21,"column":6},"end":{"line":26,"column":7}},{"start":{},"end":{}}],"line":21},"2":{"loc":{"start":{"line":21,"column":10},"end":{"line":21,"column":47}},"type":"binary-expr","locations":[{"start":{"line":21,"column":10},"end":{"line":21,"column":29}},{"start":{"line":21,"column":33},"end":{"line":21,"column":47}}],"line":21}},"s":{"0":1,"1":4,"2":4,"3":11,"4":6,"5":5,"6":1,"7":2,"8":0,"9":2,"10":1,"11":1},"f":{"0":4,"1":11,"2":1,"3":2},"b":{"0":[6,5],"1":[0,2],"2":[2,2]},"_coverageSchema":"1a1c01bbd47fc00a2c39e90264f33305004495a9","hash":"7f14da837e6490abcf80cd59503b6d63168fcc41"}
,"/Users/andrejryzikov/AI-Challenge/Task8/src/validators/ColorValidator.js": {"path":"/Users/andrejryzikov/AI-Challenge/Task8/src/validators/ColorValidator.js","statementMap":{"0":{"start":{"line":1,"column":24},"end":{"line":1,"column":52}},"1":{"start":{"line":5,"column":4},"end":{"line":5,"column":12}},"2":{"start":{"line":6,"column":4},"end":{"line":6,"column":47}},"3":{"start":{"line":7,"column":4},"end":{"line":7,"column":70}},"4":{"start":{"line":7,"column":43},"end":{"line":7,"column":68}},"5":{"start":{"line":8,"column":4},"end":{"line":8,"column":39}},"6":{"start":{"line":9,"column":4},"end":{"line":9,"column":43}},"7":{"start":{"line":10,"column":4},"end":{"line":15,"column":6}},"8":{"start":{"line":16,"column":4},"end":{"line":16,"column":48}},"9":{"start":{"line":20,"column":4},"end":{"line":22,"column":5}},"10":{"start":{"line":21,"column":6},"end":{"line":21,"column":31}},"11":{"start":{"line":23,"column":4},"end":{"line":28,"column":5}},"12":{"start":{"line":24,"column":6},"end":{"line":27,"column":8}},"13":{"start":{"line":29,"column":4},"end":{"line":29,"column":29}},"14":{"start":{"line":33,"column":4},"end":{"line":33,"column":38}},"15":{"start":{"line":34,"column":4},"end":{"line":34,"column":16}},"16":{"start":{"line":38,"column":4},"end":{"line":40,"column":5}},"17":{"start":{"line":39,"column":6},"end":{"line":39,"column":31}},"18":{"start":{"line":41,"column":4},"end":{"line":65,"column":5}},"19":{"start":{"line":42,"column":22},"end":{"line":42,"column":41}},"20":{"start":{"line":43,"column":6},"end":{"line":64,"column":7}},"21":{"start":{"line":44,"column":8},"end":{"line":55,"column":9}},"22":{"start":{"line":46,"column":24},"end":{"line":46,"column":44}},"23":{"start":{"line":47,"column":20},"end":{"line":47,"column":42}},"24":{"start":{"line":48,"column":20},"end":{"line":48,"column":42}},"25":{"start":{"line":49,"column":20},"end":{"line":49,"column":42}},"26":{"start":{"line":50,"column":10},"end":{"line":50,"column":120}},"27":{"start":{"line":50,"column":45},"end":{"line":50,"column":120}},"28":{"start":{"line":51,"column":10},"end":{"line":54,"column":11}},"29":{"start":{"line":52,"column":22},"end":{"line":52,"column":42}},"30":{"start":{"line":53,"column":12},"end":{"line":53,"column":106}},"31":{"start":{"line":53,"column":32},"end":{"line":53,"column":106}},"32":{"start":{"line":56,"column":8},"end":{"line":62,"column":9}},"33":{"start":{"line":57,"column":24},"end":{"line":57,"column":44}},"34":{"start":{"line":58,"column":20},"end":{"line":58,"column":42}},"35":{"start":{"line":59,"column":20},"end":{"line":59,"column":42}},"36":{"start":{"line":60,"column":20},"end":{"line":60,"column":42}},"37":{"start":{"line":61,"column":10},"end":{"line":61,"column":107}},"38":{"start":{"line":61,"column":45},"end":{"line":61,"column":107}},"39":{"start":{"line":63,"column":8},"end":{"line":63,"column":33}},"40":{"start":{"line":66,"column":4},"end":{"line":66,"column":89}},"41":{"start":{"line":70,"column":4},"end":{"line":70,"column":67}},"42":{"start":{"line":70,"column":43},"end":{"line":70,"column":65}},"43":{"start":{"line":71,"column":25},"end":{"line":79,"column":5}},"44":{"start":{"line":72,"column":6},"end":{"line":77,"column":7}},"45":{"start":{"line":73,"column":8},"end":{"line":76,"column":10}},"46":{"start":{"line":78,"column":6},"end":{"line":78,"column":31}},"47":{"start":{"line":80,"column":4},"end":{"line":80,"column":41}},"48":{"start":{"line":81,"column":4},"end":{"line":81,"column":37}},"49":{"start":{"line":82,"column":4},"end":{"line":82,"column":16}},"50":{"start":{"line":86,"column":25},"end":{"line":86,"column":71}},"51":{"start":{"line":86,"column":49},"end":{"line":86,"column":70}},"52":{"start":{"line":87,"column":4},"end":{"line":95,"column":5}},"53":{"start":{"line":88,"column":21},"end":{"line":88,"column":40}},"54":{"start":{"line":89,"column":6},"end":{"line":94,"column":7}},"55":{"start":{"line":90,"column":8},"end":{"line":93,"column":10}},"56":{"start":{"line":96,"column":4},"end":{"line":98,"column":5}},"57":{"start":{"line":97,"column":6},"end":{"line":97,"column":31}},"58":{"start":{"line":99,"column":4},"end":{"line":108,"column":5}},"59":{"start":{"line":100,"column":6},"end":{"line":100,"column":42}},"60":{"start":{"line":100,"column":33},"end":{"line":100,"column":42}},"61":{"start":{"line":101,"column":21},"end":{"line":101,"column":32}},"62":{"start":{"line":102,"column":6},"end":{"line":107,"column":7}},"63":{"start":{"line":103,"column":8},"end":{"line":106,"column":10}},"64":{"start":{"line":109,"column":4},"end":{"line":109,"column":29}},"65":{"start":{"line":113,"column":0},"end":{"line":113,"column":32}}},"fnMap":{"0":{"name":"(anonymous_0)","decl":{"start":{"line":4,"column":2},"end":{"line":4,"column":3}},"loc":{"start":{"line":4,"column":16},"end":{"line":17,"column":3}},"line":4},"1":{"name":"(anonymous_1)","decl":{"start":{"line":7,"column":35},"end":{"line":7,"column":36}},"loc":{"start":{"line":7,"column":43},"end":{"line":7,"column":68}},"line":7},"2":{"name":"(anonymous_2)","decl":{"start":{"line":19,"column":2},"end":{"line":19,"column":3}},"loc":{"start":{"line":19,"column":19},"end":{"line":30,"column":3}},"line":19},"3":{"name":"(anonymous_3)","decl":{"start":{"line":32,"column":2},"end":{"line":32,"column":3}},"loc":{"start":{"line":32,"column":22},"end":{"line":35,"column":3}},"line":32},"4":{"name":"(anonymous_4)","decl":{"start":{"line":37,"column":2},"end":{"line":37,"column":3}},"loc":{"start":{"line":37,"column":20},"end":{"line":67,"column":3}},"line":37},"5":{"name":"(anonymous_5)","decl":{"start":{"line":69,"column":2},"end":{"line":69,"column":3}},"loc":{"start":{"line":69,"column":42},"end":{"line":83,"column":3}},"line":69},"6":{"name":"(anonymous_6)","decl":{"start":{"line":70,"column":35},"end":{"line":70,"column":36}},"loc":{"start":{"line":70,"column":43},"end":{"line":70,"column":65}},"line":70},"7":{"name":"(anonymous_7)","decl":{"start":{"line":71,"column":25},"end":{"line":71,"column":26}},"loc":{"start":{"line":71,"column":36},"end":{"line":79,"column":5}},"line":71},"8":{"name":"(anonymous_8)","decl":{"start":{"line":85,"column":2},"end":{"line":85,"column":3}},"loc":{"start":{"line":85,"column":18},"end":{"line":110,"column":3}},"line":85},"9":{"name":"(anonymous_9)","decl":{"start":{"line":86,"column":41},"end":{"line":86,"column":42}},"loc":{"start":{"line":86,"column":49},"end":{"line":86,"column":70}},"line":86}},"branchMap":{"0":{"loc":{"start":{"line":20,"column":4},"end":{"line":22,"column":5}},"type":"if","locations":[{"start":{"line":20,"column":4},"end":{"line":22,"column":5}},{"start":{},"end":{}}],"line":20},"1":{"loc":{"start":{"line":20,"column":8},"end":{"line":20,"column":61}},"type":"binary-expr","locations":[{"start":{"line":20,"column":8},"end":{"line":20,"column":22}},{"start":{"line":20,"column":26},"end":{"line":20,"column":45}},{"start":{"line":20,"column":49},"end":{"line":20,"column":61}}],"line":20},"2":{"loc":{"start":{"line":23,"column":4},"end":{"line":28,"column":5}},"type":"if","locations":[{"start":{"line":23,"column":4},"end":{"line":28,"column":5}},{"start":{},"end":{}}],"line":23},"3":{"loc":{"start":{"line":38,"column":4},"end":{"line":40,"column":5}},"type":"if","locations":[{"start":{"line":38,"column":4},"end":{"line":40,"column":5}},{"start":{},"end":{}}],"line":38},"4":{"loc":{"start":{"line":38,"column":8},"end":{"line":38,"column":61}},"type":"binary-expr","locations":[{"start":{"line":38,"column":8},"end":{"line":38,"column":22}},{"start":{"line":38,"column":26},"end":{"line":38,"column":45}},{"start":{"line":38,"column":49},"end":{"line":38,"column":61}}],"line":38},"5":{"loc":{"start":{"line":43,"column":6},"end":{"line":64,"column":7}},"type":"if","locations":[{"start":{"line":43,"column":6},"end":{"line":64,"column":7}},{"start":{},"end":{}}],"line":43},"6":{"loc":{"start":{"line":43,"column":10},"end":{"line":43,"column":40}},"type":"binary-expr","locations":[{"start":{"line":43,"column":10},"end":{"line":43,"column":17}},{"start":{"line":43,"column":21},"end":{"line":43,"column":40}}],"line":43},"7":{"loc":{"start":{"line":44,"column":8},"end":{"line":55,"column":9}},"type":"if","locations":[{"start":{"line":44,"column":8},"end":{"line":55,"column":9}},{"start":{},"end":{}}],"line":44},"8":{"loc":{"start":{"line":44,"column":12},"end":{"line":44,"column":45}},"type":"binary-expr","locations":[{"start":{"line":44,"column":12},"end":{"line":44,"column":26}},{"start":{"line":44,"column":30},"end":{"line":44,"column":45}}],"line":44},"9":{"loc":{"start":{"line":50,"column":10},"end":{"line":50,"column":120}},"type":"if","locations":[{"start":{"line":50,"column":10},"end":{"line":50,"column":120}},{"start":{},"end":{}}],"line":50},"10":{"loc":{"start":{"line":50,"column":14},"end":{"line":50,"column":43}},"type":"binary-expr","locations":[{"start":{"line":50,"column":14},"end":{"line":50,"column":21}},{"start":{"line":50,"column":25},"end":{"line":50,"column":32}},{"start":{"line":50,"column":36},"end":{"line":50,"column":43}}],"line":50},"11":{"loc":{"start":{"line":51,"column":10},"end":{"line":54,"column":11}},"type":"if","locations":[{"start":{"line":51,"column":10},"end":{"line":54,"column":11}},{"start":{},"end":{}}],"line":51},"12":{"loc":{"start":{"line":53,"column":12},"end":{"line":53,"column":106}},"type":"if","locations":[{"start":{"line":53,"column":12},"end":{"line":53,"column":106}},{"start":{},"end":{}}],"line":53},"13":{"loc":{"start":{"line":53,"column":16},"end":{"line":53,"column":30}},"type":"binary-expr","locations":[{"start":{"line":53,"column":16},"end":{"line":53,"column":21}},{"start":{"line":53,"column":25},"end":{"line":53,"column":30}}],"line":53},"14":{"loc":{"start":{"line":56,"column":8},"end":{"line":62,"column":9}},"type":"if","locations":[{"start":{"line":56,"column":8},"end":{"line":62,"column":9}},{"start":{},"end":{}}],"line":56},"15":{"loc":{"start":{"line":61,"column":10},"end":{"line":61,"column":107}},"type":"if","locations":[{"start":{"line":61,"column":10},"end":{"line":61,"column":107}},{"start":{},"end":{}}],"line":61},"16":{"loc":{"start":{"line":61,"column":14},"end":{"line":61,"column":43}},"type":"binary-expr","locations":[{"start":{"line":61,"column":14},"end":{"line":61,"column":21}},{"start":{"line":61,"column":25},"end":{"line":61,"column":32}},{"start":{"line":61,"column":36},"end":{"line":61,"column":43}}],"line":61},"17":{"loc":{"start":{"line":69,"column":11},"end":{"line":69,"column":40}},"type":"default-arg","locations":[{"start":{"line":69,"column":21},"end":{"line":69,"column":40}}],"line":69},"18":{"loc":{"start":{"line":72,"column":6},"end":{"line":77,"column":7}},"type":"if","locations":[{"start":{"line":72,"column":6},"end":{"line":77,"column":7}},{"start":{},"end":{}}],"line":72},"19":{"loc":{"start":{"line":72,"column":10},"end":{"line":72,"column":63}},"type":"binary-expr","locations":[{"start":{"line":72,"column":10},"end":{"line":72,"column":24}},{"start":{"line":72,"column":28},"end":{"line":72,"column":47}},{"start":{"line":72,"column":51},"end":{"line":72,"column":63}}],"line":72},"20":{"loc":{"start":{"line":87,"column":4},"end":{"line":95,"column":5}},"type":"if","locations":[{"start":{"line":87,"column":4},"end":{"line":95,"column":5}},{"start":{},"end":{}}],"line":87},"21":{"loc":{"start":{"line":89,"column":6},"end":{"line":94,"column":7}},"type":"if","locations":[{"start":{"line":89,"column":6},"end":{"line":94,"column":7}},{"start":{},"end":{}}],"line":89},"22":{"loc":{"start":{"line":96,"column":4},"end":{"line":98,"column":5}},"type":"if","locations":[{"start":{"line":96,"column":4},"end":{"line":98,"column":5}},{"start":{},"end":{}}],"line":96},"23":{"loc":{"start":{"line":96,"column":8},"end":{"line":96,"column":80}},"type":"binary-expr","locations":[{"start":{"line":96,"column":9},"end":{"line":96,"column":23}},{"start":{"line":96,"column":27},"end":{"line":96,"column":46}},{"start":{"line":96,"column":50},"end":{"line":96,"column":62}},{"start":{"line":96,"column":67},"end":{"line":96,"column":80}}],"line":96},"24":{"loc":{"start":{"line":100,"column":6},"end":{"line":100,"column":42}},"type":"if","locations":[{"start":{"line":100,"column":6},"end":{"line":100,"column":42}},{"start":{},"end":{}}],"line":100},"25":{"loc":{"start":{"line":102,"column":6},"end":{"line":107,"column":7}},"type":"if","locations":[{"start":{"line":102,"column":6},"end":{"line":107,"column":7}},{"start":{},"end":{}}],"line":102}},"s":{"0":1,"1":6,"2":6,"3":6,"4":6,"5":6,"6":6,"7":6,"8":6,"9":23,"10":0,"11":23,"12":0,"13":23,"14":1,"15":1,"16":23,"17":0,"18":23,"19":61,"20":61,"21":19,"22":9,"23":9,"24":9,"25":9,"26":9,"27":3,"28":6,"29":4,"30":4,"31":2,"32":14,"33":5,"34":5,"35":5,"36":5,"37":5,"38":3,"39":11,"40":4,"41":1,"42":2,"43":1,"44":4,"45":3,"46":1,"47":1,"48":1,"49":1,"50":26,"51":48,"52":26,"53":4,"54":4,"55":3,"56":23,"57":0,"58":23,"59":47,"60":1,"61":46,"62":46,"63":12,"64":11,"65":1},"f":{"0":6,"1":6,"2":23,"3":1,"4":23,"5":1,"6":2,"7":4,"8":26,"9":48},"b":{"0":[0,23],"1":[23,23,23],"2":[0,23],"3":[0,23],"4":[23,23,23],"5":[19,42],"6":[61,61],"7":[9,10],"8":[19,15],"9":[3,6],"10":[9,7,7],"11":[4,2],"12":[2,2],"13":[4,3],"14":[5,9],"15":[3,2],"16":[5,4,3],"17":[0],"18":[3,1],"19":[4,3,2],"20":[4,22],"21":[3,1],"22":[0,23],"23":[23,23,23,0],"24":[1,46],"25":[12,34]},"_coverageSchema":"1a1c01bbd47fc00a2c39e90264f33305004495a9","hash":"42c39ba06894b318a5b45c87dc62954795d22b62"}
,"/Users/andrejryzikov/AI-Challenge/Task8/src/validators/CreditCardValidator.js": {"path":"/Users/andrejryzikov/AI-Challenge/Task8/src/validators/CreditCardValidator.js","statementMap":{"0":{"start":{"line":1,"column":24},"end":{"line":1,"column":52}},"1":{"start":{"line":5,"column":4},"end":{"line":5,"column":12}},"2":{"start":{"line":7,"column":4},"end":{"line":7,"column":70}},"3":{"start":{"line":7,"column":43},"end":{"line":7,"column":68}},"4":{"start":{"line":9,"column":4},"end":{"line":9,"column":39}},"5":{"start":{"line":12,"column":4},"end":{"line":18,"column":6}},"6":{"start":{"line":20,"column":4},"end":{"line":45,"column":7}},"7":{"start":{"line":21,"column":6},"end":{"line":23,"column":7}},"8":{"start":{"line":22,"column":8},"end":{"line":22,"column":33}},"9":{"start":{"line":26,"column":26},"end":{"line":26,"column":50}},"10":{"start":{"line":29,"column":6},"end":{"line":34,"column":7}},"11":{"start":{"line":30,"column":8},"end":{"line":33,"column":10}},"12":{"start":{"line":37,"column":6},"end":{"line":42,"column":7}},"13":{"start":{"line":38,"column":8},"end":{"line":41,"column":10}},"14":{"start":{"line":44,"column":6},"end":{"line":44,"column":31}},"15":{"start":{"line":49,"column":4},"end":{"line":51,"column":5}},"16":{"start":{"line":50,"column":6},"end":{"line":50,"column":31}},"17":{"start":{"line":52,"column":4},"end":{"line":57,"column":5}},"18":{"start":{"line":53,"column":6},"end":{"line":56,"column":8}},"19":{"start":{"line":58,"column":4},"end":{"line":58,"column":29}},"20":{"start":{"line":63,"column":14},"end":{"line":63,"column":15}},"21":{"start":{"line":64,"column":17},"end":{"line":64,"column":22}},"22":{"start":{"line":67,"column":4},"end":{"line":79,"column":5}},"23":{"start":{"line":67,"column":17},"end":{"line":67,"column":33}},"24":{"start":{"line":68,"column":18},"end":{"line":68,"column":43}},"25":{"start":{"line":70,"column":6},"end":{"line":75,"column":7}},"26":{"start":{"line":71,"column":8},"end":{"line":71,"column":19}},"27":{"start":{"line":72,"column":8},"end":{"line":74,"column":9}},"28":{"start":{"line":73,"column":10},"end":{"line":73,"column":21}},"29":{"start":{"line":77,"column":6},"end":{"line":77,"column":19}},"30":{"start":{"line":78,"column":6},"end":{"line":78,"column":23}},"31":{"start":{"line":81,"column":4},"end":{"line":81,"column":28}},"32":{"start":{"line":86,"column":4},"end":{"line":88,"column":5}},"33":{"start":{"line":87,"column":6},"end":{"line":87,"column":60}},"34":{"start":{"line":90,"column":4},"end":{"line":103,"column":7}},"35":{"start":{"line":91,"column":6},"end":{"line":93,"column":7}},"36":{"start":{"line":92,"column":8},"end":{"line":92,"column":33}},"37":{"start":{"line":95,"column":26},"end":{"line":95,"column":50}},"38":{"start":{"line":96,"column":6},"end":{"line":101,"column":7}},"39":{"start":{"line":97,"column":8},"end":{"line":100,"column":10}},"40":{"start":{"line":102,"column":6},"end":{"line":102,"column":31}},"41":{"start":{"line":104,"column":4},"end":{"line":104,"column":16}},"42":{"start":{"line":108,"column":4},"end":{"line":108,"column":67}},"43":{"start":{"line":108,"column":43},"end":{"line":108,"column":65}},"44":{"start":{"line":109,"column":25},"end":{"line":117,"column":5}},"45":{"start":{"line":110,"column":6},"end":{"line":115,"column":7}},"46":{"start":{"line":111,"column":8},"end":{"line":114,"column":10}},"47":{"start":{"line":116,"column":6},"end":{"line":116,"column":31}},"48":{"start":{"line":118,"column":4},"end":{"line":118,"column":41}},"49":{"start":{"line":119,"column":4},"end":{"line":119,"column":37}},"50":{"start":{"line":120,"column":4},"end":{"line":120,"column":16}},"51":{"start":{"line":124,"column":25},"end":{"line":124,"column":71}},"52":{"start":{"line":124,"column":49},"end":{"line":124,"column":70}},"53":{"start":{"line":125,"column":4},"end":{"line":133,"column":5}},"54":{"start":{"line":126,"column":21},"end":{"line":126,"column":40}},"55":{"start":{"line":127,"column":6},"end":{"line":132,"column":7}},"56":{"start":{"line":128,"column":8},"end":{"line":131,"column":10}},"57":{"start":{"line":134,"column":4},"end":{"line":136,"column":5}},"58":{"start":{"line":135,"column":6},"end":{"line":135,"column":31}},"59":{"start":{"line":137,"column":4},"end":{"line":146,"column":5}},"60":{"start":{"line":138,"column":6},"end":{"line":138,"column":42}},"61":{"start":{"line":138,"column":33},"end":{"line":138,"column":42}},"62":{"start":{"line":139,"column":21},"end":{"line":139,"column":32}},"63":{"start":{"line":140,"column":6},"end":{"line":145,"column":7}},"64":{"start":{"line":141,"column":8},"end":{"line":144,"column":10}},"65":{"start":{"line":147,"column":4},"end":{"line":147,"column":29}},"66":{"start":{"line":151,"column":0},"end":{"line":151,"column":37}}},"fnMap":{"0":{"name":"(anonymous_0)","decl":{"start":{"line":4,"column":2},"end":{"line":4,"column":3}},"loc":{"start":{"line":4,"column":16},"end":{"line":46,"column":3}},"line":4},"1":{"name":"(anonymous_1)","decl":{"start":{"line":7,"column":35},"end":{"line":7,"column":36}},"loc":{"start":{"line":7,"column":43},"end":{"line":7,"column":68}},"line":7},"2":{"name":"(anonymous_2)","decl":{"start":{"line":20,"column":20},"end":{"line":20,"column":21}},"loc":{"start":{"line":20,"column":31},"end":{"line":45,"column":5}},"line":20},"3":{"name":"(anonymous_3)","decl":{"start":{"line":48,"column":2},"end":{"line":48,"column":3}},"loc":{"start":{"line":48,"column":19},"end":{"line":59,"column":3}},"line":48},"4":{"name":"(anonymous_4)","decl":{"start":{"line":62,"column":2},"end":{"line":62,"column":3}},"loc":{"start":{"line":62,"column":19},"end":{"line":82,"column":3}},"line":62},"5":{"name":"(anonymous_5)","decl":{"start":{"line":85,"column":2},"end":{"line":85,"column":3}},"loc":{"start":{"line":85,"column":17},"end":{"line":105,"column":3}},"line":85},"6":{"name":"(anonymous_6)","decl":{"start":{"line":90,"column":20},"end":{"line":90,"column":21}},"loc":{"start":{"line":90,"column":31},"end":{"line":103,"column":5}},"line":90},"7":{"name":"(anonymous_7)","decl":{"start":{"line":107,"column":2},"end":{"line":107,"column":3}},"loc":{"start":{"line":107,"column":55},"end":{"line":121,"column":3}},"line":107},"8":{"name":"(anonymous_8)","decl":{"start":{"line":108,"column":35},"end":{"line":108,"column":36}},"loc":{"start":{"line":108,"column":43},"end":{"line":108,"column":65}},"line":108},"9":{"name":"(anonymous_9)","decl":{"start":{"line":109,"column":25},"end":{"line":109,"column":26}},"loc":{"start":{"line":109,"column":36},"end":{"line":117,"column":5}},"line":109},"10":{"name":"(anonymous_10)","decl":{"start":{"line":123,"column":2},"end":{"line":123,"column":3}},"loc":{"start":{"line":123,"column":18},"end":{"line":148,"column":3}},"line":123},"11":{"name":"(anonymous_11)","decl":{"start":{"line":124,"column":41},"end":{"line":124,"column":42}},"loc":{"start":{"line":124,"column":49},"end":{"line":124,"column":70}},"line":124}},"branchMap":{"0":{"loc":{"start":{"line":21,"column":6},"end":{"line":23,"column":7}},"type":"if","locations":[{"start":{"line":21,"column":6},"end":{"line":23,"column":7}},{"start":{},"end":{}}],"line":21},"1":{"loc":{"start":{"line":21,"column":10},"end":{"line":21,"column":63}},"type":"binary-expr","locations":[{"start":{"line":21,"column":10},"end":{"line":21,"column":24}},{"start":{"line":21,"column":28},"end":{"line":21,"column":47}},{"start":{"line":21,"column":51},"end":{"line":21,"column":63}}],"line":21},"2":{"loc":{"start":{"line":29,"column":6},"end":{"line":34,"column":7}},"type":"if","locations":[{"start":{"line":29,"column":6},"end":{"line":34,"column":7}},{"start":{},"end":{}}],"line":29},"3":{"loc":{"start":{"line":29,"column":10},"end":{"line":29,"column":60}},"type":"binary-expr","locations":[{"start":{"line":29,"column":10},"end":{"line":29,"column":33}},{"start":{"line":29,"column":37},"end":{"line":29,"column":60}}],"line":29},"4":{"loc":{"start":{"line":37,"column":6},"end":{"line":42,"column":7}},"type":"if","locations":[{"start":{"line":37,"column":6},"end":{"line":42,"column":7}},{"start":{},"end":{}}],"line":37},"5":{"loc":{"start":{"line":49,"column":4},"end":{"line":51,"column":5}},"type":"if","locations":[{"start":{"line":49,"column":4},"end":{"line":51,"column":5}},{"start":{},"end":{}}],"line":49},"6":{"loc":{"start":{"line":49,"column":8},"end":{"line":49,"column":61}},"type":"binary-expr","locations":[{"start":{"line":49,"column":8},"end":{"line":49,"column":22}},{"start":{"line":49,"column":26},"end":{"line":49,"column":45}},{"start":{"line":49,"column":49},"end":{"line":49,"column":61}}],"line":49},"7":{"loc":{"start":{"line":52,"column":4},"end":{"line":57,"column":5}},"type":"if","locations":[{"start":{"line":52,"column":4},"end":{"line":57,"column":5}},{"start":{},"end":{}}],"line":52},"8":{"loc":{"start":{"line":70,"column":6},"end":{"line":75,"column":7}},"type":"if","locations":[{"start":{"line":70,"column":6},"end":{"line":75,"column":7}},{"start":{},"end":{}}],"line":70},"9":{"loc":{"start":{"line":72,"column":8},"end":{"line":74,"column":9}},"type":"if","locations":[{"start":{"line":72,"column":8},"end":{"line":74,"column":9}},{"start":{},"end":{}}],"line":72},"10":{"loc":{"start":{"line":86,"column":4},"end":{"line":88,"column":5}},"type":"if","locations":[{"start":{"line":86,"column":4},"end":{"line":88,"column":5}},{"start":{},"end":{}}],"line":86},"11":{"loc":{"start":{"line":91,"column":6},"end":{"line":93,"column":7}},"type":"if","locations":[{"start":{"line":91,"column":6},"end":{"line":93,"column":7}},{"start":{},"end":{}}],"line":91},"12":{"loc":{"start":{"line":91,"column":10},"end":{"line":91,"column":63}},"type":"binary-expr","locations":[{"start":{"line":91,"column":10},"end":{"line":91,"column":24}},{"start":{"line":91,"column":28},"end":{"line":91,"column":47}},{"start":{"line":91,"column":51},"end":{"line":91,"column":63}}],"line":91},"13":{"loc":{"start":{"line":96,"column":6},"end":{"line":101,"column":7}},"type":"if","locations":[{"start":{"line":96,"column":6},"end":{"line":101,"column":7}},{"start":{},"end":{}}],"line":96},"14":{"loc":{"start":{"line":107,"column":11},"end":{"line":107,"column":53}},"type":"default-arg","locations":[{"start":{"line":107,"column":21},"end":{"line":107,"column":53}}],"line":107},"15":{"loc":{"start":{"line":110,"column":6},"end":{"line":115,"column":7}},"type":"if","locations":[{"start":{"line":110,"column":6},"end":{"line":115,"column":7}},{"start":{},"end":{}}],"line":110},"16":{"loc":{"start":{"line":110,"column":10},"end":{"line":110,"column":63}},"type":"binary-expr","locations":[{"start":{"line":110,"column":10},"end":{"line":110,"column":24}},{"start":{"line":110,"column":28},"end":{"line":110,"column":47}},{"start":{"line":110,"column":51},"end":{"line":110,"column":63}}],"line":110},"17":{"loc":{"start":{"line":125,"column":4},"end":{"line":133,"column":5}},"type":"if","locations":[{"start":{"line":125,"column":4},"end":{"line":133,"column":5}},{"start":{},"end":{}}],"line":125},"18":{"loc":{"start":{"line":127,"column":6},"end":{"line":132,"column":7}},"type":"if","locations":[{"start":{"line":127,"column":6},"end":{"line":132,"column":7}},{"start":{},"end":{}}],"line":127},"19":{"loc":{"start":{"line":134,"column":4},"end":{"line":136,"column":5}},"type":"if","locations":[{"start":{"line":134,"column":4},"end":{"line":136,"column":5}},{"start":{},"end":{}}],"line":134},"20":{"loc":{"start":{"line":134,"column":8},"end":{"line":134,"column":80}},"type":"binary-expr","locations":[{"start":{"line":134,"column":9},"end":{"line":134,"column":23}},{"start":{"line":134,"column":27},"end":{"line":134,"column":46}},{"start":{"line":134,"column":50},"end":{"line":134,"column":62}},{"start":{"line":134,"column":67},"end":{"line":134,"column":80}}],"line":134},"21":{"loc":{"start":{"line":138,"column":6},"end":{"line":138,"column":42}},"type":"if","locations":[{"start":{"line":138,"column":6},"end":{"line":138,"column":42}},{"start":{},"end":{}}],"line":138},"22":{"loc":{"start":{"line":140,"column":6},"end":{"line":145,"column":7}},"type":"if","locations":[{"start":{"line":140,"column":6},"end":{"line":145,"column":7}},{"start":{},"end":{}}],"line":140}},"s":{"0":1,"1":8,"2":8,"3":8,"4":8,"5":8,"6":8,"7":18,"8":0,"9":18,"10":18,"11":1,"12":17,"13":2,"14":15,"15":18,"16":0,"17":18,"18":0,"19":18,"20":17,"21":17,"22":17,"23":17,"24":270,"25":270,"26":134,"27":134,"28":37,"29":270,"30":270,"31":17,"32":3,"33":0,"34":3,"35":6,"36":0,"37":6,"38":6,"39":3,"40":3,"41":3,"42":2,"43":4,"44":2,"45":4,"46":3,"47":1,"48":2,"49":2,"50":2,"51":23,"52":48,"53":23,"54":4,"55":4,"56":3,"57":20,"58":2,"59":18,"60":43,"61":1,"62":42,"63":42,"64":6,"65":12,"66":1},"f":{"0":8,"1":8,"2":18,"3":18,"4":17,"5":3,"6":6,"7":2,"8":4,"9":4,"10":23,"11":48},"b":{"0":[0,18],"1":[18,18,18],"2":[1,17],"3":[18,17],"4":[2,15],"5":[0,18],"6":[18,18,18],"7":[0,18],"8":[134,136],"9":[37,97],"10":[0,3],"11":[0,6],"12":[6,6,6],"13":[3,3],"14":[1],"15":[3,1],"16":[4,2,1],"17":[4,19],"18":[3,1],"19":[2,18],"20":[20,19,18,2],"21":[1,42],"22":[6,36]},"_coverageSchema":"1a1c01bbd47fc00a2c39e90264f33305004495a9","hash":"e862dc4e00020ea3e9189a3a66bd4c4a0879d0dc"}
,"/Users/andrejryzikov/AI-Challenge/Task8/src/validators/DateValidator.js": {"path":"/Users/andrejryzikov/AI-Challenge/Task8/src/validators/DateValidator.js","statementMap":{"0":{"start":{"line":1,"column":22},"end":{"line":1,"column":48}},"1":{"start":{"line":5,"column":4},"end":{"line":5,"column":12}},"2":{"start":{"line":6,"column":4},"end":{"line":6,"column":36}},"3":{"start":{"line":10,"column":4},"end":{"line":15,"column":5}},"4":{"start":{"line":11,"column":6},"end":{"line":14,"column":8}},"5":{"start":{"line":16,"column":4},"end":{"line":16,"column":29}},"6":{"start":{"line":20,"column":4},"end":{"line":28,"column":7}},"7":{"start":{"line":21,"column":6},"end":{"line":26,"column":7}},"8":{"start":{"line":22,"column":8},"end":{"line":25,"column":10}},"9":{"start":{"line":27,"column":6},"end":{"line":27,"column":31}},"10":{"start":{"line":29,"column":4},"end":{"line":29,"column":16}},"11":{"start":{"line":33,"column":4},"end":{"line":41,"column":7}},"12":{"start":{"line":34,"column":6},"end":{"line":39,"column":7}},"13":{"start":{"line":35,"column":8},"end":{"line":38,"column":10}},"14":{"start":{"line":40,"column":6},"end":{"line":40,"column":31}},"15":{"start":{"line":42,"column":4},"end":{"line":42,"column":16}},"16":{"start":{"line":46,"column":4},"end":{"line":54,"column":7}},"17":{"start":{"line":47,"column":6},"end":{"line":52,"column":7}},"18":{"start":{"line":48,"column":8},"end":{"line":51,"column":10}},"19":{"start":{"line":53,"column":6},"end":{"line":53,"column":31}},"20":{"start":{"line":55,"column":4},"end":{"line":55,"column":16}},"21":{"start":{"line":59,"column":0},"end":{"line":59,"column":31}}},"fnMap":{"0":{"name":"(anonymous_0)","decl":{"start":{"line":4,"column":2},"end":{"line":4,"column":3}},"loc":{"start":{"line":4,"column":16},"end":{"line":7,"column":3}},"line":4},"1":{"name":"(anonymous_1)","decl":{"start":{"line":9,"column":2},"end":{"line":9,"column":3}},"loc":{"start":{"line":9,"column":19},"end":{"line":17,"column":3}},"line":9},"2":{"name":"(anonymous_2)","decl":{"start":{"line":19,"column":2},"end":{"line":19,"column":3}},"loc":{"start":{"line":19,"column":15},"end":{"line":30,"column":3}},"line":19},"3":{"name":"(anonymous_3)","decl":{"start":{"line":20,"column":20},"end":{"line":20,"column":21}},"loc":{"start":{"line":20,"column":31},"end":{"line":28,"column":5}},"line":20},"4":{"name":"(anonymous_4)","decl":{"start":{"line":32,"column":2},"end":{"line":32,"column":3}},"loc":{"start":{"line":32,"column":15},"end":{"line":43,"column":3}},"line":32},"5":{"name":"(anonymous_5)","decl":{"start":{"line":33,"column":20},"end":{"line":33,"column":21}},"loc":{"start":{"line":33,"column":31},"end":{"line":41,"column":5}},"line":33},"6":{"name":"(anonymous_6)","decl":{"start":{"line":45,"column":2},"end":{"line":45,"column":3}},"loc":{"start":{"line":45,"column":13},"end":{"line":56,"column":3}},"line":45},"7":{"name":"(anonymous_7)","decl":{"start":{"line":46,"column":20},"end":{"line":46,"column":21}},"loc":{"start":{"line":46,"column":31},"end":{"line":54,"column":5}},"line":46}},"branchMap":{"0":{"loc":{"start":{"line":10,"column":4},"end":{"line":15,"column":5}},"type":"if","locations":[{"start":{"line":10,"column":4},"end":{"line":15,"column":5}},{"start":{},"end":{}}],"line":10},"1":{"loc":{"start":{"line":10,"column":8},"end":{"line":10,"column":58}},"type":"binary-expr","locations":[{"start":{"line":10,"column":8},"end":{"line":10,"column":32}},{"start":{"line":10,"column":36},"end":{"line":10,"column":58}}],"line":10},"2":{"loc":{"start":{"line":21,"column":6},"end":{"line":26,"column":7}},"type":"if","locations":[{"start":{"line":21,"column":6},"end":{"line":26,"column":7}},{"start":{},"end":{}}],"line":21},"3":{"loc":{"start":{"line":34,"column":6},"end":{"line":39,"column":7}},"type":"if","locations":[{"start":{"line":34,"column":6},"end":{"line":39,"column":7}},{"start":{},"end":{}}],"line":34},"4":{"loc":{"start":{"line":47,"column":6},"end":{"line":52,"column":7}},"type":"if","locations":[{"start":{"line":47,"column":6},"end":{"line":52,"column":7}},{"start":{},"end":{}}],"line":47},"5":{"loc":{"start":{"line":47,"column":10},"end":{"line":47,"column":47}},"type":"binary-expr","locations":[{"start":{"line":47,"column":10},"end":{"line":47,"column":29}},{"start":{"line":47,"column":33},"end":{"line":47,"column":47}}],"line":47}},"s":{"0":1,"1":6,"2":6,"3":15,"4":6,"5":9,"6":1,"7":3,"8":1,"9":2,"10":1,"11":1,"12":3,"13":1,"14":2,"15":1,"16":1,"17":1,"18":0,"19":1,"20":1,"21":1},"f":{"0":6,"1":15,"2":1,"3":3,"4":1,"5":3,"6":1,"7":1},"b":{"0":[6,9],"1":[15,10],"2":[1,2],"3":[1,2],"4":[0,1],"5":[1,1]},"_coverageSchema":"1a1c01bbd47fc00a2c39e90264f33305004495a9","hash":"cf64667cddac0dffe7f47b5356285f0a756fe073"}
,"/Users/andrejryzikov/AI-Challenge/Task8/src/validators/EmailValidator.js": {"path":"/Users/andrejryzikov/AI-Challenge/Task8/src/validators/EmailValidator.js","statementMap":{"0":{"start":{"line":1,"column":24},"end":{"line":1,"column":52}},"1":{"start":{"line":5,"column":4},"end":{"line":5,"column":12}},"2":{"start":{"line":7,"column":23},"end":{"line":7,"column":157}},"3":{"start":{"line":8,"column":4},"end":{"line":16,"column":7}},"4":{"start":{"line":9,"column":6},"end":{"line":14,"column":7}},"5":{"start":{"line":10,"column":8},"end":{"line":13,"column":10}},"6":{"start":{"line":15,"column":6},"end":{"line":15,"column":31}},"7":{"start":{"line":20,"column":0},"end":{"line":20,"column":32}}},"fnMap":{"0":{"name":"(anonymous_0)","decl":{"start":{"line":4,"column":2},"end":{"line":4,"column":3}},"loc":{"start":{"line":4,"column":16},"end":{"line":17,"column":3}},"line":4},"1":{"name":"(anonymous_1)","decl":{"start":{"line":8,"column":20},"end":{"line":8,"column":21}},"loc":{"start":{"line":8,"column":31},"end":{"line":16,"column":5}},"line":8}},"branchMap":{"0":{"loc":{"start":{"line":9,"column":6},"end":{"line":14,"column":7}},"type":"if","locations":[{"start":{"line":9,"column":6},"end":{"line":14,"column":7}},{"start":{},"end":{}}],"line":9}},"s":{"0":1,"1":4,"2":4,"3":4,"4":8,"5":4,"6":4,"7":1},"f":{"0":4,"1":8},"b":{"0":[4,4]},"_coverageSchema":"1a1c01bbd47fc00a2c39e90264f33305004495a9","hash":"121ef0a32727d77bdc78639a091cdfb1734ecc81"}
,"/Users/andrejryzikov/AI-Challenge/Task8/src/validators/IPAddressValidator.js": {"path":"/Users/andrejryzikov/AI-Challenge/Task8/src/validators/IPAddressValidator.js","statementMap":{"0":{"start":{"line":1,"column":24},"end":{"line":1,"column":52}},"1":{"start":{"line":5,"column":4},"end":{"line":5,"column":12}},"2":{"start":{"line":7,"column":4},"end":{"line":7,"column":70}},"3":{"start":{"line":7,"column":43},"end":{"line":7,"column":68}},"4":{"start":{"line":9,"column":4},"end":{"line":9,"column":39}},"5":{"start":{"line":11,"column":22},"end":{"line":11,"column":47}},"6":{"start":{"line":13,"column":22},"end":{"line":13,"column":417}},"7":{"start":{"line":15,"column":4},"end":{"line":39,"column":7}},"8":{"start":{"line":16,"column":6},"end":{"line":18,"column":7}},"9":{"start":{"line":17,"column":8},"end":{"line":17,"column":33}},"10":{"start":{"line":19,"column":6},"end":{"line":24,"column":7}},"11":{"start":{"line":20,"column":8},"end":{"line":23,"column":10}},"12":{"start":{"line":26,"column":6},"end":{"line":37,"column":7}},"13":{"start":{"line":27,"column":23},"end":{"line":27,"column":39}},"14":{"start":{"line":28,"column":8},"end":{"line":36,"column":9}},"15":{"start":{"line":29,"column":22},"end":{"line":29,"column":41}},"16":{"start":{"line":30,"column":10},"end":{"line":35,"column":11}},"17":{"start":{"line":31,"column":12},"end":{"line":34,"column":14}},"18":{"start":{"line":38,"column":6},"end":{"line":38,"column":31}},"19":{"start":{"line":43,"column":4},"end":{"line":45,"column":5}},"20":{"start":{"line":44,"column":6},"end":{"line":44,"column":31}},"21":{"start":{"line":46,"column":4},"end":{"line":51,"column":5}},"22":{"start":{"line":47,"column":6},"end":{"line":50,"column":8}},"23":{"start":{"line":52,"column":4},"end":{"line":52,"column":29}},"24":{"start":{"line":57,"column":22},"end":{"line":57,"column":47}},"25":{"start":{"line":58,"column":4},"end":{"line":80,"column":7}},"26":{"start":{"line":59,"column":6},"end":{"line":61,"column":7}},"27":{"start":{"line":60,"column":8},"end":{"line":60,"column":33}},"28":{"start":{"line":63,"column":6},"end":{"line":68,"column":7}},"29":{"start":{"line":64,"column":8},"end":{"line":67,"column":10}},"30":{"start":{"line":69,"column":21},"end":{"line":69,"column":37}},"31":{"start":{"line":70,"column":6},"end":{"line":78,"column":7}},"32":{"start":{"line":71,"column":20},"end":{"line":71,"column":39}},"33":{"start":{"line":72,"column":8},"end":{"line":77,"column":9}},"34":{"start":{"line":73,"column":10},"end":{"line":76,"column":12}},"35":{"start":{"line":79,"column":6},"end":{"line":79,"column":31}},"36":{"start":{"line":81,"column":4},"end":{"line":81,"column":16}},"37":{"start":{"line":86,"column":22},"end":{"line":86,"column":417}},"38":{"start":{"line":87,"column":4},"end":{"line":99,"column":7}},"39":{"start":{"line":88,"column":6},"end":{"line":90,"column":7}},"40":{"start":{"line":89,"column":8},"end":{"line":89,"column":33}},"41":{"start":{"line":92,"column":6},"end":{"line":97,"column":7}},"42":{"start":{"line":93,"column":8},"end":{"line":96,"column":10}},"43":{"start":{"line":98,"column":6},"end":{"line":98,"column":31}},"44":{"start":{"line":100,"column":4},"end":{"line":100,"column":16}},"45":{"start":{"line":105,"column":4},"end":{"line":105,"column":67}},"46":{"start":{"line":105,"column":43},"end":{"line":105,"column":65}},"47":{"start":{"line":106,"column":25},"end":{"line":114,"column":5}},"48":{"start":{"line":107,"column":6},"end":{"line":112,"column":7}},"49":{"start":{"line":108,"column":8},"end":{"line":111,"column":10}},"50":{"start":{"line":113,"column":6},"end":{"line":113,"column":31}},"51":{"start":{"line":115,"column":4},"end":{"line":115,"column":41}},"52":{"start":{"line":116,"column":4},"end":{"line":116,"column":37}},"53":{"start":{"line":117,"column":4},"end":{"line":117,"column":16}},"54":{"start":{"line":122,"column":4},"end":{"line":122,"column":67}},"55":{"start":{"line":122,"column":43},"end":{"line":122,"column":65}},"56":{"start":{"line":123,"column":25},"end":{"line":128,"column":5}},"57":{"start":{"line":124,"column":6},"end":{"line":126,"column":7}},"58":{"start":{"line":125,"column":8},"end":{"line":125,"column":33}},"59":{"start":{"line":127,"column":6},"end":{"line":127,"column":31}},"60":{"start":{"line":129,"column":4},"end":{"line":129,"column":41}},"61":{"start":{"line":130,"column":4},"end":{"line":130,"column":37}},"62":{"start":{"line":131,"column":4},"end":{"line":131,"column":16}},"63":{"start":{"line":136,"column":25},"end":{"line":136,"column":71}},"64":{"start":{"line":136,"column":49},"end":{"line":136,"column":70}},"65":{"start":{"line":137,"column":4},"end":{"line":145,"column":5}},"66":{"start":{"line":138,"column":21},"end":{"line":138,"column":40}},"67":{"start":{"line":139,"column":6},"end":{"line":144,"column":7}},"68":{"start":{"line":140,"column":8},"end":{"line":143,"column":10}},"69":{"start":{"line":147,"column":4},"end":{"line":149,"column":5}},"70":{"start":{"line":148,"column":6},"end":{"line":148,"column":31}},"71":{"start":{"line":151,"column":4},"end":{"line":160,"column":5}},"72":{"start":{"line":152,"column":6},"end":{"line":152,"column":42}},"73":{"start":{"line":152,"column":33},"end":{"line":152,"column":42}},"74":{"start":{"line":153,"column":21},"end":{"line":153,"column":32}},"75":{"start":{"line":154,"column":6},"end":{"line":159,"column":7}},"76":{"start":{"line":155,"column":8},"end":{"line":158,"column":10}},"77":{"start":{"line":161,"column":4},"end":{"line":161,"column":29}},"78":{"start":{"line":165,"column":0},"end":{"line":165,"column":36}}},"fnMap":{"0":{"name":"(anonymous_0)","decl":{"start":{"line":4,"column":2},"end":{"line":4,"column":3}},"loc":{"start":{"line":4,"column":16},"end":{"line":40,"column":3}},"line":4},"1":{"name":"(anonymous_1)","decl":{"start":{"line":7,"column":35},"end":{"line":7,"column":36}},"loc":{"start":{"line":7,"column":43},"end":{"line":7,"column":68}},"line":7},"2":{"name":"(anonymous_2)","decl":{"start":{"line":15,"column":20},"end":{"line":15,"column":21}},"loc":{"start":{"line":15,"column":31},"end":{"line":39,"column":5}},"line":15},"3":{"name":"(anonymous_3)","decl":{"start":{"line":42,"column":2},"end":{"line":42,"column":3}},"loc":{"start":{"line":42,"column":19},"end":{"line":53,"column":3}},"line":42},"4":{"name":"(anonymous_4)","decl":{"start":{"line":56,"column":2},"end":{"line":56,"column":3}},"loc":{"start":{"line":56,"column":9},"end":{"line":82,"column":3}},"line":56},"5":{"name":"(anonymous_5)","decl":{"start":{"line":58,"column":20},"end":{"line":58,"column":21}},"loc":{"start":{"line":58,"column":31},"end":{"line":80,"column":5}},"line":58},"6":{"name":"(anonymous_6)","decl":{"start":{"line":85,"column":2},"end":{"line":85,"column":3}},"loc":{"start":{"line":85,"column":9},"end":{"line":101,"column":3}},"line":85},"7":{"name":"(anonymous_7)","decl":{"start":{"line":87,"column":20},"end":{"line":87,"column":21}},"loc":{"start":{"line":87,"column":31},"end":{"line":99,"column":5}},"line":87},"8":{"name":"(anonymous_8)","decl":{"start":{"line":103,"column":2},"end":{"line":103,"column":3}},"loc":{"start":{"line":103,"column":47},"end":{"line":118,"column":3}},"line":103},"9":{"name":"(anonymous_9)","decl":{"start":{"line":105,"column":35},"end":{"line":105,"column":36}},"loc":{"start":{"line":105,"column":43},"end":{"line":105,"column":65}},"line":105},"10":{"name":"(anonymous_10)","decl":{"start":{"line":106,"column":25},"end":{"line":106,"column":26}},"loc":{"start":{"line":106,"column":36},"end":{"line":114,"column":5}},"line":106},"11":{"name":"(anonymous_11)","decl":{"start":{"line":120,"column":2},"end":{"line":120,"column":3}},"loc":{"start":{"line":120,"column":13},"end":{"line":132,"column":3}},"line":120},"12":{"name":"(anonymous_12)","decl":{"start":{"line":122,"column":35},"end":{"line":122,"column":36}},"loc":{"start":{"line":122,"column":43},"end":{"line":122,"column":65}},"line":122},"13":{"name":"(anonymous_13)","decl":{"start":{"line":123,"column":25},"end":{"line":123,"column":26}},"loc":{"start":{"line":123,"column":36},"end":{"line":128,"column":5}},"line":123},"14":{"name":"(anonymous_14)","decl":{"start":{"line":134,"column":2},"end":{"line":134,"column":3}},"loc":{"start":{"line":134,"column":18},"end":{"line":162,"column":3}},"line":134},"15":{"name":"(anonymous_15)","decl":{"start":{"line":136,"column":41},"end":{"line":136,"column":42}},"loc":{"start":{"line":136,"column":49},"end":{"line":136,"column":70}},"line":136}},"branchMap":{"0":{"loc":{"start":{"line":16,"column":6},"end":{"line":18,"column":7}},"type":"if","locations":[{"start":{"line":16,"column":6},"end":{"line":18,"column":7}},{"start":{},"end":{}}],"line":16},"1":{"loc":{"start":{"line":16,"column":10},"end":{"line":16,"column":63}},"type":"binary-expr","locations":[{"start":{"line":16,"column":10},"end":{"line":16,"column":24}},{"start":{"line":16,"column":28},"end":{"line":16,"column":47}},{"start":{"line":16,"column":51},"end":{"line":16,"column":63}}],"line":16},"2":{"loc":{"start":{"line":19,"column":6},"end":{"line":24,"column":7}},"type":"if","locations":[{"start":{"line":19,"column":6},"end":{"line":24,"column":7}},{"start":{},"end":{}}],"line":19},"3":{"loc":{"start":{"line":19,"column":10},"end":{"line":19,"column":58}},"type":"binary-expr","locations":[{"start":{"line":19,"column":10},"end":{"line":19,"column":32}},{"start":{"line":19,"column":36},"end":{"line":19,"column":58}}],"line":19},"4":{"loc":{"start":{"line":26,"column":6},"end":{"line":37,"column":7}},"type":"if","locations":[{"start":{"line":26,"column":6},"end":{"line":37,"column":7}},{"start":{},"end":{}}],"line":26},"5":{"loc":{"start":{"line":30,"column":10},"end":{"line":35,"column":11}},"type":"if","locations":[{"start":{"line":30,"column":10},"end":{"line":35,"column":11}},{"start":{},"end":{}}],"line":30},"6":{"loc":{"start":{"line":30,"column":14},"end":{"line":30,"column":34}},"type":"binary-expr","locations":[{"start":{"line":30,"column":14},"end":{"line":30,"column":21}},{"start":{"line":30,"column":25},"end":{"line":30,"column":34}}],"line":30},"7":{"loc":{"start":{"line":43,"column":4},"end":{"line":45,"column":5}},"type":"if","locations":[{"start":{"line":43,"column":4},"end":{"line":45,"column":5}},{"start":{},"end":{}}],"line":43},"8":{"loc":{"start":{"line":43,"column":8},"end":{"line":43,"column":61}},"type":"binary-expr","locations":[{"start":{"line":43,"column":8},"end":{"line":43,"column":22}},{"start":{"line":43,"column":26},"end":{"line":43,"column":45}},{"start":{"line":43,"column":49},"end":{"line":43,"column":61}}],"line":43},"9":{"loc":{"start":{"line":46,"column":4},"end":{"line":51,"column":5}},"type":"if","locations":[{"start":{"line":46,"column":4},"end":{"line":51,"column":5}},{"start":{},"end":{}}],"line":46},"10":{"loc":{"start":{"line":59,"column":6},"end":{"line":61,"column":7}},"type":"if","locations":[{"start":{"line":59,"column":6},"end":{"line":61,"column":7}},{"start":{},"end":{}}],"line":59},"11":{"loc":{"start":{"line":59,"column":10},"end":{"line":59,"column":47}},"type":"binary-expr","locations":[{"start":{"line":59,"column":10},"end":{"line":59,"column":24}},{"start":{"line":59,"column":28},"end":{"line":59,"column":47}}],"line":59},"12":{"loc":{"start":{"line":63,"column":6},"end":{"line":68,"column":7}},"type":"if","locations":[{"start":{"line":63,"column":6},"end":{"line":68,"column":7}},{"start":{},"end":{}}],"line":63},"13":{"loc":{"start":{"line":72,"column":8},"end":{"line":77,"column":9}},"type":"if","locations":[{"start":{"line":72,"column":8},"end":{"line":77,"column":9}},{"start":{},"end":{}}],"line":72},"14":{"loc":{"start":{"line":72,"column":12},"end":{"line":72,"column":32}},"type":"binary-expr","locations":[{"start":{"line":72,"column":12},"end":{"line":72,"column":19}},{"start":{"line":72,"column":23},"end":{"line":72,"column":32}}],"line":72},"15":{"loc":{"start":{"line":88,"column":6},"end":{"line":90,"column":7}},"type":"if","locations":[{"start":{"line":88,"column":6},"end":{"line":90,"column":7}},{"start":{},"end":{}}],"line":88},"16":{"loc":{"start":{"line":88,"column":10},"end":{"line":88,"column":47}},"type":"binary-expr","locations":[{"start":{"line":88,"column":10},"end":{"line":88,"column":24}},{"start":{"line":88,"column":28},"end":{"line":88,"column":47}}],"line":88},"17":{"loc":{"start":{"line":92,"column":6},"end":{"line":97,"column":7}},"type":"if","locations":[{"start":{"line":92,"column":6},"end":{"line":97,"column":7}},{"start":{},"end":{}}],"line":92},"18":{"loc":{"start":{"line":103,"column":11},"end":{"line":103,"column":45}},"type":"default-arg","locations":[{"start":{"line":103,"column":21},"end":{"line":103,"column":45}}],"line":103},"19":{"loc":{"start":{"line":107,"column":6},"end":{"line":112,"column":7}},"type":"if","locations":[{"start":{"line":107,"column":6},"end":{"line":112,"column":7}},{"start":{},"end":{}}],"line":107},"20":{"loc":{"start":{"line":107,"column":10},"end":{"line":107,"column":63}},"type":"binary-expr","locations":[{"start":{"line":107,"column":10},"end":{"line":107,"column":24}},{"start":{"line":107,"column":28},"end":{"line":107,"column":47}},{"start":{"line":107,"column":51},"end":{"line":107,"column":63}}],"line":107},"21":{"loc":{"start":{"line":124,"column":6},"end":{"line":126,"column":7}},"type":"if","locations":[{"start":{"line":124,"column":6},"end":{"line":126,"column":7}},{"start":{},"end":{}}],"line":124},"22":{"loc":{"start":{"line":124,"column":10},"end":{"line":124,"column":63}},"type":"binary-expr","locations":[{"start":{"line":124,"column":10},"end":{"line":124,"column":24}},{"start":{"line":124,"column":28},"end":{"line":124,"column":47}},{"start":{"line":124,"column":51},"end":{"line":124,"column":63}}],"line":124},"23":{"loc":{"start":{"line":137,"column":4},"end":{"line":145,"column":5}},"type":"if","locations":[{"start":{"line":137,"column":4},"end":{"line":145,"column":5}},{"start":{},"end":{}}],"line":137},"24":{"loc":{"start":{"line":139,"column":6},"end":{"line":144,"column":7}},"type":"if","locations":[{"start":{"line":139,"column":6},"end":{"line":144,"column":7}},{"start":{},"end":{}}],"line":139},"25":{"loc":{"start":{"line":147,"column":4},"end":{"line":149,"column":5}},"type":"if","locations":[{"start":{"line":147,"column":4},"end":{"line":149,"column":5}},{"start":{},"end":{}}],"line":147},"26":{"loc":{"start":{"line":147,"column":8},"end":{"line":147,"column":80}},"type":"binary-expr","locations":[{"start":{"line":147,"column":9},"end":{"line":147,"column":23}},{"start":{"line":147,"column":27},"end":{"line":147,"column":46}},{"start":{"line":147,"column":50},"end":{"line":147,"column":62}},{"start":{"line":147,"column":67},"end":{"line":147,"column":80}}],"line":147},"27":{"loc":{"start":{"line":152,"column":6},"end":{"line":152,"column":42}},"type":"if","locations":[{"start":{"line":152,"column":6},"end":{"line":152,"column":42}},{"start":{},"end":{}}],"line":152},"28":{"loc":{"start":{"line":154,"column":6},"end":{"line":159,"column":7}},"type":"if","locations":[{"start":{"line":154,"column":6},"end":{"line":159,"column":7}},{"start":{},"end":{}}],"line":154}},"s":{"0":1,"1":17,"2":17,"3":17,"4":17,"5":17,"6":17,"7":17,"8":24,"9":3,"10":21,"11":6,"12":15,"13":10,"14":10,"15":36,"16":36,"17":3,"18":12,"19":24,"20":3,"21":21,"22":0,"23":21,"24":3,"25":3,"26":3,"27":0,"28":3,"29":1,"30":2,"31":2,"32":8,"33":8,"34":0,"35":2,"36":3,"37":6,"38":6,"39":3,"40":0,"41":3,"42":1,"43":2,"44":6,"45":3,"46":6,"47":3,"48":7,"49":6,"50":1,"51":3,"52":3,"53":3,"54":1,"55":2,"56":1,"57":3,"58":3,"59":0,"60":1,"61":1,"62":1,"63":32,"64":66,"65":32,"66":10,"67":10,"68":6,"69":26,"70":2,"71":24,"72":58,"73":4,"74":54,"75":54,"76":11,"77":13,"78":1},"f":{"0":17,"1":17,"2":24,"3":24,"4":3,"5":3,"6":6,"7":3,"8":3,"9":6,"10":7,"11":1,"12":2,"13":3,"14":32,"15":66},"b":{"0":[3,21],"1":[24,23,22],"2":[6,15],"3":[21,11],"4":[10,5],"5":[3,33],"6":[36,36],"7":[3,21],"8":[24,23,22],"9":[0,21],"10":[0,3],"11":[3,3],"12":[1,2],"13":[0,8],"14":[8,8],"15":[0,3],"16":[3,3],"17":[1,2],"18":[2],"19":[6,1],"20":[7,4,2],"21":[3,0],"22":[3,2,1],"23":[10,22],"24":[6,4],"25":[2,24],"26":[26,24,22,5],"27":[4,54],"28":[11,43]},"_coverageSchema":"1a1c01bbd47fc00a2c39e90264f33305004495a9","hash":"7f727adecb18edf5f37107f7829470783ad69f16"}
,"/Users/andrejryzikov/AI-Challenge/Task8/src/validators/NumberValidator.js": {"path":"/Users/andrejryzikov/AI-Challenge/Task8/src/validators/NumberValidator.js","statementMap":{"0":{"start":{"line":1,"column":22},"end":{"line":1,"column":48}},"1":{"start":{"line":5,"column":4},"end":{"line":5,"column":12}},"2":{"start":{"line":6,"column":4},"end":{"line":6,"column":36}},"3":{"start":{"line":10,"column":4},"end":{"line":15,"column":5}},"4":{"start":{"line":11,"column":6},"end":{"line":14,"column":8}},"5":{"start":{"line":16,"column":4},"end":{"line":16,"column":29}},"6":{"start":{"line":20,"column":4},"end":{"line":28,"column":7}},"7":{"start":{"line":21,"column":6},"end":{"line":26,"column":7}},"8":{"start":{"line":22,"column":8},"end":{"line":25,"column":10}},"9":{"start":{"line":27,"column":6},"end":{"line":27,"column":31}},"10":{"start":{"line":29,"column":4},"end":{"line":29,"column":16}},"11":{"start":{"line":33,"column":4},"end":{"line":41,"column":7}},"12":{"start":{"line":34,"column":6},"end":{"line":39,"column":7}},"13":{"start":{"line":35,"column":8},"end":{"line":38,"column":10}},"14":{"start":{"line":40,"column":6},"end":{"line":40,"column":31}},"15":{"start":{"line":42,"column":4},"end":{"line":42,"column":16}},"16":{"start":{"line":46,"column":4},"end":{"line":54,"column":7}},"17":{"start":{"line":47,"column":6},"end":{"line":52,"column":7}},"18":{"start":{"line":48,"column":8},"end":{"line":51,"column":10}},"19":{"start":{"line":53,"column":6},"end":{"line":53,"column":31}},"20":{"start":{"line":55,"column":4},"end":{"line":55,"column":16}},"21":{"start":{"line":59,"column":4},"end":{"line":67,"column":7}},"22":{"start":{"line":60,"column":6},"end":{"line":65,"column":7}},"23":{"start":{"line":61,"column":8},"end":{"line":64,"column":10}},"24":{"start":{"line":66,"column":6},"end":{"line":66,"column":31}},"25":{"start":{"line":68,"column":4},"end":{"line":68,"column":16}},"26":{"start":{"line":72,"column":4},"end":{"line":80,"column":7}},"27":{"start":{"line":73,"column":6},"end":{"line":78,"column":7}},"28":{"start":{"line":74,"column":8},"end":{"line":77,"column":10}},"29":{"start":{"line":79,"column":6},"end":{"line":79,"column":31}},"30":{"start":{"line":81,"column":4},"end":{"line":81,"column":16}},"31":{"start":{"line":85,"column":4},"end":{"line":93,"column":7}},"32":{"start":{"line":86,"column":6},"end":{"line":91,"column":7}},"33":{"start":{"line":87,"column":8},"end":{"line":90,"column":10}},"34":{"start":{"line":92,"column":6},"end":{"line":92,"column":31}},"35":{"start":{"line":94,"column":4},"end":{"line":94,"column":16}},"36":{"start":{"line":98,"column":0},"end":{"line":98,"column":33}}},"fnMap":{"0":{"name":"(anonymous_0)","decl":{"start":{"line":4,"column":2},"end":{"line":4,"column":3}},"loc":{"start":{"line":4,"column":16},"end":{"line":7,"column":3}},"line":4},"1":{"name":"(anonymous_1)","decl":{"start":{"line":9,"column":2},"end":{"line":9,"column":3}},"loc":{"start":{"line":9,"column":19},"end":{"line":17,"column":3}},"line":9},"2":{"name":"(anonymous_2)","decl":{"start":{"line":19,"column":2},"end":{"line":19,"column":3}},"loc":{"start":{"line":19,"column":16},"end":{"line":30,"column":3}},"line":19},"3":{"name":"(anonymous_3)","decl":{"start":{"line":20,"column":20},"end":{"line":20,"column":21}},"loc":{"start":{"line":20,"column":31},"end":{"line":28,"column":5}},"line":20},"4":{"name":"(anonymous_4)","decl":{"start":{"line":32,"column":2},"end":{"line":32,"column":3}},"loc":{"start":{"line":32,"column":16},"end":{"line":43,"column":3}},"line":32},"5":{"name":"(anonymous_5)","decl":{"start":{"line":33,"column":20},"end":{"line":33,"column":21}},"loc":{"start":{"line":33,"column":31},"end":{"line":41,"column":5}},"line":33},"6":{"name":"(anonymous_6)","decl":{"start":{"line":45,"column":2},"end":{"line":45,"column":3}},"loc":{"start":{"line":45,"column":12},"end":{"line":56,"column":3}},"line":45},"7":{"name":"(anonymous_7)","decl":{"start":{"line":46,"column":20},"end":{"line":46,"column":21}},"loc":{"start":{"line":46,"column":31},"end":{"line":54,"column":5}},"line":46},"8":{"name":"(anonymous_8)","decl":{"start":{"line":58,"column":2},"end":{"line":58,"column":3}},"loc":{"start":{"line":58,"column":13},"end":{"line":69,"column":3}},"line":58},"9":{"name":"(anonymous_9)","decl":{"start":{"line":59,"column":20},"end":{"line":59,"column":21}},"loc":{"start":{"line":59,"column":31},"end":{"line":67,"column":5}},"line":59},"10":{"name":"(anonymous_10)","decl":{"start":{"line":71,"column":2},"end":{"line":71,"column":3}},"loc":{"start":{"line":71,"column":13},"end":{"line":82,"column":3}},"line":71},"11":{"name":"(anonymous_11)","decl":{"start":{"line":72,"column":20},"end":{"line":72,"column":21}},"loc":{"start":{"line":72,"column":31},"end":{"line":80,"column":5}},"line":72},"12":{"name":"(anonymous_12)","decl":{"start":{"line":84,"column":2},"end":{"line":84,"column":3}},"loc":{"start":{"line":84,"column":13},"end":{"line":95,"column":3}},"line":84},"13":{"name":"(anonymous_13)","decl":{"start":{"line":85,"column":20},"end":{"line":85,"column":21}},"loc":{"start":{"line":85,"column":31},"end":{"line":93,"column":5}},"line":85}},"branchMap":{"0":{"loc":{"start":{"line":10,"column":4},"end":{"line":15,"column":5}},"type":"if","locations":[{"start":{"line":10,"column":4},"end":{"line":15,"column":5}},{"start":{},"end":{}}],"line":10},"1":{"loc":{"start":{"line":10,"column":8},"end":{"line":10,"column":49}},"type":"binary-expr","locations":[{"start":{"line":10,"column":8},"end":{"line":10,"column":33}},{"start":{"line":10,"column":37},"end":{"line":10,"column":49}}],"line":10},"2":{"loc":{"start":{"line":21,"column":6},"end":{"line":26,"column":7}},"type":"if","locations":[{"start":{"line":21,"column":6},"end":{"line":26,"column":7}},{"start":{},"end":{}}],"line":21},"3":{"loc":{"start":{"line":34,"column":6},"end":{"line":39,"column":7}},"type":"if","locations":[{"start":{"line":34,"column":6},"end":{"line":39,"column":7}},{"start":{},"end":{}}],"line":34},"4":{"loc":{"start":{"line":47,"column":6},"end":{"line":52,"column":7}},"type":"if","locations":[{"start":{"line":47,"column":6},"end":{"line":52,"column":7}},{"start":{},"end":{}}],"line":47},"5":{"loc":{"start":{"line":60,"column":6},"end":{"line":65,"column":7}},"type":"if","locations":[{"start":{"line":60,"column":6},"end":{"line":65,"column":7}},{"start":{},"end":{}}],"line":60},"6":{"loc":{"start":{"line":73,"column":6},"end":{"line":78,"column":7}},"type":"if","locations":[{"start":{"line":73,"column":6},"end":{"line":78,"column":7}},{"start":{},"end":{}}],"line":73},"7":{"loc":{"start":{"line":86,"column":6},"end":{"line":91,"column":7}},"type":"if","locations":[{"start":{"line":86,"column":6},"end":{"line":91,"column":7}},{"start":{},"end":{}}],"line":86},"8":{"loc":{"start":{"line":86,"column":10},"end":{"line":86,"column":47}},"type":"binary-expr","locations":[{"start":{"line":86,"column":10},"end":{"line":86,"column":29}},{"start":{"line":86,"column":33},"end":{"line":86,"column":47}}],"line":86}},"s":{"0":1,"1":12,"2":12,"3":33,"4":8,"5":25,"6":2,"7":9,"8":2,"9":7,"10":2,"11":1,"12":3,"13":1,"14":2,"15":1,"16":1,"17":2,"18":1,"19":1,"20":1,"21":1,"22":3,"23":2,"24":1,"25":1,"26":1,"27":3,"28":2,"29":1,"30":1,"31":3,"32":3,"33":0,"34":3,"35":3,"36":1},"f":{"0":12,"1":33,"2":2,"3":9,"4":1,"5":3,"6":1,"7":2,"8":1,"9":3,"10":1,"11":3,"12":3,"13":3},"b":{"0":[8,25],"1":[33,26],"2":[2,7],"3":[1,2],"4":[1,1],"5":[2,1],"6":[2,1],"7":[0,3],"8":[3,3]},"_coverageSchema":"1a1c01bbd47fc00a2c39e90264f33305004495a9","hash":"6c88f037476becbee3c0648ead6055baf33dbae3"}
,"/Users/andrejryzikov/AI-Challenge/Task8/src/validators/ObjectValidator.js": {"path":"/Users/andrejryzikov/AI-Challenge/Task8/src/validators/ObjectValidator.js","statementMap":{"0":{"start":{"line":1,"column":22},"end":{"line":1,"column":48}},"1":{"start":{"line":5,"column":4},"end":{"line":5,"column":12}},"2":{"start":{"line":6,"column":4},"end":{"line":8,"column":5}},"3":{"start":{"line":7,"column":6},"end":{"line":7,"column":50}},"4":{"start":{"line":9,"column":4},"end":{"line":9,"column":25}},"5":{"start":{"line":10,"column":4},"end":{"line":10,"column":59}},"6":{"start":{"line":10,"column":31},"end":{"line":10,"column":57}},"7":{"start":{"line":14,"column":4},"end":{"line":19,"column":5}},"8":{"start":{"line":15,"column":6},"end":{"line":18,"column":8}},"9":{"start":{"line":21,"column":19},"end":{"line":21,"column":21}},"10":{"start":{"line":22,"column":4},"end":{"line":27,"column":5}},"11":{"start":{"line":23,"column":21},"end":{"line":23,"column":51}},"12":{"start":{"line":24,"column":6},"end":{"line":26,"column":7}},"13":{"start":{"line":25,"column":8},"end":{"line":25,"column":59}},"14":{"start":{"line":29,"column":4},"end":{"line":34,"column":5}},"15":{"start":{"line":30,"column":6},"end":{"line":33,"column":8}},"16":{"start":{"line":36,"column":4},"end":{"line":36,"column":29}},"17":{"start":{"line":40,"column":0},"end":{"line":40,"column":33}}},"fnMap":{"0":{"name":"(anonymous_0)","decl":{"start":{"line":4,"column":2},"end":{"line":4,"column":3}},"loc":{"start":{"line":4,"column":22},"end":{"line":11,"column":3}},"line":4},"1":{"name":"(anonymous_1)","decl":{"start":{"line":10,"column":20},"end":{"line":10,"column":21}},"loc":{"start":{"line":10,"column":31},"end":{"line":10,"column":57}},"line":10},"2":{"name":"(anonymous_2)","decl":{"start":{"line":13,"column":2},"end":{"line":13,"column":3}},"loc":{"start":{"line":13,"column":24},"end":{"line":37,"column":3}},"line":13}},"branchMap":{"0":{"loc":{"start":{"line":6,"column":4},"end":{"line":8,"column":5}},"type":"if","locations":[{"start":{"line":6,"column":4},"end":{"line":8,"column":5}},{"start":{},"end":{}}],"line":6},"1":{"loc":{"start":{"line":6,"column":8},"end":{"line":6,"column":45}},"type":"binary-expr","locations":[{"start":{"line":6,"column":8},"end":{"line":6,"column":15}},{"start":{"line":6,"column":19},"end":{"line":6,"column":45}}],"line":6},"2":{"loc":{"start":{"line":14,"column":4},"end":{"line":19,"column":5}},"type":"if","locations":[{"start":{"line":14,"column":4},"end":{"line":19,"column":5}},{"start":{},"end":{}}],"line":14},"3":{"loc":{"start":{"line":14,"column":8},"end":{"line":14,"column":75}},"type":"binary-expr","locations":[{"start":{"line":14,"column":8},"end":{"line":14,"column":33}},{"start":{"line":14,"column":37},"end":{"line":14,"column":51}},{"start":{"line":14,"column":55},"end":{"line":14,"column":75}}],"line":14},"4":{"loc":{"start":{"line":24,"column":6},"end":{"line":26,"column":7}},"type":"if","locations":[{"start":{"line":24,"column":6},"end":{"line":26,"column":7}},{"start":{},"end":{}}],"line":24},"5":{"loc":{"start":{"line":29,"column":4},"end":{"line":34,"column":5}},"type":"if","locations":[{"start":{"line":29,"column":4},"end":{"line":34,"column":5}},{"start":{},"end":{}}],"line":29}},"s":{"0":1,"1":5,"2":5,"3":0,"4":5,"5":5,"6":10,"7":10,"8":1,"9":9,"10":9,"11":13,"12":13,"13":5,"14":9,"15":5,"16":4,"17":1},"f":{"0":5,"1":10,"2":10},"b":{"0":[0,5],"1":[5,5],"2":[1,9],"3":[10,9,9],"4":[5,8],"5":[5,4]},"_coverageSchema":"1a1c01bbd47fc00a2c39e90264f33305004495a9","hash":"7b278c5596d33c2274ca6e6d8b831bcd82395228"}
[...]
line":11,"column":6},"end":{"line":14,"column":8}},"5":{"start":{"line":16,"column":4},"end":{"line":16,"column":29}},"6":{"start":{"line":20,"column":4},"end":{"line":28,"column":7}},"7":{"start":{"line":21,"column":6},"end":{"line":26,"column":7}},"8":{"start":{"line":22,"column":8},"end":{"line":25,"column":10}},"9":{"start":{"line":27,"column":6},"end":{"line":27,"column":31}},"10":{"start":{"line":29,"column":4},"end":{"line":29,"column":16}},"11":{"start":{"line":33,"column":4},"end":{"line":41,"column":7}},"12":{"start":{"line":34,"column":6},"end":{"line":39,"column":7}},"13":{"start":{"line":35,"column":8},"end":{"line":38,"column":10}},"14":{"start":{"line":40,"column":6},"end":{"line":40,"column":31}},"15":{"start":{"line":42,"column":4},"end":{"line":42,"column":16}},"16":{"start":{"line":46,"column":4},"end":{"line":54,"column":7}},"17":{"start":{"line":47,"column":6},"end":{"line":52,"column":7}},"18":{"start":{"line":48,"column":8},"end":{"line":51,"column":10}},"19":{"start":{"line":53,"column":6},"end":{"line":53,"column":31}},"20":{"start":{"line":55,"column":4},"end":{"line":55,"column":16}},"21":{"start":{"line":59,"column":4},"end":{"line":67,"column":7}},"22":{"start":{"line":60,"column":6},"end":{"line":65,"column":7}},"23":{"start":{"line":61,"column":8},"end":{"line":64,"column":10}},"24":{"start":{"line":66,"column":6},"end":{"line":66,"column":31}},"25":{"start":{"line":68,"column":4},"end":{"line":68,"column":16}},"26":{"start":{"line":72,"column":0},"end":{"line":72,"column":33}}},"fnMap":{"0":{"name":"(anonymous_0)","decl":{"start":{"line":4,"column":2},"end":{"line":4,"column":3}},"loc":{"start":{"line":4,"column":16},"end":{"line":7,"column":3}},"line":4},"1":{"name":"(anonymous_1)","decl":{"start":{"line":9,"column":2},"end":{"line":9,"column":3}},"loc":{"start":{"line":9,"column":19},"end":{"line":17,"column":3}},"line":9},"2":{"name":"(anonymous_2)","decl":{"start":{"line":19,"column":2},"end":{"line":19,"column":3}},"loc":{"start":{"line":19,"column":20},"end":{"line":30,"column":3}},"line":19},"3":{"name":"(anonymous_3)","decl":{"start":{"line":20,"column":20},"end":{"line":20,"column":21}},"loc":{"start":{"line":20,"column":31},"end":{"line":28,"column":5}},"line":20},"4":{"name":"(anonymous_4)","decl":{"start":{"line":32,"column":2},"end":{"line":32,"column":3}},"loc":{"start":{"line":32,"column":20},"end":{"line":43,"column":3}},"line":32},"5":{"name":"(anonymous_5)","decl":{"start":{"line":33,"column":20},"end":{"line":33,"column":21}},"loc":{"start":{"line":33,"column":31},"end":{"line":41,"column":5}},"line":33},"6":{"name":"(anonymous_6)","decl":{"start":{"line":45,"column":2},"end":{"line":45,"column":3}},"loc":{"start":{"line":45,"column":17},"end":{"line":56,"column":3}},"line":45},"7":{"name":"(anonymous_7)","decl":{"start":{"line":46,"column":20},"end":{"line":46,"column":21}},"loc":{"start":{"line":46,"column":31},"end":{"line":54,"column":5}},"line":46},"8":{"name":"(anonymous_8)","decl":{"start":{"line":58,"column":2},"end":{"line":58,"column":3}},"loc":{"start":{"line":58,"column":13},"end":{"line":69,"column":3}},"line":58},"9":{"name":"(anonymous_9)","decl":{"start":{"line":59,"column":20},"end":{"line":59,"column":21}},"loc":{"start":{"line":59,"column":31},"end":{"line":67,"column":5}},"line":59}},"branchMap":{"0":{"loc":{"start":{"line":10,"column":4},"end":{"line":15,"column":5}},"type":"if","locations":[{"start":{"line":10,"column":4},"end":{"line":15,"column":5}},{"start":{},"end":{}}],"line":10},"1":{"loc":{"start":{"line":21,"column":6},"end":{"line":26,"column":7}},"type":"if","locations":[{"start":{"line":21,"column":6},"end":{"line":26,"column":7}},{"start":{},"end":{}}],"line":21},"2":{"loc":{"start":{"line":34,"column":6},"end":{"line":39,"column":7}},"type":"if","locations":[{"start":{"line":34,"column":6},"end":{"line":39,"column":7}},{"start":{},"end":{}}],"line":34},"3":{"loc":{"start":{"line":47,"column":6},"end":{"line":52,"column":7}},"type":"if","locations":[{"start":{"line":47,"column":6},"end":{"line":52,"column":7}},{"start":{},"end":{}}],"line":47},"4":{"loc":{"start":{"line":60,"column":6},"end":{"line":65,"column":7}},"type":"if","locations":[{"start":{"line":60,"column":6},"end":{"line":65,"column":7}},{"start":{},"end":{}}],"line":60},"5":{"loc":{"start":{"line":60,"column":10},"end":{"line":60,"column":63}},"type":"binary-expr","locations":[{"start":{"line":60,"column":10},"end":{"line":60,"column":29}},{"start":{"line":60,"column":33},"end":{"line":60,"column":47}},{"start":{"line":60,"column":51},"end":{"line":60,"column":63}}],"line":60}},"s":{"0":1,"1":99,"2":99,"3":69,"4":13,"5":56,"6":1,"7":2,"8":1,"9":1,"10":1,"11":1,"12":2,"13":1,"14":1,"15":1,"16":1,"17":2,"18":1,"19":1,"20":1,"21":9,"22":12,"23":1,"24":11,"25":9,"26":1},"f":{"0":99,"1":69,"2":1,"3":2,"4":1,"5":2,"6":1,"7":2,"8":9,"9":12},"b":{"0":[13,56],"1":[1,1],"2":[1,1],"3":[1,1],"4":[1,11],"5":[12,12,12]},"_coverageSchema":"1a1c01bbd47fc00a2c39e90264f33305004495a9","hash":"6b06ca6a0f075ce8d8a95c482420cc01603f1f47"}
,"/Users/andrejryzikov/AI-Challenge/Task8/src/validators/URLValidator.js": {"path":"/Users/andrejryzikov/AI-Challenge/Task8/src/validators/URLValidator.js","statementMap":{"0":{"start":{"line":1,"column":24},"end":{"line":1,"column":52}},"1":{"start":{"line":5,"column":4},"end":{"line":5,"column":12}},"2":{"start":{"line":7,"column":21},"end":{"line":7,"column":60}},"3":{"start":{"line":8,"column":4},"end":{"line":16,"column":7}},"4":{"start":{"line":9,"column":6},"end":{"line":14,"column":7}},"5":{"start":{"line":10,"column":8},"end":{"line":13,"column":10}},"6":{"start":{"line":15,"column":6},"end":{"line":15,"column":31}},"7":{"start":{"line":21,"column":26},"end":{"line":21,"column":70}},"8":{"start":{"line":22,"column":4},"end":{"line":30,"column":7}},"9":{"start":{"line":23,"column":6},"end":{"line":28,"column":7}},"10":{"start":{"line":24,"column":8},"end":{"line":27,"column":10}},"11":{"start":{"line":29,"column":6},"end":{"line":29,"column":31}},"12":{"start":{"line":31,"column":4},"end":{"line":31,"column":16}},"13":{"start":{"line":35,"column":0},"end":{"line":35,"column":30}}},"fnMap":{"0":{"name":"(anonymous_0)","decl":{"start":{"line":4,"column":2},"end":{"line":4,"column":3}},"loc":{"start":{"line":4,"column":16},"end":{"line":17,"column":3}},"line":4},"1":{"name":"(anonymous_1)","decl":{"start":{"line":8,"column":20},"end":{"line":8,"column":21}},"loc":{"start":{"line":8,"column":31},"end":{"line":16,"column":5}},"line":8},"2":{"name":"(anonymous_2)","decl":{"start":{"line":20,"column":2},"end":{"line":20,"column":3}},"loc":{"start":{"line":20,"column":23},"end":{"line":32,"column":3}},"line":20},"3":{"name":"(anonymous_3)","decl":{"start":{"line":22,"column":20},"end":{"line":22,"column":21}},"loc":{"start":{"line":22,"column":31},"end":{"line":30,"column":5}},"line":22}},"branchMap":{"0":{"loc":{"start":{"line":9,"column":6},"end":{"line":14,"column":7}},"type":"if","locations":[{"start":{"line":9,"column":6},"end":{"line":14,"column":7}},{"start":{},"end":{}}],"line":9},"1":{"loc":{"start":{"line":23,"column":6},"end":{"line":28,"column":7}},"type":"if","locations":[{"start":{"line":23,"column":6},"end":{"line":28,"column":7}},{"start":{},"end":{}}],"line":23}},"s":{"0":1,"1":5,"2":5,"3":5,"4":11,"5":3,"6":8,"7":1,"8":1,"9":3,"10":2,"11":1,"12":1,"13":1},"f":{"0":5,"1":11,"2":1,"3":3},"b":{"0":[3,8],"1":[2,1]},"_coverageSchema":"1a1c01bbd47fc00a2c39e90264f33305004495a9","hash":"caff06bf189eda520b4c1d3fbae29057a9c6d85f"}
,"/Users/andrejryzikov/AI-Challenge/Task8/src/validators/UUIDValidator.js": {"path":"/Users/andrejryzikov/AI-Challenge/Task8/src/validators/UUIDValidator.js","statementMap":{"0":{"start":{"line":1,"column":24},"end":{"line":1,"column":52}},"1":{"start":{"line":5,"column":4},"end":{"line":5,"column":12}},"2":{"start":{"line":7,"column":4},"end":{"line":7,"column":70}},"3":{"start":{"line":7,"column":43},"end":{"line":7,"column":68}},"4":{"start":{"line":9,"column":4},"end":{"line":9,"column":39}},"5":{"start":{"line":12,"column":4},"end":{"line":17,"column":6}},"6":{"start":{"line":20,"column":4},"end":{"line":31,"column":7}},"7":{"start":{"line":21,"column":6},"end":{"line":23,"column":7}},"8":{"start":{"line":22,"column":8},"end":{"line":22,"column":33}},"9":{"start":{"line":24,"column":6},"end":{"line":29,"column":7}},"10":{"start":{"line":25,"column":8},"end":{"line":28,"column":10}},"11":{"start":{"line":30,"column":6},"end":{"line":30,"column":31}},"12":{"start":{"line":35,"column":4},"end":{"line":37,"column":5}},"13":{"start":{"line":36,"column":6},"end":{"line":36,"column":31}},"14":{"start":{"line":38,"column":4},"end":{"line":43,"column":5}},"15":{"start":{"line":39,"column":6},"end":{"line":42,"column":8}},"16":{"start":{"line":44,"column":4},"end":{"line":44,"column":29}},"17":{"start":{"line":49,"column":4},"end":{"line":51,"column":5}},"18":{"start":{"line":50,"column":6},"end":{"line":50,"column":62}},"19":{"start":{"line":53,"column":4},"end":{"line":64,"column":7}},"20":{"start":{"line":54,"column":6},"end":{"line":56,"column":7}},"21":{"start":{"line":55,"column":8},"end":{"line":55,"column":33}},"22":{"start":{"line":57,"column":6},"end":{"line":62,"column":7}},"23":{"start":{"line":58,"column":8},"end":{"line":61,"column":10}},"24":{"start":{"line":63,"column":6},"end":{"line":63,"column":31}},"25":{"start":{"line":65,"column":4},"end":{"line":65,"column":16}},"26":{"start":{"line":70,"column":4},"end":{"line":81,"column":7}},"27":{"start":{"line":71,"column":6},"end":{"line":73,"column":7}},"28":{"start":{"line":72,"column":8},"end":{"line":72,"column":33}},"29":{"start":{"line":74,"column":6},"end":{"line":79,"column":7}},"30":{"start":{"line":75,"column":8},"end":{"line":78,"column":10}},"31":{"start":{"line":80,"column":6},"end":{"line":80,"column":31}},"32":{"start":{"line":82,"column":4},"end":{"line":82,"column":16}},"33":{"start":{"line":86,"column":4},"end":{"line":86,"column":67}},"34":{"start":{"line":86,"column":43},"end":{"line":86,"column":65}},"35":{"start":{"line":87,"column":25},"end":{"line":95,"column":5}},"36":{"start":{"line":88,"column":6},"end":{"line":93,"column":7}},"37":{"start":{"line":89,"column":8},"end":{"line":92,"column":10}},"38":{"start":{"line":94,"column":6},"end":{"line":94,"column":31}},"39":{"start":{"line":96,"column":4},"end":{"line":96,"column":41}},"40":{"start":{"line":97,"column":4},"end":{"line":97,"column":37}},"41":{"start":{"line":98,"column":4},"end":{"line":98,"column":16}},"42":{"start":{"line":102,"column":25},"end":{"line":102,"column":71}},"43":{"start":{"line":102,"column":49},"end":{"line":102,"column":70}},"44":{"start":{"line":103,"column":4},"end":{"line":111,"column":5}},"45":{"start":{"line":104,"column":21},"end":{"line":104,"column":40}},"46":{"start":{"line":105,"column":6},"end":{"line":110,"column":7}},"47":{"start":{"line":106,"column":8},"end":{"line":109,"column":10}},"48":{"start":{"line":112,"column":4},"end":{"line":114,"column":5}},"49":{"start":{"line":113,"column":6},"end":{"line":113,"column":31}},"50":{"start":{"line":115,"column":4},"end":{"line":124,"column":5}},"51":{"start":{"line":116,"column":6},"end":{"line":116,"column":42}},"52":{"start":{"line":116,"column":33},"end":{"line":116,"column":42}},"53":{"start":{"line":117,"column":21},"end":{"line":117,"column":32}},"54":{"start":{"line":118,"column":6},"end":{"line":123,"column":7}},"55":{"start":{"line":119,"column":8},"end":{"line":122,"column":10}},"56":{"start":{"line":125,"column":4},"end":{"line":125,"column":29}},"57":{"start":{"line":129,"column":0},"end":{"line":129,"column":31}}},"fnMap":{"0":{"name":"(anonymous_0)","decl":{"start":{"line":4,"column":2},"end":{"line":4,"column":3}},"loc":{"start":{"line":4,"column":16},"end":{"line":32,"column":3}},"line":4},"1":{"name":"(anonymous_1)","decl":{"start":{"line":7,"column":35},"end":{"line":7,"column":36}},"loc":{"start":{"line":7,"column":43},"end":{"line":7,"column":68}},"line":7},"2":{"name":"(anonymous_2)","decl":{"start":{"line":20,"column":20},"end":{"line":20,"column":21}},"loc":{"start":{"line":20,"column":31},"end":{"line":31,"column":5}},"line":20},"3":{"name":"(anonymous_3)","decl":{"start":{"line":34,"column":2},"end":{"line":34,"column":3}},"loc":{"start":{"line":34,"column":19},"end":{"line":45,"column":3}},"line":34},"4":{"name":"(anonymous_4)","decl":{"start":{"line":48,"column":2},"end":{"line":48,"column":3}},"loc":{"start":{"line":48,"column":19},"end":{"line":66,"column":3}},"line":48},"5":{"name":"(anonymous_5)","decl":{"start":{"line":53,"column":20},"end":{"line":53,"column":21}},"loc":{"start":{"line":53,"column":31},"end":{"line":64,"column":5}},"line":53},"6":{"name":"(anonymous_6)","decl":{"start":{"line":69,"column":2},"end":{"line":69,"column":3}},"loc":{"start":{"line":69,"column":15},"end":{"line":83,"column":3}},"line":69},"7":{"name":"(anonymous_7)","decl":{"start":{"line":70,"column":20},"end":{"line":70,"column":21}},"loc":{"start":{"line":70,"column":31},"end":{"line":81,"column":5}},"line":70},"8":{"name":"(anonymous_8)","decl":{"start":{"line":85,"column":2},"end":{"line":85,"column":3}},"loc":{"start":{"line":85,"column":41},"end":{"line":99,"column":3}},"line":85},"9":{"name":"(anonymous_9)","decl":{"start":{"line":86,"column":35},"end":{"line":86,"column":36}},"loc":{"start":{"line":86,"column":43},"end":{"line":86,"column":65}},"line":86},"10":{"name":"(anonymous_10)","decl":{"start":{"line":87,"column":25},"end":{"line":87,"column":26}},"loc":{"start":{"line":87,"column":36},"end":{"line":95,"column":5}},"line":87},"11":{"name":"(anonymous_11)","decl":{"start":{"line":101,"column":2},"end":{"line":101,"column":3}},"loc":{"start":{"line":101,"column":18},"end":{"line":126,"column":3}},"line":101},"12":{"name":"(anonymous_12)","decl":{"start":{"line":102,"column":41},"end":{"line":102,"column":42}},"loc":{"start":{"line":102,"column":49},"end":{"line":102,"column":70}},"line":102}},"branchMap":{"0":{"loc":{"start":{"line":21,"column":6},"end":{"line":23,"column":7}},"type":"if","locations":[{"start":{"line":21,"column":6},"end":{"line":23,"column":7}},{"start":{},"end":{}}],"line":21},"1":{"loc":{"start":{"line":21,"column":10},"end":{"line":21,"column":63}},"type":"binary-expr","locations":[{"start":{"line":21,"column":10},"end":{"line":21,"column":24}},{"start":{"line":21,"column":28},"end":{"line":21,"column":47}},{"start":{"line":21,"column":51},"end":{"line":21,"column":63}}],"line":21},"2":{"loc":{"start":{"line":24,"column":6},"end":{"line":29,"column":7}},"type":"if","locations":[{"start":{"line":24,"column":6},"end":{"line":29,"column":7}},{"start":{},"end":{}}],"line":24},"3":{"loc":{"start":{"line":35,"column":4},"end":{"line":37,"column":5}},"type":"if","locations":[{"start":{"line":35,"column":4},"end":{"line":37,"column":5}},{"start":{},"end":{}}],"line":35},"4":{"loc":{"start":{"line":35,"column":8},"end":{"line":35,"column":61}},"type":"binary-expr","locations":[{"start":{"line":35,"column":8},"end":{"line":35,"column":22}},{"start":{"line":35,"column":26},"end":{"line":35,"column":45}},{"start":{"line":35,"column":49},"end":{"line":35,"column":61}}],"line":35},"5":{"loc":{"start":{"line":38,"column":4},"end":{"line":43,"column":5}},"type":"if","locations":[{"start":{"line":38,"column":4},"end":{"line":43,"column":5}},{"start":{},"end":{}}],"line":38},"6":{"loc":{"start":{"line":49,"column":4},"end":{"line":51,"column":5}},"type":"if","locations":[{"start":{"line":49,"column":4},"end":{"line":51,"column":5}},{"start":{},"end":{}}],"line":49},"7":{"loc":{"start":{"line":54,"column":6},"end":{"line":56,"column":7}},"type":"if","locations":[{"start":{"line":54,"column":6},"end":{"line":56,"column":7}},{"start":{},"end":{}}],"line":54},"8":{"loc":{"start":{"line":54,"column":10},"end":{"line":54,"column":63}},"type":"binary-expr","locations":[{"start":{"line":54,"column":10},"end":{"line":54,"column":24}},{"start":{"line":54,"column":28},"end":{"line":54,"column":47}},{"start":{"line":54,"column":51},"end":{"line":54,"column":63}}],"line":54},"9":{"loc":{"start":{"line":57,"column":6},"end":{"line":62,"column":7}},"type":"if","locations":[{"start":{"line":57,"column":6},"end":{"line":62,"column":7}},{"start":{},"end":{}}],"line":57},"10":{"loc":{"start":{"line":71,"column":6},"end":{"line":73,"column":7}},"type":"if","locations":[{"start":{"line":71,"column":6},"end":{"line":73,"column":7}},{"start":{},"end":{}}],"line":71},"11":{"loc":{"start":{"line":71,"column":10},"end":{"line":71,"column":63}},"type":"binary-expr","locations":[{"start":{"line":71,"column":10},"end":{"line":71,"column":24}},{"start":{"line":71,"column":28},"end":{"line":71,"column":47}},{"start":{"line":71,"column":51},"end":{"line":71,"column":63}}],"line":71},"12":{"loc":{"start":{"line":74,"column":6},"end":{"line":79,"column":7}},"type":"if","locations":[{"start":{"line":74,"column":6},"end":{"line":79,"column":7}},{"start":{},"end":{}}],"line":74},"13":{"loc":{"start":{"line":85,"column":11},"end":{"line":85,"column":39}},"type":"default-arg","locations":[{"start":{"line":85,"column":21},"end":{"line":85,"column":39}}],"line":85},"14":{"loc":{"start":{"line":88,"column":6},"end":{"line":93,"column":7}},"type":"if","locations":[{"start":{"line":88,"column":6},"end":{"line":93,"column":7}},{"start":{},"end":{}}],"line":88},"15":{"loc":{"start":{"line":88,"column":10},"end":{"line":88,"column":63}},"type":"binary-expr","locations":[{"start":{"line":88,"column":10},"end":{"line":88,"column":24}},{"start":{"line":88,"column":28},"end":{"line":88,"column":47}},{"start":{"line":88,"column":51},"end":{"line":88,"column":63}}],"line":88},"16":{"loc":{"start":{"line":103,"column":4},"end":{"line":111,"column":5}},"type":"if","locations":[{"start":{"line":103,"column":4},"end":{"line":111,"column":5}},{"start":{},"end":{}}],"line":103},"17":{"loc":{"start":{"line":105,"column":6},"end":{"line":110,"column":7}},"type":"if","locations":[{"start":{"line":105,"column":6},"end":{"line":110,"column":7}},{"start":{},"end":{}}],"line":105},"18":{"loc":{"start":{"line":112,"column":4},"end":{"line":114,"column":5}},"type":"if","locations":[{"start":{"line":112,"column":4},"end":{"line":114,"column":5}},{"start":{},"end":{}}],"line":112},"19":{"loc":{"start":{"line":112,"column":8},"end":{"line":112,"column":80}},"type":"binary-expr","locations":[{"start":{"line":112,"column":9},"end":{"line":112,"column":23}},{"start":{"line":112,"column":27},"end":{"line":112,"column":46}},{"start":{"line":112,"column":50},"end":{"line":112,"column":62}},{"start":{"line":112,"column":67},"end":{"line":112,"column":80}}],"line":112},"20":{"loc":{"start":{"line":116,"column":6},"end":{"line":116,"column":42}},"type":"if","locations":[{"start":{"line":116,"column":6},"end":{"line":116,"column":42}},{"start":{},"end":{}}],"line":116},"21":{"loc":{"start":{"line":118,"column":6},"end":{"line":123,"column":7}},"type":"if","locations":[{"start":{"line":118,"column":6},"end":{"line":123,"column":7}},{"start":{},"end":{}}],"line":118}},"s":{"0":1,"1":19,"2":19,"3":19,"4":19,"5":19,"6":19,"7":27,"8":0,"9":27,"10":7,"11":20,"12":27,"13":0,"14":27,"15":0,"16":27,"17":10,"18":1,"19":9,"20":13,"21":0,"22":13,"23":8,"24":5,"25":9,"26":1,"27":3,"28":0,"29":3,"30":0,"31":3,"32":1,"33":2,"34":4,"35":2,"36":7,"37":6,"38":1,"39":2,"40":2,"41":2,"42":36,"43":84,"44":36,"45":7,"46":7,"47":6,"48":30,"49":3,"50":27,"51":71,"52":1,"53":70,"54":70,"55":15,"56":12,"57":1},"f":{"0":19,"1":19,"2":27,"3":27,"4":10,"5":13,"6":1,"7":3,"8":2,"9":4,"10":7,"11":36,"12":84},"b":{"0":[0,27],"1":[27,27,27],"2":[7,20],"3":[0,27],"4":[27,27,27],"5":[0,27],"6":[1,9],"7":[0,13],"8":[13,13,13],"9":[8,5],"10":[0,3],"11":[3,3,3],"12":[0,3],"13":[1],"14":[6,1],"15":[7,5,3],"16":[7,29],"17":[6,1],"18":[3,27],"19":[30,29,28,3],"20":[1,70],"21":[15,55]},"_coverageSchema":"1a1c01bbd47fc00a2c39e90264f33305004495a9","hash":"01c0223b2c2114435af03455ee39f47d676bca77"}
}
