TN:
SF:src/schema.js
FN:18,(anonymous_0)
FN:22,(anonymous_1)
FN:26,(anonymous_2)
FN:30,(anonymous_3)
FN:34,(anonymous_4)
FN:38,(anonymous_5)
FN:42,(anonymous_6)
FN:46,(anonymous_7)
FN:50,(anonymous_8)
FN:54,(anonymous_9)
FN:58,(anonymous_10)
FN:62,(anonymous_11)
FN:66,(anonymous_12)
FN:70,(anonymous_13)
FNF:14
FNH:14
FNDA:17,(anonymous_0)
FNDA:12,(anonymous_1)
FNDA:4,(anonymous_2)
FNDA:6,(anonymous_3)
FNDA:5,(anonymous_4)
FNDA:7,(anonymous_5)
FNDA:4,(anonymous_6)
FNDA:4,(anonymous_7)
FNDA:5,(anonymous_8)
FNDA:17,(anonymous_9)
FNDA:8,(anonymous_10)
FNDA:19,(anonymous_11)
FNDA:19,(anonymous_12)
FNDA:6,(anonymous_13)
DA:1,1
DA:2,1
DA:3,1
DA:4,1
DA:5,1
DA:6,1
DA:7,1
DA:8,1
DA:9,1
DA:10,1
DA:11,1
DA:12,1
DA:13,1
DA:14,1
DA:19,17
DA:23,12
DA:27,4
DA:31,6
DA:35,5
DA:39,7
DA:43,4
DA:47,4
DA:51,5
DA:55,17
DA:59,8
DA:63,19
DA:67,19
DA:71,6
DA:75,1
LF:29
LH:29
BRF:0
BRH:0
end_of_record
TN:
SF:src/validators/ArrayValidator.js
FN:4,(anonymous_0)
FN:7,(anonymous_1)
FN:10,(anonymous_2)
FN:18,(anonymous_3)
FN:33,(anonymous_4)
FN:34,(anonymous_5)
FN:46,(anonymous_6)
FN:47,(anonymous_7)
FN:59,(anonymous_8)
FN:60,(anonymous_9)
FNF:10
FNH:10
FNDA:7,(anonymous_0)
FNDA:14,(anonymous_1)
FNDA:14,(anonymous_2)
FNDA:18,(anonymous_3)
FNDA:1,(anonymous_4)
FNDA:2,(anonymous_5)
FNDA:1,(anonymous_6)
FNDA:2,(anonymous_7)
FNDA:1,(anonymous_8)
FNDA:1,(anonymous_9)
DA:1,1
DA:5,7
DA:6,7
DA:7,14
DA:11,14
DA:12,5
DA:17,9
DA:18,9
DA:19,18
DA:20,18
DA:21,1
DA:24,9
DA:25,1
DA:30,8
DA:34,1
DA:35,2
DA:36,1
DA:41,1
DA:43,1
DA:47,1
DA:48,2
DA:49,1
DA:54,1
DA:56,1
DA:60,1
DA:61,1
DA:62,0
DA:67,1
DA:69,1
DA:73,1
LF:30
LH:29
BRDA:11,0,0,5
BRDA:11,0,1,9
BRDA:20,1,0,1
BRDA:20,1,1,17
BRDA:24,2,0,1
BRDA:24,2,1,8
BRDA:35,3,0,1
BRDA:35,3,1,1
BRDA:48,4,0,1
BRDA:48,4,1,1
BRDA:61,5,0,0
BRDA:61,5,1,1
BRDA:61,6,0,1
BRDA:61,6,1,1
BRF:14
BRH:13
end_of_record
TN:
SF:src/validators/BaseValidator.js
FN:2,(anonymous_0)
FN:8,(anonymous_1)
FN:13,(anonymous_2)
FN:31,(anonymous_3)
FN:36,(anonymous_4)
FN:38,(anonymous_5)
FNF:6
FNH:6
FNDA:142,(anonymous_0)
FNDA:13,(anonymous_1)
FNDA:174,(anonymous_2)
FNDA:13,(anonymous_3)
FNDA:3,(anonymous_4)
FNDA:1,(anonymous_5)
DA:3,142
DA:4,142
DA:5,142
DA:9,13
DA:10,13
DA:14,174
DA:15,20
DA:18,154
DA:19,240
DA:20,240
DA:21,75
DA:28,79
DA:32,13
DA:33,13
DA:37,3
DA:38,3
DA:39,1
DA:40,1
DA:45,0
DA:47,3
DA:51,1
LF:21
LH:20
BRDA:14,0,0,20
BRDA:14,0,1,154
BRDA:14,1,0,174
BRDA:14,1,1,152
BRDA:14,1,2,41
BRDA:20,2,0,75
BRDA:20,2,1,165
BRDA:23,3,0,75
BRDA:23,3,1,66
BRDA:39,4,0,1
BRDA:39,4,1,0
BRDA:39,5,0,1
BRDA:39,5,1,1
BRF:13
BRH:12
end_of_record
TN:
SF:src/validators/BooleanValidator.js
FN:4,(anonymous_0)
FN:9,(anonymous_1)
FN:19,(anonymous_2)
FN:20,(anonymous_3)
FNF:4
FNH:4
FNDA:4,(anonymous_0)
FNDA:11,(anonymous_1)
FNDA:1,(anonymous_2)
FNDA:2,(anonymous_3)
DA:1,1
DA:5,4
DA:6,4
DA:10,11
DA:11,6
DA:16,5
DA:20,1
DA:21,2
DA:22,0
DA:27,2
DA:29,1
DA:33,1
LF:12
LH:11
BRDA:10,0,0,6
BRDA:10,0,1,5
BRDA:21,1,0,0
BRDA:21,1,1,2
BRDA:21,2,0,2
BRDA:21,2,1,2
BRF:6
BRH:5
end_of_record
TN:
SF:src/validators/ColorValidator.js
FN:4,(anonymous_0)
FN:7,(anonymous_1)
FN:19,(anonymous_2)
FN:32,(anonymous_3)
FN:37,(anonymous_4)
FN:69,(anonymous_5)
FN:70,(anonymous_6)
FN:71,(anonymous_7)
FN:85,(anonymous_8)
FN:86,(anonymous_9)
FNF:10
FNH:10
FNDA:6,(anonymous_0)
FNDA:6,(anonymous_1)
FNDA:23,(anonymous_2)
FNDA:1,(anonymous_3)
FNDA:23,(anonymous_4)
FNDA:1,(anonymous_5)
FNDA:2,(anonymous_6)
FNDA:4,(anonymous_7)
FNDA:26,(anonymous_8)
FNDA:48,(anonymous_9)
DA:1,1
DA:5,6
DA:6,6
DA:7,6
DA:8,6
DA:9,6
DA:10,6
DA:16,6
DA:20,23
DA:21,0
DA:23,23
DA:24,0
DA:29,23
DA:33,1
DA:34,1
DA:38,23
DA:39,0
DA:41,23
DA:42,61
DA:43,61
DA:44,19
DA:46,9
DA:47,9
DA:48,9
DA:49,9
DA:50,9
DA:51,6
DA:52,4
DA:53,4
DA:56,14
DA:57,5
DA:58,5
DA:59,5
DA:60,5
DA:61,5
DA:63,11
DA:66,4
DA:70,2
DA:71,1
DA:72,4
DA:73,3
DA:78,1
DA:80,1
DA:81,1
DA:82,1
DA:86,48
DA:87,26
DA:88,4
DA:89,4
DA:90,3
DA:96,23
DA:97,0
DA:99,23
DA:100,47
DA:101,46
DA:102,46
DA:103,12
DA:109,11
DA:113,1
LF:59
LH:55
BRDA:20,0,0,0
BRDA:20,0,1,23
BRDA:20,1,0,23
BRDA:20,1,1,23
BRDA:20,1,2,23
BRDA:23,2,0,0
BRDA:23,2,1,23
BRDA:38,3,0,0
BRDA:38,3,1,23
BRDA:38,4,0,23
BRDA:38,4,1,23
BRDA:38,4,2,23
BRDA:43,5,0,19
BRDA:43,5,1,42
BRDA:43,6,0,61
BRDA:43,6,1,61
BRDA:44,7,0,9
BRDA:44,7,1,10
BRDA:44,8,0,19
BRDA:44,8,1,15
BRDA:50,9,0,3
BRDA:50,9,1,6
BRDA:50,10,0,9
BRDA:50,10,1,7
BRDA:50,10,2,7
BRDA:51,11,0,4
BRDA:51,11,1,2
BRDA:53,12,0,2
BRDA:53,12,1,2
BRDA:53,13,0,4
BRDA:53,13,1,3
BRDA:56,14,0,5
BRDA:56,14,1,9
BRDA:61,15,0,3
BRDA:61,15,1,2
BRDA:61,16,0,5
BRDA:61,16,1,4
BRDA:61,16,2,3
BRDA:69,17,0,0
BRDA:72,18,0,3
BRDA:72,18,1,1
BRDA:72,19,0,4
BRDA:72,19,1,3
BRDA:72,19,2,2
BRDA:87,20,0,4
BRDA:87,20,1,22
BRDA:89,21,0,3
BRDA:89,21,1,1
BRDA:96,22,0,0
BRDA:96,22,1,23
BRDA:96,23,0,23
BRDA:96,23,1,23
BRDA:96,23,2,23
BRDA:96,23,3,0
BRDA:100,24,0,1
BRDA:100,24,1,46
BRDA:102,25,0,12
BRDA:102,25,1,34
BRF:58
BRH:52
end_of_record
TN:
SF:src/validators/CreditCardValidator.js
FN:4,(anonymous_0)
FN:7,(anonymous_1)
FN:20,(anonymous_2)
FN:48,(anonymous_3)
FN:62,(anonymous_4)
FN:85,(anonymous_5)
FN:90,(anonymous_6)
FN:107,(anonymous_7)
FN:108,(anonymous_8)
FN:109,(anonymous_9)
FN:123,(anonymous_10)
FN:124,(anonymous_11)
FNF:12
FNH:12
FNDA:8,(anonymous_0)
FNDA:8,(anonymous_1)
FNDA:18,(anonymous_2)
FNDA:18,(anonymous_3)
FNDA:17,(anonymous_4)
FNDA:3,(anonymous_5)
FNDA:6,(anonymous_6)
FNDA:2,(anonymous_7)
FNDA:4,(anonymous_8)
FNDA:4,(anonymous_9)
FNDA:23,(anonymous_10)
FNDA:48,(anonymous_11)
DA:1,1
DA:5,8
DA:7,8
DA:9,8
DA:12,8
DA:20,8
DA:21,18
DA:22,0
DA:26,18
DA:29,18
DA:30,1
DA:37,17
DA:38,2
DA:44,15
DA:49,18
DA:50,0
DA:52,18
DA:53,0
DA:58,18
DA:63,17
DA:64,17
DA:67,17
DA:68,270
DA:70,270
DA:71,134
DA:72,134
DA:73,37
DA:77,270
DA:78,270
DA:81,17
DA:86,3
DA:87,0
DA:90,3
DA:91,6
DA:92,0
DA:95,6
DA:96,6
DA:97,3
DA:102,3
DA:104,3
DA:108,4
DA:109,2
DA:110,4
DA:111,3
DA:116,1
DA:118,2
DA:119,2
DA:120,2
DA:124,48
DA:125,23
DA:126,4
DA:127,4
DA:128,3
DA:134,20
DA:135,2
DA:137,18
DA:138,43
DA:139,42
DA:140,42
DA:141,6
DA:147,12
DA:151,1
LF:62
LH:57
BRDA:21,0,0,0
BRDA:21,0,1,18
BRDA:21,1,0,18
BRDA:21,1,1,18
BRDA:21,1,2,18
BRDA:29,2,0,1
BRDA:29,2,1,17
BRDA:29,3,0,18
BRDA:29,3,1,17
BRDA:37,4,0,2
BRDA:37,4,1,15
BRDA:49,5,0,0
BRDA:49,5,1,18
BRDA:49,6,0,18
BRDA:49,6,1,18
BRDA:49,6,2,18
BRDA:52,7,0,0
BRDA:52,7,1,18
BRDA:70,8,0,134
BRDA:70,8,1,136
BRDA:72,9,0,37
BRDA:72,9,1,97
BRDA:86,10,0,0
BRDA:86,10,1,3
BRDA:91,11,0,0
BRDA:91,11,1,6
BRDA:91,12,0,6
BRDA:91,12,1,6
BRDA:91,12,2,6
BRDA:96,13,0,3
BRDA:96,13,1,3
BRDA:107,14,0,1
BRDA:110,15,0,3
BRDA:110,15,1,1
BRDA:110,16,0,4
BRDA:110,16,1,2
BRDA:110,16,2,1
BRDA:125,17,0,4
BRDA:125,17,1,19
BRDA:127,18,0,3
BRDA:127,18,1,1
BRDA:134,19,0,2
BRDA:134,19,1,18
BRDA:134,20,0,20
BRDA:134,20,1,19
BRDA:134,20,2,18
BRDA:134,20,3,2
BRDA:138,21,0,1
BRDA:138,21,1,42
BRDA:140,22,0,6
BRDA:140,22,1,36
BRF:51
BRH:46
end_of_record
TN:
SF:src/validators/DateValidator.js
FN:4,(anonymous_0)
FN:9,(anonymous_1)
FN:19,(anonymous_2)
FN:20,(anonymous_3)
FN:32,(anonymous_4)
FN:33,(anonymous_5)
FN:45,(anonymous_6)
FN:46,(anonymous_7)
FNF:8
FNH:8
FNDA:6,(anonymous_0)
FNDA:15,(anonymous_1)
FNDA:1,(anonymous_2)
FNDA:3,(anonymous_3)
FNDA:1,(anonymous_4)
FNDA:3,(anonymous_5)
FNDA:1,(anonymous_6)
FNDA:1,(anonymous_7)
DA:1,1
DA:5,6
DA:6,6
DA:10,15
DA:11,6
DA:16,9
DA:20,1
DA:21,3
DA:22,1
DA:27,2
DA:29,1
DA:33,1
DA:34,3
DA:35,1
DA:40,2
DA:42,1
DA:46,1
DA:47,1
DA:48,0
DA:53,1
DA:55,1
DA:59,1
LF:22
LH:21
BRDA:10,0,0,6
BRDA:10,0,1,9
BRDA:10,1,0,15
BRDA:10,1,1,10
BRDA:21,2,0,1
BRDA:21,2,1,2
BRDA:34,3,0,1
BRDA:34,3,1,2
BRDA:47,4,0,0
BRDA:47,4,1,1
BRDA:47,5,0,1
BRDA:47,5,1,1
BRF:12
BRH:11
end_of_record
TN:
SF:src/validators/EmailValidator.js
FN:4,(anonymous_0)
FN:8,(anonymous_1)
FNF:2
FNH:2
FNDA:4,(anonymous_0)
FNDA:8,(anonymous_1)
DA:1,1
DA:5,4
DA:7,4
DA:8,4
DA:9,8
DA:10,4
DA:15,4
DA:20,1
LF:8
LH:8
BRDA:9,0,0,4
BRDA:9,0,1,4
BRF:2
BRH:2
end_of_record
TN:
SF:src/validators/IPAddressValidator.js
FN:4,(anonymous_0)
FN:7,(anonymous_1)
FN:15,(anonymous_2)
FN:42,(anonymous_3)
FN:56,(anonymous_4)
FN:58,(anonymous_5)
FN:85,(anonymous_6)
FN:87,(anonymous_7)
FN:103,(anonymous_8)
FN:105,(anonymous_9)
FN:106,(anonymous_10)
FN:120,(anonymous_11)
FN:122,(anonymous_12)
FN:123,(anonymous_13)
FN:134,(anonymous_14)
FN:136,(anonymous_15)
FNF:16
FNH:16
FNDA:17,(anonymous_0)
FNDA:17,(anonymous_1)
FNDA:24,(anonymous_2)
FNDA:24,(anonymous_3)
FNDA:3,(anonymous_4)
FNDA:3,(anonymous_5)
FNDA:6,(anonymous_6)
FNDA:3,(anonymous_7)
FNDA:3,(anonymous_8)
FNDA:6,(anonymous_9)
FNDA:7,(anonymous_10)
FNDA:1,(anonymous_11)
FNDA:2,(anonymous_12)
FNDA:3,(anonymous_13)
FNDA:32,(anonymous_14)
FNDA:66,(anonymous_15)
DA:1,1
DA:5,17
DA:7,17
DA:9,17
DA:11,17
DA:13,17
DA:15,17
DA:16,24
DA:17,3
DA:19,21
DA:20,6
DA:26,15
DA:27,10
DA:28,10
DA:29,36
DA:30,36
DA:31,3
DA:38,12
DA:43,24
DA:44,3
DA:46,21
DA:47,0
DA:52,21
DA:57,3
DA:58,3
DA:59,3
DA:60,0
DA:63,3
DA:64,1
DA:69,2
DA:70,2
DA:71,8
DA:72,8
DA:73,0
DA:79,2
DA:81,3
DA:86,6
DA:87,6
DA:88,3
DA:89,0
DA:92,3
DA:93,1
DA:98,2
DA:100,6
DA:105,6
DA:106,3
DA:107,7
DA:108,6
DA:113,1
DA:115,3
DA:116,3
DA:117,3
DA:122,2
DA:123,1
DA:124,3
DA:125,3
DA:127,0
DA:129,1
DA:130,1
DA:131,1
DA:136,66
DA:137,32
DA:138,10
DA:139,10
DA:140,6
DA:147,26
DA:148,2
DA:151,24
DA:152,58
DA:153,54
DA:154,54
DA:155,11
DA:161,13
DA:165,1
LF:74
LH:69
BRDA:16,0,0,3
BRDA:16,0,1,21
BRDA:16,1,0,24
BRDA:16,1,1,23
BRDA:16,1,2,22
BRDA:19,2,0,6
BRDA:19,2,1,15
BRDA:19,3,0,21
BRDA:19,3,1,11
BRDA:26,4,0,10
BRDA:26,4,1,5
BRDA:30,5,0,3
BRDA:30,5,1,33
BRDA:30,6,0,36
BRDA:30,6,1,36
BRDA:43,7,0,3
BRDA:43,7,1,21
BRDA:43,8,0,24
BRDA:43,8,1,23
BRDA:43,8,2,22
BRDA:46,9,0,0
BRDA:46,9,1,21
BRDA:59,10,0,0
BRDA:59,10,1,3
BRDA:59,11,0,3
BRDA:59,11,1,3
BRDA:63,12,0,1
BRDA:63,12,1,2
BRDA:72,13,0,0
BRDA:72,13,1,8
BRDA:72,14,0,8
BRDA:72,14,1,8
BRDA:88,15,0,0
BRDA:88,15,1,3
BRDA:88,16,0,3
BRDA:88,16,1,3
BRDA:92,17,0,1
BRDA:92,17,1,2
BRDA:103,18,0,2
BRDA:107,19,0,6
BRDA:107,19,1,1
BRDA:107,20,0,7
BRDA:107,20,1,4
BRDA:107,20,2,2
BRDA:124,21,0,3
BRDA:124,21,1,0
BRDA:124,22,0,3
BRDA:124,22,1,2
BRDA:124,22,2,1
BRDA:137,23,0,10
BRDA:137,23,1,22
BRDA:139,24,0,6
BRDA:139,24,1,4
BRDA:147,25,0,2
BRDA:147,25,1,24
BRDA:147,26,0,26
BRDA:147,26,1,24
BRDA:147,26,2,22
BRDA:147,26,3,5
BRDA:152,27,0,4
BRDA:152,27,1,54
BRDA:154,28,0,11
BRDA:154,28,1,43
BRF:63
BRH:58
end_of_record
TN:
SF:src/validators/NumberValidator.js
FN:4,(anonymous_0)
FN:9,(anonymous_1)
FN:19,(anonymous_2)
FN:20,(anonymous_3)
FN:32,(anonymous_4)
FN:33,(anonymous_5)
FN:45,(anonymous_6)
FN:46,(anonymous_7)
FN:58,(anonymous_8)
FN:59,(anonymous_9)
FN:71,(anonymous_10)
FN:72,(anonymous_11)
FN:84,(anonymous_12)
FN:85,(anonymous_13)
FNF:14
FNH:14
FNDA:12,(anonymous_0)
FNDA:33,(anonymous_1)
FNDA:2,(anonymous_2)
FNDA:9,(anonymous_3)
FNDA:1,(anonymous_4)
FNDA:3,(anonymous_5)
FNDA:1,(anonymous_6)
FNDA:2,(anonymous_7)
FNDA:1,(anonymous_8)
FNDA:3,(anonymous_9)
FNDA:1,(anonymous_10)
FNDA:3,(anonymous_11)
FNDA:3,(anonymous_12)
FNDA:3,(anonymous_13)
DA:1,1
DA:5,12
DA:6,12
DA:10,33
DA:11,8
DA:16,25
DA:20,2
DA:21,9
DA:22,2
DA:27,7
DA:29,2
DA:33,1
DA:34,3
DA:35,1
DA:40,2
DA:42,1
DA:46,1
DA:47,2
DA:48,1
DA:53,1
DA:55,1
DA:59,1
DA:60,3
DA:61,2
DA:66,1
DA:68,1
DA:72,1
DA:73,3
DA:74,2
DA:79,1
DA:81,1
DA:85,3
DA:86,3
DA:87,0
DA:92,3
DA:94,3
DA:98,1
LF:37
LH:36
BRDA:10,0,0,8
BRDA:10,0,1,25
BRDA:10,1,0,33
BRDA:10,1,1,26
BRDA:21,2,0,2
BRDA:21,2,1,7
BRDA:34,3,0,1
BRDA:34,3,1,2
BRDA:47,4,0,1
BRDA:47,4,1,1
BRDA:60,5,0,2
BRDA:60,5,1,1
BRDA:73,6,0,2
BRDA:73,6,1,1
BRDA:86,7,0,0
BRDA:86,7,1,3
BRDA:86,8,0,3
BRDA:86,8,1,3
BRF:18
BRH:17
end_of_record
TN:
SF:src/validators/ObjectValidator.js
FN:4,(anonymous_0)
FN:10,(anonymous_1)
FN:13,(anonymous_2)
FNF:3
FNH:3
FNDA:5,(anonymous_0)
FNDA:10,(anonymous_1)
FNDA:10,(anonymous_2)
DA:1,1
DA:5,5
DA:6,5
DA:7,0
DA:9,5
DA:10,10
DA:14,10
DA:15,1
DA:21,9
DA:22,9
DA:23,13
DA:24,13
DA:25,5
DA:29,9
DA:30,5
DA:36,4
DA:40,1
LF:17
LH:16
BRDA:6,0,0,0
BRDA:6,0,1,5
BRDA:6,1,0,5
BRDA:6,1,1,5
BRDA:14,2,0,1
BRDA:14,2,1,9
BRDA:14,3,0,10
BRDA:14,3,1,9
BRDA:14,3,2,9
BRDA:24,4,0,5
BRDA:24,4,1,8
BRDA:29,5,0,5
BRDA:29,5,1,4
BRF:13
BRH:12
end_of_record
TN:
SF:src/validators/PasswordValidator.js
FN:4,(anonymous_0)
FN:7,(anonymous_1)
FN:20,(anonymous_2)
FN:34,(anonymous_3)
FN:35,(anonymous_4)
FN:51,(anonymous_5)
FN:52,(anonymous_6)
FN:68,(anonymous_7)
FN:69,(anonymous_8)
FN:85,(anonymous_9)
FN:86,(anonymous_10)
FN:102,(anonymous_11)
FN:103,(anonymous_12)
FN:119,(anonymous_13)
FN:120,(anonymous_14)
FN:136,(anonymous_15)
FN:137,(anonymous_16)
FN:154,(anonymous_17)
FN:155,(anonymous_18)
FN:191,(anonymous_19)
FN:192,(anonymous_20)
FN:193,(anonymous_21)
FN:207,(anonymous_22)
FN:208,(anonymous_23)
FNF:24
FNH:24
FNDA:19,(anonymous_0)
FNDA:19,(anonymous_1)
FNDA:46,(anonymous_2)
FNDA:6,(anonymous_3)
FNDA:21,(anonymous_4)
FNDA:4,(anonymous_5)
FNDA:11,(anonymous_6)
FNDA:4,(anonymous_7)
FNDA:16,(anonymous_8)
FNDA:4,(anonymous_9)
FNDA:16,(anonymous_10)
FNDA:4,(anonymous_11)
FNDA:13,(anonymous_12)
FNDA:4,(anonymous_13)
FNDA:10,(anonymous_14)
FNDA:4,(anonymous_15)
FNDA:8,(anonymous_16)
FNDA:4,(anonymous_17)
FNDA:9,(anonymous_18)
FNDA:4,(anonymous_19)
FNDA:19,(anonymous_20)
FNDA:19,(anonymous_21)
FNDA:55,(anonymous_22)
FNDA:109,(anonymous_23)
DA:1,1
DA:5,19
DA:7,19
DA:9,19
DA:12,19
DA:21,46
DA:22,0
DA:24,46
DA:25,0
DA:30,46
DA:35,6
DA:36,21
DA:37,0
DA:39,21
DA:40,6
DA:45,15
DA:47,6
DA:52,4
DA:53,11
DA:54,0
DA:56,11
DA:57,3
DA:62,8
DA:64,4
DA:69,4
DA:70,16
DA:71,0
DA:73,16
DA:74,2
DA:79,14
DA:81,4
DA:86,4
DA:87,16
DA:88,0
DA:90,16
DA:91,4
DA:96,12
DA:98,4
DA:103,4
DA:104,13
DA:105,0
DA:107,13
DA:108,4
DA:113,9
DA:115,4
DA:120,4
DA:121,10
DA:122,0
DA:124,10
DA:125,4
DA:130,6
DA:132,4
DA:137,4
DA:138,8
DA:139,0
DA:141,8
DA:142,8
DA:143,2
DA:148,6
DA:150,4
DA:155,4
DA:156,9
DA:157,0
DA:161,9
DA:162,9
DA:163,42
DA:164,42
DA:166,5
DA:174,4
DA:175,4
DA:176,96
DA:177,96
DA:179,0
DA:186,4
DA:188,4
DA:192,19
DA:193,4
DA:194,19
DA:195,6
DA:200,13
DA:202,4
DA:203,4
DA:204,4
DA:208,109
DA:209,55
DA:210,19
DA:211,19
DA:212,6
DA:218,49
DA:219,3
DA:221,46
DA:222,163
DA:223,150
DA:224,150
DA:225,30
DA:231,16
DA:235,1
LF:97
LH:86
BRDA:21,0,0,0
BRDA:21,0,1,46
BRDA:21,1,0,46
BRDA:21,1,1,46
BRDA:21,1,2,46
BRDA:24,2,0,0
BRDA:24,2,1,46
BRDA:36,3,0,0
BRDA:36,3,1,21
BRDA:36,4,0,21
BRDA:36,4,1,21
BRDA:36,4,2,21
BRDA:39,5,0,6
BRDA:39,5,1,15
BRDA:53,6,0,0
BRDA:53,6,1,11
BRDA:53,7,0,11
BRDA:53,7,1,11
BRDA:53,7,2,11
BRDA:56,8,0,3
BRDA:56,8,1,8
BRDA:70,9,0,0
BRDA:70,9,1,16
BRDA:70,10,0,16
BRDA:70,10,1,16
BRDA:70,10,2,16
BRDA:73,11,0,2
BRDA:73,11,1,14
BRDA:87,12,0,0
BRDA:87,12,1,16
BRDA:87,13,0,16
BRDA:87,13,1,16
BRDA:87,13,2,16
BRDA:90,14,0,4
BRDA:90,14,1,12
BRDA:104,15,0,0
BRDA:104,15,1,13
BRDA:104,16,0,13
BRDA:104,16,1,13
BRDA:104,16,2,13
BRDA:107,17,0,4
BRDA:107,17,1,9
BRDA:121,18,0,0
BRDA:121,18,1,10
BRDA:121,19,0,10
BRDA:121,19,1,10
BRDA:121,19,2,10
BRDA:124,20,0,4
BRDA:124,20,1,6
BRDA:136,21,0,0
BRDA:138,22,0,0
BRDA:138,22,1,8
BRDA:138,23,0,8
BRDA:138,23,1,8
BRDA:138,23,2,8
BRDA:142,24,0,2
BRDA:142,24,1,6
BRDA:154,25,0,0
BRDA:156,26,0,0
BRDA:156,26,1,9
BRDA:156,27,0,9
BRDA:156,27,1,9
BRDA:156,27,2,9
BRDA:164,28,0,5
BRDA:164,28,1,37
BRDA:164,29,0,42
BRDA:164,29,1,38
BRDA:177,30,0,0
BRDA:177,30,1,96
BRDA:177,31,0,96
BRDA:177,31,1,96
BRDA:191,32,0,3
BRDA:194,33,0,6
BRDA:194,33,1,13
BRDA:194,34,0,19
BRDA:194,34,1,17
BRDA:194,34,2,15
BRDA:209,35,0,19
BRDA:209,35,1,36
BRDA:211,36,0,6
BRDA:211,36,1,13
BRDA:218,37,0,3
BRDA:218,37,1,46
BRDA:218,38,0,49
BRDA:218,38,1,48
BRDA:218,38,2,47
BRDA:218,38,3,3
BRDA:222,39,0,13
BRDA:222,39,1,150
BRDA:224,40,0,30
BRDA:224,40,1,120
BRF:91
BRH:78
end_of_record
TN:
SF:src/validators/PhoneValidator.js
FN:4,(anonymous_0)
FN:8,(anonymous_1)
FNF:2
FNH:2
FNDA:4,(anonymous_0)
FNDA:10,(anonymous_1)
DA:1,1
DA:5,4
DA:7,4
DA:8,4
DA:9,10
DA:10,4
DA:15,6
DA:20,1
LF:8
LH:8
BRDA:9,0,0,4
BRDA:9,0,1,6
BRF:2
BRH:2
end_of_record
TN:
SF:src/validators/StringValidator.js
FN:4,(anonymous_0)
FN:9,(anonymous_1)
FN:19,(anonymous_2)
FN:20,(anonymous_3)
FN:32,(anonymous_4)
FN:33,(anonymous_5)
FN:45,(anonymous_6)
FN:46,(anonymous_7)
FN:58,(anonymous_8)
FN:59,(anonymous_9)
FNF:10
FNH:10
FNDA:99,(anonymous_0)
FNDA:69,(anonymous_1)
FNDA:1,(anonymous_2)
FNDA:2,(anonymous_3)
FNDA:1,(anonymous_4)
FNDA:2,(anonymous_5)
FNDA:1,(anonymous_6)
FNDA:2,(anonymous_7)
FNDA:9,(anonymous_8)
FNDA:12,(anonymous_9)
DA:1,1
DA:5,99
DA:6,99
DA:10,69
DA:11,13
DA:16,56
DA:20,1
DA:21,2
DA:22,1
DA:27,1
DA:29,1
DA:33,1
DA:34,2
DA:35,1
DA:40,1
DA:42,1
DA:46,1
DA:47,2
DA:48,1
DA:53,1
DA:55,1
DA:59,9
DA:60,12
DA:61,1
DA:66,11
DA:68,9
DA:72,1
LF:27
LH:27
BRDA:10,0,0,13
BRDA:10,0,1,56
BRDA:21,1,0,1
BRDA:21,1,1,1
BRDA:34,2,0,1
BRDA:34,2,1,1
BRDA:47,3,0,1
BRDA:47,3,1,1
BRDA:60,4,0,1
BRDA:60,4,1,11
BRDA:60,5,0,12
BRDA:60,5,1,12
BRDA:60,5,2,12
BRF:13
BRH:13
end_of_record
TN:
SF:src/validators/URLValidator.js
FN:4,(anonymous_0)
FN:8,(anonymous_1)
FN:20,(anonymous_2)
FN:22,(anonymous_3)
FNF:4
FNH:4
FNDA:5,(anonymous_0)
FNDA:11,(anonymous_1)
FNDA:1,(anonymous_2)
FNDA:3,(anonymous_3)
DA:1,1
DA:5,5
DA:7,5
DA:8,5
DA:9,11
DA:10,3
DA:15,8
DA:21,1
DA:22,1
DA:23,3
DA:24,2
DA:29,1
DA:31,1
DA:35,1
LF:14
LH:14
BRDA:9,0,0,3
BRDA:9,0,1,8
BRDA:23,1,0,2
BRDA:23,1,1,1
BRF:4
BRH:4
end_of_record
TN:
SF:src/validators/UUIDValidator.js
FN:4,(anonymous_0)
FN:7,(anonymous_1)
FN:20,(anonymous_2)
FN:34,(anonymous_3)
FN:48,(anonymous_4)
FN:53,(anonymous_5)
FN:69,(anonymous_6)
FN:70,(anonymous_7)
FN:85,(anonymous_8)
FN:86,(anonymous_9)
FN:87,(anonymous_10)
FN:101,(anonymous_11)
FN:102,(anonymous_12)
FNF:13
FNH:13
FNDA:19,(anonymous_0)
FNDA:19,(anonymous_1)
FNDA:27,(anonymous_2)
FNDA:27,(anonymous_3)
FNDA:10,(anonymous_4)
FNDA:13,(anonymous_5)
FNDA:1,(anonymous_6)
FNDA:3,(anonymous_7)
FNDA:2,(anonymous_8)
FNDA:4,(anonymous_9)
FNDA:7,(anonymous_10)
FNDA:36,(anonymous_11)
FNDA:84,(anonymous_12)
DA:1,1
DA:5,19
DA:7,19
DA:9,19
DA:12,19
DA:20,19
DA:21,27
DA:22,0
DA:24,27
DA:25,7
DA:30,20
DA:35,27
DA:36,0
DA:38,27
DA:39,0
DA:44,27
DA:49,10
DA:50,1
DA:53,9
DA:54,13
DA:55,0
DA:57,13
DA:58,8
DA:63,5
DA:65,9
DA:70,1
DA:71,3
DA:72,0
DA:74,3
DA:75,0
DA:80,3
DA:82,1
DA:86,4
DA:87,2
DA:88,7
DA:89,6
DA:94,1
DA:96,2
DA:97,2
DA:98,2
DA:102,84
DA:103,36
DA:104,7
DA:105,7
DA:106,6
DA:112,30
DA:113,3
DA:115,27
DA:116,71
DA:117,70
DA:118,70
DA:119,15
DA:125,12
DA:129,1
LF:54
LH:48
BRDA:21,0,0,0
BRDA:21,0,1,27
BRDA:21,1,0,27
BRDA:21,1,1,27
BRDA:21,1,2,27
BRDA:24,2,0,7
BRDA:24,2,1,20
BRDA:35,3,0,0
BRDA:35,3,1,27
BRDA:35,4,0,27
BRDA:35,4,1,27
BRDA:35,4,2,27
BRDA:38,5,0,0
BRDA:38,5,1,27
BRDA:49,6,0,1
BRDA:49,6,1,9
BRDA:54,7,0,0
BRDA:54,7,1,13
BRDA:54,8,0,13
BRDA:54,8,1,13
BRDA:54,8,2,13
BRDA:57,9,0,8
BRDA:57,9,1,5
BRDA:71,10,0,0
BRDA:71,10,1,3
BRDA:71,11,0,3
BRDA:71,11,1,3
BRDA:71,11,2,3
BRDA:74,12,0,0
BRDA:74,12,1,3
BRDA:85,13,0,1
BRDA:88,14,0,6
BRDA:88,14,1,1
BRDA:88,15,0,7
BRDA:88,15,1,5
BRDA:88,15,2,3
BRDA:103,16,0,7
BRDA:103,16,1,29
BRDA:105,17,0,6
BRDA:105,17,1,1
BRDA:112,18,0,3
BRDA:112,18,1,27
BRDA:112,19,0,30
BRDA:112,19,1,29
BRDA:112,19,2,28
BRDA:112,19,3,3
BRDA:116,20,0,1
BRDA:116,20,1,70
BRDA:118,21,0,15
BRDA:118,21,1,55
BRF:50
BRH:44
end_of_record
