TN:
SF:src/schema.js
FN:17,(anonymous_0)
FN:21,(anonymous_1)
FN:25,(anonymous_2)
FN:29,(anonymous_3)
FN:33,(anonymous_4)
FN:37,(anonymous_5)
FN:41,(anonymous_6)
FN:45,(anonymous_7)
FN:49,(anonymous_8)
FN:53,(anonymous_9)
FN:57,(anonymous_10)
FN:61,(anonymous_11)
FN:65,(anonymous_12)
FNF:13
FNH:13
FNDA:17,(anonymous_0)
FNDA:12,(anonymous_1)
FNDA:4,(anonymous_2)
FNDA:6,(anonymous_3)
FNDA:5,(anonymous_4)
FNDA:7,(anonymous_5)
FNDA:4,(anonymous_6)
FNDA:4,(anonymous_7)
FNDA:5,(anonymous_8)
FNDA:17,(anonymous_9)
FNDA:8,(anonymous_10)
FNDA:19,(anonymous_11)
FNDA:6,(anonymous_12)
DA:1,1
DA:2,1
DA:3,1
DA:4,1
DA:5,1
DA:6,1
DA:7,1
DA:8,1
DA:9,1
DA:10,1
DA:11,1
DA:12,1
DA:13,1
DA:18,17
DA:22,12
DA:26,4
DA:30,6
DA:34,5
DA:38,7
DA:42,4
DA:46,4
DA:50,5
DA:54,17
DA:58,8
DA:62,19
DA:66,6
DA:70,1
LF:27
LH:27
BRF:0
BRH:0
end_of_record
TN:
SF:src/validators/ArrayValidator.js
FN:4,(anonymous_0)
FN:7,(anonymous_1)
FN:10,(anonymous_2)
FN:25,(anonymous_3)
FN:28,(anonymous_4)
FN:45,(anonymous_5)
FN:46,(anonymous_6)
FN:63,(anonymous_7)
FN:64,(anonymous_8)
FN:81,(anonymous_9)
FN:86,(anonymous_10)
FN:91,(anonymous_11)
FNF:12
FNH:12
FNDA:7,(anonymous_0)
FNDA:12,(anonymous_1)
FNDA:12,(anonymous_2)
FNDA:18,(anonymous_3)
FNDA:1,(anonymous_4)
FNDA:1,(anonymous_5)
FNDA:2,(anonymous_6)
FNDA:1,(anonymous_7)
FNDA:2,(anonymous_8)
FNDA:1,(anonymous_9)
FNDA:1,(anonymous_10)
FNDA:1,(anonymous_11)
DA:1,1
DA:5,7
DA:6,7
DA:7,12
DA:11,12
DA:12,0
DA:15,12
DA:16,3
DA:17,3
DA:24,9
DA:25,9
DA:26,18
DA:27,18
DA:28,1
DA:29,1
DA:34,9
DA:35,1
DA:42,8
DA:46,1
DA:47,2
DA:48,0
DA:50,2
DA:51,1
DA:52,1
DA:58,1
DA:60,1
DA:64,1
DA:65,2
DA:66,0
DA:68,2
DA:69,1
DA:70,1
DA:76,1
DA:78,1
DA:82,1
DA:83,1
DA:87,1
DA:88,1
DA:92,1
DA:93,1
DA:97,1
LF:41
LH:38
BRDA:11,0,0,0
BRDA:11,0,1,12
BRDA:11,1,0,12
BRDA:11,1,1,12
BRDA:11,1,2,12
BRDA:15,2,0,3
BRDA:15,2,1,9
BRDA:27,3,0,1
BRDA:27,3,1,17
BRDA:34,4,0,1
BRDA:34,4,1,8
BRDA:47,5,0,0
BRDA:47,5,1,2
BRDA:47,6,0,2
BRDA:47,6,1,2
BRDA:47,6,2,2
BRDA:50,7,0,1
BRDA:50,7,1,1
BRDA:65,8,0,0
BRDA:65,8,1,2
BRDA:65,9,0,2
BRDA:65,9,1,2
BRDA:65,9,2,2
BRDA:68,10,0,1
BRDA:68,10,1,1
BRF:25
BRH:22
end_of_record
TN:
SF:src/validators/BaseValidator.js
FN:2,(anonymous_0)
FN:9,(anonymous_1)
FN:13,(anonymous_2)
FN:28,(anonymous_3)
FN:59,(anonymous_4)
FN:67,(anonymous_5)
FN:72,(anonymous_6)
FNF:7
FNH:6
FNDA:123,(anonymous_0)
FNDA:52,(anonymous_1)
FNDA:0,(anonymous_2)
FNDA:270,(anonymous_3)
FNDA:25,(anonymous_4)
FNDA:13,(anonymous_5)
FNDA:13,(anonymous_6)
DA:3,123
DA:4,123
DA:5,123
DA:6,123
DA:10,52
DA:11,51
DA:12,1
DA:13,1
DA:14,0
DA:15,0
DA:21,0
DA:25,52
DA:29,270
DA:31,270
DA:32,29
DA:35,241
DA:36,32
DA:37,32
DA:40,209
DA:41,368
DA:42,368
DA:43,113
DA:44,12
DA:46,12
DA:48,101
DA:49,36
DA:50,65
DA:51,65
DA:56,197
DA:60,25
DA:61,25
DA:62,21
DA:64,25
DA:68,13
DA:69,13
DA:73,13
DA:74,13
DA:78,1
LF:38
LH:35
BRDA:10,0,0,51
BRDA:10,0,1,1
BRDA:12,1,0,1
BRDA:12,1,1,0
BRDA:12,2,0,1
BRDA:12,2,1,1
BRDA:31,3,0,29
BRDA:31,3,1,241
BRDA:31,4,0,270
BRDA:31,4,1,217
BRDA:31,4,2,204
BRDA:31,4,3,191
BRDA:35,5,0,32
BRDA:35,5,1,209
BRDA:35,6,0,241
BRDA:35,6,1,53
BRDA:35,6,2,39
BRDA:35,6,3,27
BRDA:36,7,0,32
BRDA:36,7,1,32
BRDA:42,8,0,113
BRDA:42,8,1,255
BRDA:42,9,0,368
BRDA:42,9,1,368
BRDA:43,10,0,12
BRDA:43,10,1,101
BRDA:48,11,0,36
BRDA:48,11,1,65
BRDA:50,12,0,65
BRDA:50,12,1,0
BRDA:61,13,0,21
BRDA:61,13,1,4
BRF:32
BRH:30
end_of_record
TN:
SF:src/validators/BooleanValidator.js
FN:4,(anonymous_0)
FN:9,(anonymous_1)
FN:24,(anonymous_2)
FN:29,(anonymous_3)
FN:34,(anonymous_4)
FNF:5
FNH:5
FNDA:4,(anonymous_0)
FNDA:9,(anonymous_1)
FNDA:1,(anonymous_2)
FNDA:1,(anonymous_3)
FNDA:1,(anonymous_4)
DA:1,1
DA:5,4
DA:6,4
DA:10,9
DA:11,0
DA:13,9
DA:14,4
DA:15,4
DA:21,5
DA:25,1
DA:26,1
DA:30,1
DA:31,1
DA:35,1
DA:36,1
DA:40,1
LF:16
LH:15
BRDA:10,0,0,0
BRDA:10,0,1,9
BRDA:10,1,0,9
BRDA:10,1,1,9
BRDA:10,1,2,9
BRDA:13,2,0,4
BRDA:13,2,1,5
BRDA:24,3,0,1
BRF:8
BRH:7
end_of_record
TN:
SF:src/validators/ColorValidator.js
FN:4,(anonymous_0)
FN:8,(anonymous_1)
FN:11,(anonymous_2)
FN:37,(anonymous_3)
FN:53,(anonymous_4)
FN:94,(anonymous_5)
FN:98,(anonymous_6)
FN:102,(anonymous_7)
FN:106,(anonymous_8)
FN:111,(anonymous_9)
FN:116,(anonymous_10)
FNF:11
FNH:9
FNDA:6,(anonymous_0)
FNDA:20,(anonymous_1)
FNDA:20,(anonymous_2)
FNDA:10,(anonymous_3)
FNDA:7,(anonymous_4)
FNDA:1,(anonymous_5)
FNDA:1,(anonymous_6)
FNDA:1,(anonymous_7)
FNDA:1,(anonymous_8)
FNDA:0,(anonymous_9)
FNDA:0,(anonymous_10)
DA:1,1
DA:5,6
DA:6,6
DA:7,6
DA:8,20
DA:12,20
DA:13,0
DA:16,20
DA:17,0
DA:24,20
DA:25,20
DA:26,20
DA:27,5
DA:32,15
DA:33,14
DA:34,14
DA:35,14
DA:36,4
DA:37,10
DA:38,2
DA:40,2
DA:48,11
DA:49,10
DA:50,10
DA:51,10
DA:52,3
DA:53,7
DA:54,2
DA:55,2
DA:56,2
DA:58,0
DA:63,1
DA:71,8
DA:72,7
DA:73,7
DA:74,7
DA:75,4
DA:76,4
DA:79,2
DA:81,2
DA:88,4
DA:95,1
DA:96,0
DA:98,1
DA:99,1
DA:100,0
DA:102,1
DA:103,1
DA:107,1
DA:108,1
DA:112,0
DA:113,0
DA:117,0
DA:118,0
DA:122,1
LF:55
LH:46
BRDA:12,0,0,0
BRDA:12,0,1,20
BRDA:12,1,0,20
BRDA:12,1,1,20
BRDA:12,1,2,20
BRDA:16,2,0,0
BRDA:16,2,1,20
BRDA:24,3,0,20
BRDA:24,3,1,0
BRDA:26,4,0,5
BRDA:26,4,1,15
BRDA:32,5,0,14
BRDA:32,5,1,1
BRDA:35,6,0,4
BRDA:35,6,1,10
BRDA:37,7,0,2
BRDA:37,7,1,2
BRDA:37,8,0,10
BRDA:37,8,1,10
BRDA:48,9,0,10
BRDA:48,9,1,1
BRDA:51,10,0,3
BRDA:51,10,1,7
BRDA:53,11,0,2
BRDA:53,11,1,1
BRDA:53,12,0,7
BRDA:53,12,1,7
BRDA:55,13,0,2
BRDA:55,13,1,0
BRDA:55,14,0,2
BRDA:55,14,1,2
BRDA:71,15,0,7
BRDA:71,15,1,1
BRDA:74,16,0,4
BRDA:74,16,1,3
BRDA:76,17,0,2
BRDA:76,17,1,2
BRDA:76,18,0,4
BRDA:76,18,1,4
BRDA:76,18,2,3
BRDA:76,18,3,3
BRDA:76,18,4,2
BRDA:76,18,5,2
BRDA:95,19,0,0
BRDA:95,19,1,1
BRDA:99,20,0,0
BRDA:99,20,1,1
BRDA:106,21,0,0
BRF:48
BRH:41
end_of_record
TN:
SF:src/validators/CreditCardValidator.js
FN:4,(anonymous_0)
FN:7,(anonymous_1)
FN:20,(anonymous_2)
FN:48,(anonymous_3)
FN:62,(anonymous_4)
FN:85,(anonymous_5)
FN:90,(anonymous_6)
FN:107,(anonymous_7)
FN:108,(anonymous_8)
FN:109,(anonymous_9)
FN:123,(anonymous_10)
FN:124,(anonymous_11)
FNF:12
FNH:12
FNDA:8,(anonymous_0)
FNDA:8,(anonymous_1)
FNDA:18,(anonymous_2)
FNDA:18,(anonymous_3)
FNDA:17,(anonymous_4)
FNDA:3,(anonymous_5)
FNDA:6,(anonymous_6)
FNDA:2,(anonymous_7)
FNDA:4,(anonymous_8)
FNDA:4,(anonymous_9)
FNDA:23,(anonymous_10)
FNDA:48,(anonymous_11)
DA:1,1
DA:5,8
DA:7,8
DA:9,8
DA:12,8
DA:20,8
DA:21,18
DA:22,0
DA:26,18
DA:29,18
DA:30,1
DA:37,17
DA:38,2
DA:44,15
DA:49,18
DA:50,0
DA:52,18
DA:53,0
DA:58,18
DA:63,17
DA:64,17
DA:67,17
DA:68,270
DA:70,270
DA:71,134
DA:72,134
DA:73,37
DA:77,270
DA:78,270
DA:81,17
DA:86,3
DA:87,0
DA:90,3
DA:91,6
DA:92,0
DA:95,6
DA:96,6
DA:97,3
DA:102,3
DA:104,3
DA:108,4
DA:109,2
DA:110,4
DA:111,3
DA:116,1
DA:118,2
DA:119,2
DA:120,2
DA:124,48
DA:125,23
DA:126,4
DA:127,4
DA:128,3
DA:134,20
DA:135,2
DA:137,18
DA:138,43
DA:139,42
DA:140,42
DA:141,6
DA:147,12
DA:151,1
LF:62
LH:57
BRDA:21,0,0,0
BRDA:21,0,1,18
BRDA:21,1,0,18
BRDA:21,1,1,18
BRDA:21,1,2,18
BRDA:29,2,0,1
BRDA:29,2,1,17
BRDA:29,3,0,18
BRDA:29,3,1,17
BRDA:37,4,0,2
BRDA:37,4,1,15
BRDA:49,5,0,0
BRDA:49,5,1,18
BRDA:49,6,0,18
BRDA:49,6,1,18
BRDA:49,6,2,18
BRDA:52,7,0,0
BRDA:52,7,1,18
BRDA:70,8,0,134
BRDA:70,8,1,136
BRDA:72,9,0,37
BRDA:72,9,1,97
BRDA:86,10,0,0
BRDA:86,10,1,3
BRDA:91,11,0,0
BRDA:91,11,1,6
BRDA:91,12,0,6
BRDA:91,12,1,6
BRDA:91,12,2,6
BRDA:96,13,0,3
BRDA:96,13,1,3
BRDA:107,14,0,1
BRDA:110,15,0,3
BRDA:110,15,1,1
BRDA:110,16,0,4
BRDA:110,16,1,2
BRDA:110,16,2,1
BRDA:125,17,0,4
BRDA:125,17,1,19
BRDA:127,18,0,3
BRDA:127,18,1,1
BRDA:134,19,0,2
BRDA:134,19,1,18
BRDA:134,20,0,20
BRDA:134,20,1,19
BRDA:134,20,2,18
BRDA:134,20,3,2
BRDA:138,21,0,1
BRDA:138,21,1,42
BRDA:140,22,0,6
BRDA:140,22,1,36
BRF:51
BRH:46
end_of_record
TN:
SF:src/validators/DateValidator.js
FN:4,(anonymous_0)
FN:9,(anonymous_1)
FN:24,(anonymous_2)
FN:25,(anonymous_3)
FN:42,(anonymous_4)
FN:43,(anonymous_5)
FN:60,(anonymous_6)
FN:65,(anonymous_7)
FN:70,(anonymous_8)
FNF:9
FNH:9
FNDA:6,(anonymous_0)
FNDA:13,(anonymous_1)
FNDA:1,(anonymous_2)
FNDA:3,(anonymous_3)
FNDA:1,(anonymous_4)
FNDA:3,(anonymous_5)
FNDA:1,(anonymous_6)
FNDA:1,(anonymous_7)
FNDA:1,(anonymous_8)
DA:1,1
DA:5,6
DA:6,6
DA:10,13
DA:11,0
DA:13,13
DA:14,4
DA:15,4
DA:21,9
DA:25,1
DA:26,3
DA:27,0
DA:29,3
DA:30,1
DA:31,1
DA:37,2
DA:39,1
DA:43,1
DA:44,3
DA:45,0
DA:47,3
DA:48,1
DA:49,1
DA:55,2
DA:57,1
DA:61,1
DA:62,1
DA:66,1
DA:67,1
DA:71,1
DA:72,1
DA:76,1
LF:32
LH:29
BRDA:10,0,0,0
BRDA:10,0,1,13
BRDA:10,1,0,13
BRDA:10,1,1,13
BRDA:10,1,2,13
BRDA:13,2,0,4
BRDA:13,2,1,9
BRDA:13,3,0,13
BRDA:13,3,1,10
BRDA:26,4,0,0
BRDA:26,4,1,3
BRDA:26,5,0,3
BRDA:26,5,1,3
BRDA:26,5,2,3
BRDA:29,6,0,1
BRDA:29,6,1,2
BRDA:44,7,0,0
BRDA:44,7,1,3
BRDA:44,8,0,3
BRDA:44,8,1,3
BRDA:44,8,2,3
BRDA:47,9,0,1
BRDA:47,9,1,2
BRDA:60,10,0,1
BRF:24
BRH:21
end_of_record
TN:
SF:src/validators/EmailValidator.js
FN:4,(anonymous_0)
FN:7,(anonymous_1)
FN:13,(anonymous_2)
FN:29,(anonymous_3)
FN:44,(anonymous_4)
FN:49,(anonymous_5)
FN:54,(anonymous_6)
FNF:7
FNH:7
FNDA:4,(anonymous_0)
FNDA:4,(anonymous_1)
FNDA:8,(anonymous_2)
FNDA:8,(anonymous_3)
FNDA:1,(anonymous_4)
FNDA:1,(anonymous_5)
FNDA:1,(anonymous_6)
DA:1,1
DA:5,4
DA:7,4
DA:9,4
DA:12,4
DA:13,4
DA:14,8
DA:15,0
DA:17,8
DA:18,4
DA:19,4
DA:25,4
DA:30,8
DA:31,0
DA:33,8
DA:34,0
DA:35,0
DA:41,8
DA:45,1
DA:46,1
DA:50,1
DA:51,1
DA:55,1
DA:56,1
DA:60,1
LF:25
LH:21
BRDA:14,0,0,0
BRDA:14,0,1,8
BRDA:14,1,0,8
BRDA:14,1,1,8
BRDA:14,1,2,8
BRDA:17,2,0,4
BRDA:17,2,1,4
BRDA:30,3,0,0
BRDA:30,3,1,8
BRDA:30,4,0,8
BRDA:30,4,1,8
BRDA:30,4,2,8
BRDA:33,5,0,0
BRDA:33,5,1,8
BRDA:44,6,0,1
BRF:15
BRH:12
end_of_record
TN:
SF:src/validators/IPAddressValidator.js
FN:4,(anonymous_0)
FN:8,(anonymous_1)
FN:11,(anonymous_2)
FN:42,(anonymous_3)
FN:77,(anonymous_4)
FN:100,(anonymous_5)
FN:106,(anonymous_6)
FN:112,(anonymous_7)
FN:117,(anonymous_8)
FN:122,(anonymous_9)
FNF:10
FNH:10
FNDA:17,(anonymous_0)
FNDA:21,(anonymous_1)
FNDA:21,(anonymous_2)
FNDA:14,(anonymous_3)
FNDA:12,(anonymous_4)
FNDA:3,(anonymous_5)
FNDA:6,(anonymous_6)
FNDA:3,(anonymous_7)
FNDA:1,(anonymous_8)
FNDA:1,(anonymous_9)
DA:1,1
DA:5,17
DA:6,17
DA:7,17
DA:8,21
DA:12,21
DA:13,0
DA:16,21
DA:17,0
DA:18,0
DA:24,21
DA:25,5
DA:28,16
DA:29,7
DA:33,9
DA:34,9
DA:35,4
DA:39,5
DA:43,14
DA:44,14
DA:46,14
DA:47,5
DA:48,5
DA:54,9
DA:55,31
DA:57,31
DA:58,1
DA:59,1
DA:64,30
DA:65,30
DA:66,3
DA:67,3
DA:74,5
DA:78,12
DA:81,12
DA:82,1
DA:83,1
DA:89,11
DA:90,8
DA:91,8
DA:97,3
DA:101,3
DA:102,3
DA:103,3
DA:107,6
DA:108,6
DA:109,6
DA:113,3
DA:114,3
DA:118,1
DA:119,1
DA:123,1
DA:124,1
DA:128,1
LF:54
LH:51
BRDA:12,0,0,0
BRDA:12,0,1,21
BRDA:12,1,0,21
BRDA:12,1,1,21
BRDA:12,1,2,21
BRDA:16,2,0,0
BRDA:16,2,1,21
BRDA:24,3,0,5
BRDA:24,3,1,16
BRDA:28,4,0,7
BRDA:28,4,1,9
BRDA:34,5,0,4
BRDA:34,5,1,5
BRDA:46,6,0,5
BRDA:46,6,1,9
BRDA:57,7,0,1
BRDA:57,7,1,30
BRDA:57,8,0,31
BRDA:57,8,1,20
BRDA:65,9,0,3
BRDA:65,9,1,27
BRDA:65,10,0,30
BRDA:65,10,1,30
BRDA:81,11,0,1
BRDA:81,11,1,11
BRDA:81,12,0,12
BRDA:81,12,1,11
BRDA:89,13,0,8
BRDA:89,13,1,3
BRDA:112,14,0,2
BRF:30
BRH:28
end_of_record
TN:
SF:src/validators/NumberValidator.js
FN:4,(anonymous_0)
FN:9,(anonymous_1)
FN:23,(anonymous_2)
FN:24,(anonymous_3)
FN:41,(anonymous_4)
FN:42,(anonymous_5)
FN:59,(anonymous_6)
FN:60,(anonymous_7)
FN:77,(anonymous_8)
FN:78,(anonymous_9)
FN:95,(anonymous_10)
FN:96,(anonymous_11)
FN:113,(anonymous_12)
FN:118,(anonymous_13)
FN:123,(anonymous_14)
FNF:15
FNH:15
FNDA:12,(anonymous_0)
FNDA:29,(anonymous_1)
FNDA:2,(anonymous_2)
FNDA:9,(anonymous_3)
FNDA:1,(anonymous_4)
FNDA:3,(anonymous_5)
FNDA:1,(anonymous_6)
FNDA:2,(anonymous_7)
FNDA:1,(anonymous_8)
FNDA:3,(anonymous_9)
FNDA:1,(anonymous_10)
FNDA:3,(anonymous_11)
FNDA:3,(anonymous_12)
FNDA:1,(anonymous_13)
FNDA:1,(anonymous_14)
DA:1,1
DA:5,12
DA:6,12
DA:10,29
DA:11,0
DA:13,29
DA:14,4
DA:20,25
DA:24,2
DA:25,9
DA:26,0
DA:28,9
DA:29,2
DA:30,2
DA:36,7
DA:38,2
DA:42,1
DA:43,3
DA:44,0
DA:46,3
DA:47,1
DA:48,1
DA:54,2
DA:56,1
DA:60,1
DA:61,2
DA:62,0
DA:64,2
DA:65,1
DA:66,1
DA:72,1
DA:74,1
DA:78,1
DA:79,3
DA:80,0
DA:82,3
DA:83,2
DA:84,2
DA:90,1
DA:92,1
DA:96,1
DA:97,3
DA:98,0
DA:100,3
DA:101,2
DA:102,2
DA:108,1
DA:110,1
DA:114,3
DA:115,3
DA:119,1
DA:120,1
DA:124,1
DA:125,1
DA:129,1
LF:55
LH:49
BRDA:10,0,0,0
BRDA:10,0,1,29
BRDA:10,1,0,29
BRDA:10,1,1,29
BRDA:10,1,2,29
BRDA:13,2,0,4
BRDA:13,2,1,25
BRDA:13,3,0,29
BRDA:13,3,1,26
BRDA:25,4,0,0
BRDA:25,4,1,9
BRDA:25,5,0,9
BRDA:25,5,1,9
BRDA:25,5,2,9
BRDA:28,6,0,2
BRDA:28,6,1,7
BRDA:43,7,0,0
BRDA:43,7,1,3
BRDA:43,8,0,3
BRDA:43,8,1,3
BRDA:43,8,2,3
BRDA:46,9,0,1
BRDA:46,9,1,2
BRDA:61,10,0,0
BRDA:61,10,1,2
BRDA:61,11,0,2
BRDA:61,11,1,2
BRDA:61,11,2,2
BRDA:64,12,0,1
BRDA:64,12,1,1
BRDA:79,13,0,0
BRDA:79,13,1,3
BRDA:79,14,0,3
BRDA:79,14,1,3
BRDA:79,14,2,3
BRDA:82,15,0,2
BRDA:82,15,1,1
BRDA:97,16,0,0
BRDA:97,16,1,3
BRDA:97,17,0,3
BRDA:97,17,1,3
BRDA:97,17,2,3
BRDA:100,18,0,2
BRDA:100,18,1,1
BRDA:113,19,0,3
BRF:45
BRH:39
end_of_record
TN:
SF:src/validators/ObjectValidator.js
FN:4,(anonymous_0)
FN:7,(anonymous_1)
FN:10,(anonymous_2)
FN:50,(anonymous_3)
FN:55,(anonymous_4)
FN:60,(anonymous_5)
FNF:6
FNH:5
FNDA:5,(anonymous_0)
FNDA:9,(anonymous_1)
FNDA:9,(anonymous_2)
FNDA:0,(anonymous_3)
FNDA:1,(anonymous_4)
FNDA:1,(anonymous_5)
DA:1,1
DA:5,5
DA:6,5
DA:7,9
DA:11,9
DA:12,0
DA:15,9
DA:16,0
DA:17,0
DA:24,9
DA:25,9
DA:26,13
DA:27,4
DA:28,4
DA:30,4
DA:33,9
DA:34,9
DA:35,1
DA:39,9
DA:40,5
DA:47,4
DA:51,0
DA:52,0
DA:56,1
DA:57,1
DA:61,1
DA:62,1
DA:66,1
LF:28
LH:23
BRDA:11,0,0,0
BRDA:11,0,1,9
BRDA:11,1,0,9
BRDA:11,1,1,9
BRDA:11,1,2,9
BRDA:15,2,0,0
BRDA:15,2,1,9
BRDA:15,3,0,9
BRDA:15,3,1,9
BRDA:26,4,0,4
BRDA:26,4,1,9
BRDA:27,5,0,4
BRDA:27,5,1,0
BRDA:34,6,0,1
BRDA:34,6,1,8
BRDA:39,7,0,5
BRDA:39,7,1,4
BRF:17
BRH:14
end_of_record
TN:
SF:src/validators/PasswordValidator.js
FN:4,(anonymous_0)
FN:6,(anonymous_1)
FN:14,(anonymous_2)
FN:15,(anonymous_3)
FN:30,(anonymous_4)
FN:31,(anonymous_5)
FN:46,(anonymous_6)
FN:47,(anonymous_7)
FN:62,(anonymous_8)
FN:63,(anonymous_9)
FN:78,(anonymous_10)
FN:79,(anonymous_11)
FN:94,(anonymous_12)
FN:95,(anonymous_13)
FN:110,(anonymous_14)
FN:111,(anonymous_15)
FN:128,(anonymous_16)
FN:129,(anonymous_17)
FN:155,(anonymous_18)
FN:160,(anonymous_19)
FN:165,(anonymous_20)
FNF:21
FNH:21
FNDA:19,(anonymous_0)
FNDA:36,(anonymous_1)
FNDA:6,(anonymous_2)
FNDA:15,(anonymous_3)
FNDA:4,(anonymous_4)
FNDA:13,(anonymous_5)
FNDA:4,(anonymous_6)
FNDA:12,(anonymous_7)
FNDA:3,(anonymous_8)
FNDA:11,(anonymous_9)
FNDA:3,(anonymous_10)
FNDA:11,(anonymous_11)
FNDA:3,(anonymous_12)
FNDA:11,(anonymous_13)
FNDA:3,(anonymous_14)
FNDA:9,(anonymous_15)
FNDA:3,(anonymous_16)
FNDA:8,(anonymous_17)
FNDA:3,(anonymous_18)
FNDA:1,(anonymous_19)
FNDA:1,(anonymous_20)
DA:1,1
DA:5,19
DA:6,19
DA:7,36
DA:8,0
DA:10,36
DA:15,6
DA:16,15
DA:17,0
DA:19,15
DA:20,6
DA:25,9
DA:27,6
DA:31,4
DA:32,13
DA:33,0
DA:35,13
DA:36,3
DA:41,10
DA:43,4
DA:47,4
DA:48,12
DA:49,0
DA:51,12
DA:52,5
DA:57,7
DA:59,4
DA:63,3
DA:64,11
DA:65,0
DA:67,11
DA:68,2
DA:73,9
DA:75,3
DA:79,3
DA:80,11
DA:81,0
DA:83,11
DA:84,6
DA:89,5
DA:91,3
DA:95,3
DA:96,11
DA:97,0
DA:99,11
DA:100,8
DA:105,3
DA:107,3
DA:111,3
DA:112,9
DA:113,0
DA:115,9
DA:116,9
DA:117,9
DA:118,3
DA:123,6
DA:125,3
DA:129,3
DA:130,8
DA:131,0
DA:133,8
DA:139,8
DA:140,24
DA:141,358
DA:142,358
DA:143,4
DA:150,4
DA:152,3
DA:156,3
DA:157,3
DA:161,1
DA:162,1
DA:166,1
DA:167,1
DA:171,1
LF:75
LH:66
BRDA:7,0,0,0
BRDA:7,0,1,36
BRDA:16,1,0,0
BRDA:16,1,1,15
BRDA:16,2,0,15
BRDA:16,2,1,15
BRDA:16,2,2,15
BRDA:19,3,0,6
BRDA:19,3,1,9
BRDA:32,4,0,0
BRDA:32,4,1,13
BRDA:32,5,0,13
BRDA:32,5,1,13
BRDA:32,5,2,13
BRDA:35,6,0,3
BRDA:35,6,1,10
BRDA:48,7,0,0
BRDA:48,7,1,12
BRDA:48,8,0,12
BRDA:48,8,1,12
BRDA:48,8,2,12
BRDA:51,9,0,5
BRDA:51,9,1,7
BRDA:64,10,0,0
BRDA:64,10,1,11
BRDA:64,11,0,11
BRDA:64,11,1,11
BRDA:64,11,2,11
BRDA:67,12,0,2
BRDA:67,12,1,9
BRDA:80,13,0,0
BRDA:80,13,1,11
BRDA:80,14,0,11
BRDA:80,14,1,11
BRDA:80,14,2,11
BRDA:83,15,0,6
BRDA:83,15,1,5
BRDA:96,16,0,0
BRDA:96,16,1,11
BRDA:96,17,0,11
BRDA:96,17,1,11
BRDA:96,17,2,11
BRDA:99,18,0,8
BRDA:99,18,1,3
BRDA:110,19,0,0
BRDA:112,20,0,0
BRDA:112,20,1,9
BRDA:112,21,0,9
BRDA:112,21,1,9
BRDA:112,21,2,9
BRDA:117,22,0,3
BRDA:117,22,1,6
BRDA:128,23,0,0
BRDA:130,24,0,0
BRDA:130,24,1,8
BRDA:130,25,0,8
BRDA:130,25,1,8
BRDA:130,25,2,8
BRDA:142,26,0,4
BRDA:142,26,1,354
BRDA:155,27,0,2
BRF:61
BRH:50
end_of_record
TN:
SF:src/validators/PhoneValidator.js
FN:4,(anonymous_0)
FN:8,(anonymous_1)
FNF:2
FNH:2
FNDA:4,(anonymous_0)
FNDA:10,(anonymous_1)
DA:1,1
DA:5,4
DA:7,4
DA:8,4
DA:9,10
DA:10,4
DA:15,6
DA:20,1
LF:8
LH:8
BRDA:9,0,0,4
BRDA:9,0,1,6
BRF:2
BRH:2
end_of_record
TN:
SF:src/validators/StringValidator.js
FN:4,(anonymous_0)
FN:9,(anonymous_1)
FN:24,(anonymous_2)
FN:25,(anonymous_3)
FN:42,(anonymous_4)
FN:43,(anonymous_5)
FN:60,(anonymous_6)
FN:61,(anonymous_7)
FN:78,(anonymous_8)
FN:83,(anonymous_9)
FN:88,(anonymous_10)
FNF:11
FNH:11
FNDA:38,(anonymous_0)
FNDA:39,(anonymous_1)
FNDA:1,(anonymous_2)
FNDA:2,(anonymous_3)
FNDA:1,(anonymous_4)
FNDA:2,(anonymous_5)
FNDA:1,(anonymous_6)
FNDA:2,(anonymous_7)
FNDA:9,(anonymous_8)
FNDA:4,(anonymous_9)
FNDA:4,(anonymous_10)
DA:1,1
DA:5,38
DA:6,38
DA:10,39
DA:11,0
DA:13,39
DA:14,3
DA:15,3
DA:21,36
DA:25,1
DA:26,2
DA:27,0
DA:29,2
DA:30,1
DA:31,1
DA:37,1
DA:39,1
DA:43,1
DA:44,2
DA:45,0
DA:47,2
DA:48,1
DA:49,1
DA:55,1
DA:57,1
DA:61,1
DA:62,2
DA:63,0
DA:65,2
DA:66,1
DA:67,1
DA:73,1
DA:75,1
DA:79,9
DA:80,9
DA:84,4
DA:85,4
DA:89,4
DA:90,4
DA:94,1
LF:40
LH:36
BRDA:10,0,0,0
BRDA:10,0,1,39
BRDA:10,1,0,39
BRDA:10,1,1,39
BRDA:10,1,2,39
BRDA:13,2,0,3
BRDA:13,2,1,36
BRDA:26,3,0,0
BRDA:26,3,1,2
BRDA:26,4,0,2
BRDA:26,4,1,2
BRDA:26,4,2,2
BRDA:29,5,0,1
BRDA:29,5,1,1
BRDA:44,6,0,0
BRDA:44,6,1,2
BRDA:44,7,0,2
BRDA:44,7,1,2
BRDA:44,7,2,2
BRDA:47,8,0,1
BRDA:47,8,1,1
BRDA:62,9,0,0
BRDA:62,9,1,2
BRDA:62,10,0,2
BRDA:62,10,1,2
BRDA:62,10,2,2
BRDA:65,11,0,1
BRDA:65,11,1,1
BRDA:78,12,0,7
BRF:29
BRH:25
end_of_record
TN:
SF:src/validators/URLValidator.js
FN:4,(anonymous_0)
FN:7,(anonymous_1)
FN:13,(anonymous_2)
FN:27,(anonymous_3)
FN:41,(anonymous_4)
FN:43,(anonymous_5)
FN:58,(anonymous_6)
FN:63,(anonymous_7)
FN:68,(anonymous_8)
FNF:9
FNH:9
FNDA:5,(anonymous_0)
FNDA:5,(anonymous_1)
FNDA:11,(anonymous_2)
FNDA:11,(anonymous_3)
FNDA:1,(anonymous_4)
FNDA:3,(anonymous_5)
FNDA:1,(anonymous_6)
FNDA:1,(anonymous_7)
FNDA:1,(anonymous_8)
DA:1,1
DA:5,5
DA:7,5
DA:9,5
DA:12,5
DA:13,5
DA:14,11
DA:15,0
DA:17,11
DA:18,3
DA:23,8
DA:28,11
DA:29,0
DA:31,11
DA:32,0
DA:37,11
DA:42,1
DA:43,1
DA:44,3
DA:45,0
DA:47,3
DA:48,2
DA:53,1
DA:55,1
DA:59,1
DA:60,1
DA:64,1
DA:65,1
DA:69,1
DA:70,1
DA:74,1
LF:31
LH:27
BRDA:14,0,0,0
BRDA:14,0,1,11
BRDA:14,1,0,11
BRDA:14,1,1,11
BRDA:14,1,2,11
BRDA:17,2,0,3
BRDA:17,2,1,8
BRDA:28,3,0,0
BRDA:28,3,1,11
BRDA:28,4,0,11
BRDA:28,4,1,11
BRDA:28,4,2,11
BRDA:31,5,0,0
BRDA:31,5,1,11
BRDA:44,6,0,0
BRDA:44,6,1,3
BRDA:44,7,0,3
BRDA:44,7,1,3
BRDA:44,7,2,3
BRDA:47,8,0,2
BRDA:47,8,1,1
BRDA:58,9,0,1
BRF:22
BRH:18
end_of_record
